[0.470s] Invoking command in '/home/jakub/wtf_ws/build/wtf': PYTHONPATH=/home/jakub/wtf_ws/build/wtf/prefix_override:/home/jakub/wtf_ws/install/wtf/lib/python3.8/site-packages:${PYTHONPATH} /usr/bin/python3 setup.py develop --uninstall --editable --build-directory /home/jakub/wtf_ws/build/wtf/build
[0.543s] /home/jakub/.local/lib/python3.8/site-packages/setuptools/dist.py:744: SetuptoolsDeprecationWarning: Invalid dash-separated options
[0.543s] !!
[0.543s] 
[0.543s]         ********************************************************************************
[0.543s]         Usage of dash-separated 'script-dir' will not be supported in future
[0.543s]         versions. Please use the underscore name 'script_dir' instead.
[0.543s] 
[0.543s]         By 2023-Sep-26, you need to update your project and remove deprecated calls
[0.543s]         or your builds will no longer be supported.
[0.543s] 
[0.543s]         See https://setuptools.pypa.io/en/latest/userguide/declarative_config.html for details.
[0.543s]         ********************************************************************************
[0.543s] 
[0.543s] !!
[0.543s]   opt = self.warn_dash_deprecation(opt, section)
[0.642s] running develop
[0.644s] /home/jakub/.local/lib/python3.8/site-packages/setuptools/command/develop.py:40: EasyInstallDeprecationWarning: easy_install command is deprecated.
[0.644s] !!
[0.645s] 
[0.645s]         ********************************************************************************
[0.645s]         Please avoid running ``setup.py`` and ``easy_install``.
[0.645s]         Instead, use pypa/build, pypa/installer or other
[0.645s]         standards-based tools.
[0.645s] 
[0.645s]         See https://github.com/pypa/setuptools/issues/917 for details.
[0.645s]         ********************************************************************************
[0.645s] 
[0.645s] !!
[0.646s]   easy_install.initialize_options(self)
[0.674s] /home/jakub/.local/lib/python3.8/site-packages/setuptools/_distutils/cmd.py:66: SetuptoolsDeprecationWarning: setup.py install is deprecated.
[0.674s] !!
[0.674s] 
[0.674s]         ********************************************************************************
[0.674s]         Please avoid running ``setup.py`` directly.
[0.674s]         Instead, use pypa/build, pypa/installer or other
[0.674s]         standards-based tools.
[0.674s] 
[0.674s]         See https://blog.ganssle.io/articles/2021/10/setup-py-deprecated.html for details.
[0.674s]         ********************************************************************************
[0.674s] 
[0.674s] !!
[0.674s]   self.initialize_options()
[0.779s] Invoked command in '/home/jakub/wtf_ws/build/wtf' returned '0': PYTHONPATH=/home/jakub/wtf_ws/build/wtf/prefix_override:/home/jakub/wtf_ws/install/wtf/lib/python3.8/site-packages:${PYTHONPATH} /usr/bin/python3 setup.py develop --uninstall --editable --build-directory /home/jakub/wtf_ws/build/wtf/build
[0.780s] Invoking command in '/home/jakub/wtf_ws/src/wtf': PYTHONPATH=/home/jakub/wtf_ws/build/wtf/prefix_override:/home/jakub/wtf_ws/install/wtf/lib/python3.8/site-packages:${PYTHONPATH} /usr/bin/python3 setup.py egg_info --egg-base ../../build/wtf build --build-base /home/jakub/wtf_ws/build/wtf/build install --record /home/jakub/wtf_ws/build/wtf/install.log --install-scripts $base/lib/wtf --single-version-externally-managed
[0.847s] /home/jakub/.local/lib/python3.8/site-packages/setuptools/dist.py:744: SetuptoolsDeprecationWarning: Invalid dash-separated options
[0.847s] !!
[0.847s] 
[0.847s]         ********************************************************************************
[0.847s]         Usage of dash-separated 'script-dir' will not be supported in future
[0.848s]         versions. Please use the underscore name 'script_dir' instead.
[0.848s] 
[0.848s]         By 2023-Sep-26, you need to update your project and remove deprecated calls
[0.848s]         or your builds will no longer be supported.
[0.848s] 
[0.848s]         See https://setuptools.pypa.io/en/latest/userguide/declarative_config.html for details.
[0.848s]         ********************************************************************************
[0.848s] 
[0.848s] !!
[0.848s]   opt = self.warn_dash_deprecation(opt, section)
[0.900s] running egg_info
[0.909s] writing ../../build/wtf/wtf.egg-info/PKG-INFO
[0.909s] writing dependency_links to ../../build/wtf/wtf.egg-info/dependency_links.txt
[0.909s] writing entry points to ../../build/wtf/wtf.egg-info/entry_points.txt
[0.909s] writing requirements to ../../build/wtf/wtf.egg-info/requires.txt
[0.909s] writing top-level names to ../../build/wtf/wtf.egg-info/top_level.txt
[0.982s] reading manifest file '../../build/wtf/wtf.egg-info/SOURCES.txt'
[0.983s] writing manifest file '../../build/wtf/wtf.egg-info/SOURCES.txt'
[0.983s] running build
[0.983s] running build_py
[0.983s] running install
[0.983s] /home/jakub/.local/lib/python3.8/site-packages/setuptools/_distutils/cmd.py:66: SetuptoolsDeprecationWarning: setup.py install is deprecated.
[0.983s] !!
[0.983s] 
[0.983s]         ********************************************************************************
[0.983s]         Please avoid running ``setup.py`` directly.
[0.984s]         Instead, use pypa/build, pypa/installer or other
[0.984s]         standards-based tools.
[0.984s] 
[0.984s]         See https://blog.ganssle.io/articles/2021/10/setup-py-deprecated.html for details.
[0.984s]         ********************************************************************************
[0.984s] 
[0.984s] !!
[0.984s]   self.initialize_options()
[0.986s] running install_lib
[0.995s] running install_data
[1.004s] copying rviz/my_config.rviz -> /home/jakub/wtf_ws/install/wtf/share/wtf/rviz
[1.004s] copying rviz/urdf_config.rviz -> /home/jakub/wtf_ws/install/wtf/share/wtf/rviz
[1.004s] running install_egg_info
[1.013s] removing '/home/jakub/wtf_ws/install/wtf/lib/python3.8/site-packages/wtf-0.0.0-py3.8.egg-info' (and everything under it)
[1.013s] Copying ../../build/wtf/wtf.egg-info to /home/jakub/wtf_ws/install/wtf/lib/python3.8/site-packages/wtf-0.0.0-py3.8.egg-info
[1.014s] running install_scripts
[1.040s] Installing scan_publisher script to /home/jakub/wtf_ws/install/wtf/lib/wtf
[1.040s] writing list of installed files to '/home/jakub/wtf_ws/build/wtf/install.log'
[1.054s] Invoked command in '/home/jakub/wtf_ws/src/wtf' returned '0': PYTHONPATH=/home/jakub/wtf_ws/build/wtf/prefix_override:/home/jakub/wtf_ws/install/wtf/lib/python3.8/site-packages:${PYTHONPATH} /usr/bin/python3 setup.py egg_info --egg-base ../../build/wtf build --build-base /home/jakub/wtf_ws/build/wtf/build install --record /home/jakub/wtf_ws/build/wtf/install.log --install-scripts $base/lib/wtf --single-version-externally-managed
