[0.464s] Invoking command in '/home/jakub/wtf_ws/build/wtf': PYTHONPATH=/home/jakub/wtf_ws/build/wtf/prefix_override:/home/jakub/wtf_ws/install/wtf/lib/python3.8/site-packages:${PYTHONPATH} /usr/bin/python3 setup.py develop --uninstall --editable --build-directory /home/jakub/wtf_ws/build/wtf/build
[0.537s] /home/jakub/.local/lib/python3.8/site-packages/setuptools/dist.py:744: SetuptoolsDeprecationWarning: Invalid dash-separated options
[0.537s] !!
[0.537s] 
[0.537s]         ********************************************************************************
[0.537s]         Usage of dash-separated 'script-dir' will not be supported in future
[0.537s]         versions. Please use the underscore name 'script_dir' instead.
[0.538s] 
[0.538s]         By 2023-Sep-26, you need to update your project and remove deprecated calls
[0.538s]         or your builds will no longer be supported.
[0.538s] 
[0.538s]         See https://setuptools.pypa.io/en/latest/userguide/declarative_config.html for details.
[0.538s]         ********************************************************************************
[0.538s] 
[0.538s] !!
[0.538s]   opt = self.warn_dash_deprecation(opt, section)
[0.642s] /home/jakub/.local/lib/python3.8/site-packages/setuptools/command/develop.py:40: EasyInstallDeprecationWarning: easy_install command is deprecated.
[0.642s] !!
[0.642s] 
[0.642s]         ********************************************************************************
[0.642s]         Please avoid running ``setup.py`` and ``easy_install``.
[0.642s]         Instead, use pypa/build, pypa/installer or other
[0.642s]         standards-based tools.
[0.643s] 
[0.643s]         See https://github.com/pypa/setuptools/issues/917 for details.
[0.643s]         ********************************************************************************
[0.643s] 
[0.643s] !!
[0.643s]   easy_install.initialize_options(self)
[0.643s] running develop
[0.661s] /home/jakub/.local/lib/python3.8/site-packages/setuptools/_distutils/cmd.py:66: SetuptoolsDeprecationWarning: setup.py install is deprecated.
[0.661s] !!
[0.661s] 
[0.662s]         ********************************************************************************
[0.662s]         Please avoid running ``setup.py`` directly.
[0.662s]         Instead, use pypa/build, pypa/installer or other
[0.662s]         standards-based tools.
[0.662s] 
[0.662s]         See https://blog.ganssle.io/articles/2021/10/setup-py-deprecated.html for details.
[0.662s]         ********************************************************************************
[0.662s] 
[0.662s] !!
[0.662s]   self.initialize_options()
[0.779s] Invoked command in '/home/jakub/wtf_ws/build/wtf' returned '0': PYTHONPATH=/home/jakub/wtf_ws/build/wtf/prefix_override:/home/jakub/wtf_ws/install/wtf/lib/python3.8/site-packages:${PYTHONPATH} /usr/bin/python3 setup.py develop --uninstall --editable --build-directory /home/jakub/wtf_ws/build/wtf/build
[0.779s] Invoking command in '/home/jakub/wtf_ws/src/wtf': PYTHONPATH=/home/jakub/wtf_ws/build/wtf/prefix_override:/home/jakub/wtf_ws/install/wtf/lib/python3.8/site-packages:${PYTHONPATH} /usr/bin/python3 setup.py egg_info --egg-base ../../build/wtf build --build-base /home/jakub/wtf_ws/build/wtf/build install --record /home/jakub/wtf_ws/build/wtf/install.log --install-scripts $base/lib/wtf --single-version-externally-managed
[0.849s] /home/jakub/.local/lib/python3.8/site-packages/setuptools/dist.py:744: SetuptoolsDeprecationWarning: Invalid dash-separated options
[0.849s] !!
[0.849s] 
[0.849s]         ********************************************************************************
[0.849s]         Usage of dash-separated 'script-dir' will not be supported in future
[0.849s]         versions. Please use the underscore name 'script_dir' instead.
[0.849s] 
[0.849s]         By 2023-Sep-26, you need to update your project and remove deprecated calls
[0.849s]         or your builds will no longer be supported.
[0.850s] 
[0.850s]         See https://setuptools.pypa.io/en/latest/userguide/declarative_config.html for details.
[0.850s]         ********************************************************************************
[0.850s] 
[0.850s] !!
[0.850s]   opt = self.warn_dash_deprecation(opt, section)
[0.908s] running egg_info
[0.917s] writing ../../build/wtf/wtf.egg-info/PKG-INFO
[0.917s] writing dependency_links to ../../build/wtf/wtf.egg-info/dependency_links.txt
[0.917s] writing entry points to ../../build/wtf/wtf.egg-info/entry_points.txt
[0.917s] writing requirements to ../../build/wtf/wtf.egg-info/requires.txt
[0.917s] writing top-level names to ../../build/wtf/wtf.egg-info/top_level.txt
[0.995s] reading manifest file '../../build/wtf/wtf.egg-info/SOURCES.txt'
[0.996s] writing manifest file '../../build/wtf/wtf.egg-info/SOURCES.txt'
[0.996s] running build
[0.996s] running build_py
[0.996s] running install
[0.996s] /home/jakub/.local/lib/python3.8/site-packages/setuptools/_distutils/cmd.py:66: SetuptoolsDeprecationWarning: setup.py install is deprecated.
[0.996s] !!
[0.996s] 
[0.996s]         ********************************************************************************
[0.996s]         Please avoid running ``setup.py`` directly.
[0.996s]         Instead, use pypa/build, pypa/installer or other
[0.996s]         standards-based tools.
[0.996s] 
[0.996s]         See https://blog.ganssle.io/articles/2021/10/setup-py-deprecated.html for details.
[0.997s]         ********************************************************************************
[0.997s] 
[0.997s] !!
[0.997s]   self.initialize_options()
[0.999s] running install_lib
[1.009s] running install_data
[1.018s] running install_egg_info
[1.028s] removing '/home/jakub/wtf_ws/install/wtf/lib/python3.8/site-packages/wtf-0.0.0-py3.8.egg-info' (and everything under it)
[1.028s] Copying ../../build/wtf/wtf.egg-info to /home/jakub/wtf_ws/install/wtf/lib/python3.8/site-packages/wtf-0.0.0-py3.8.egg-info
[1.029s] running install_scripts
[1.058s] Installing scan_publisher script to /home/jakub/wtf_ws/install/wtf/lib/wtf
[1.058s] writing list of installed files to '/home/jakub/wtf_ws/build/wtf/install.log'
[1.073s] Invoked command in '/home/jakub/wtf_ws/src/wtf' returned '0': PYTHONPATH=/home/jakub/wtf_ws/build/wtf/prefix_override:/home/jakub/wtf_ws/install/wtf/lib/python3.8/site-packages:${PYTHONPATH} /usr/bin/python3 setup.py egg_info --egg-base ../../build/wtf build --build-base /home/jakub/wtf_ws/build/wtf/build install --record /home/jakub/wtf_ws/build/wtf/install.log --install-scripts $base/lib/wtf --single-version-externally-managed
