[0.464s] Invoking command in '/home/jakub/wtf_ws/build/wtf': PYTHONPATH=/home/jakub/wtf_ws/build/wtf/prefix_override:/home/jakub/wtf_ws/install/wtf/lib/python3.8/site-packages:${PYTHONPATH} /usr/bin/python3 setup.py develop --uninstall --editable --build-directory /home/jakub/wtf_ws/build/wtf/build
[0.538s] /home/jakub/.local/lib/python3.8/site-packages/setuptools/dist.py:744: SetuptoolsDeprecationWarning: Invalid dash-separated options
[0.538s] !!
[0.538s] 
[0.538s]         ********************************************************************************
[0.539s]         Usage of dash-separated 'script-dir' will not be supported in future
[0.539s]         versions. Please use the underscore name 'script_dir' instead.
[0.539s] 
[0.539s]         By 2023-Sep-26, you need to update your project and remove deprecated calls
[0.539s]         or your builds will no longer be supported.
[0.539s] 
[0.539s]         See https://setuptools.pypa.io/en/latest/userguide/declarative_config.html for details.
[0.539s]         ********************************************************************************
[0.539s] 
[0.539s] !!
[0.539s]   opt = self.warn_dash_deprecation(opt, section)
[0.645s] /home/jakub/.local/lib/python3.8/site-packages/setuptools/command/develop.py:40: EasyInstallDeprecationWarning: easy_install command is deprecated.
[0.645s] !!
[0.645s] 
[0.645s]         ********************************************************************************
[0.645s]         Please avoid running ``setup.py`` and ``easy_install``.
[0.645s]         Instead, use pypa/build, pypa/installer or other
[0.645s]         standards-based tools.
[0.645s] 
[0.645s]         See https://github.com/pypa/setuptools/issues/917 for details.
[0.645s]         ********************************************************************************
[0.645s] 
[0.645s] !!
[0.645s]   easy_install.initialize_options(self)
[0.645s] running develop
[0.664s] /home/jakub/.local/lib/python3.8/site-packages/setuptools/_distutils/cmd.py:66: SetuptoolsDeprecationWarning: setup.py install is deprecated.
[0.664s] !!
[0.664s] 
[0.664s]         ********************************************************************************
[0.664s]         Please avoid running ``setup.py`` directly.
[0.664s]         Instead, use pypa/build, pypa/installer or other
[0.664s]         standards-based tools.
[0.664s] 
[0.664s]         See https://blog.ganssle.io/articles/2021/10/setup-py-deprecated.html for details.
[0.664s]         ********************************************************************************
[0.664s] 
[0.664s] !!
[0.664s]   self.initialize_options()
[0.777s] Invoked command in '/home/jakub/wtf_ws/build/wtf' returned '0': PYTHONPATH=/home/jakub/wtf_ws/build/wtf/prefix_override:/home/jakub/wtf_ws/install/wtf/lib/python3.8/site-packages:${PYTHONPATH} /usr/bin/python3 setup.py develop --uninstall --editable --build-directory /home/jakub/wtf_ws/build/wtf/build
[0.778s] Invoking command in '/home/jakub/wtf_ws/src/wtf': PYTHONPATH=/home/jakub/wtf_ws/build/wtf/prefix_override:/home/jakub/wtf_ws/install/wtf/lib/python3.8/site-packages:${PYTHONPATH} /usr/bin/python3 setup.py egg_info --egg-base ../../build/wtf build --build-base /home/jakub/wtf_ws/build/wtf/build install --record /home/jakub/wtf_ws/build/wtf/install.log --install-scripts $base/lib/wtf --single-version-externally-managed
[0.845s] /home/jakub/.local/lib/python3.8/site-packages/setuptools/dist.py:744: SetuptoolsDeprecationWarning: Invalid dash-separated options
[0.845s] !!
[0.845s] 
[0.845s]         ********************************************************************************
[0.845s]         Usage of dash-separated 'script-dir' will not be supported in future
[0.845s]         versions. Please use the underscore name 'script_dir' instead.
[0.845s] 
[0.845s]         By 2023-Sep-26, you need to update your project and remove deprecated calls
[0.845s]         or your builds will no longer be supported.
[0.845s] 
[0.845s]         See https://setuptools.pypa.io/en/latest/userguide/declarative_config.html for details.
[0.845s]         ********************************************************************************
[0.845s] 
[0.845s] !!
[0.846s]   opt = self.warn_dash_deprecation(opt, section)
[0.902s] running egg_info
[0.911s] writing ../../build/wtf/wtf.egg-info/PKG-INFO
[0.911s] writing dependency_links to ../../build/wtf/wtf.egg-info/dependency_links.txt
[0.911s] writing entry points to ../../build/wtf/wtf.egg-info/entry_points.txt
[0.911s] writing requirements to ../../build/wtf/wtf.egg-info/requires.txt
[0.911s] writing top-level names to ../../build/wtf/wtf.egg-info/top_level.txt
[0.987s] reading manifest file '../../build/wtf/wtf.egg-info/SOURCES.txt'
[0.987s] writing manifest file '../../build/wtf/wtf.egg-info/SOURCES.txt'
[0.987s] running build
[0.987s] running build_py
[0.987s] running install
[0.988s] /home/jakub/.local/lib/python3.8/site-packages/setuptools/_distutils/cmd.py:66: SetuptoolsDeprecationWarning: setup.py install is deprecated.
[0.988s] !!
[0.988s] 
[0.988s]         ********************************************************************************
[0.988s]         Please avoid running ``setup.py`` directly.
[0.988s]         Instead, use pypa/build, pypa/installer or other
[0.988s]         standards-based tools.
[0.988s] 
[0.988s]         See https://blog.ganssle.io/articles/2021/10/setup-py-deprecated.html for details.
[0.988s]         ********************************************************************************
[0.988s] 
[0.988s] !!
[0.988s]   self.initialize_options()
[0.991s] running install_lib
[1.000s] running install_data
[1.009s] copying worlds/worlds_combined.world -> /home/jakub/wtf_ws/install/wtf/share/wtf/worlds
[1.009s] copying worlds/empty.world -> /home/jakub/wtf_ws/install/wtf/share/wtf/worlds
[1.009s] running install_egg_info
[1.019s] removing '/home/jakub/wtf_ws/install/wtf/lib/python3.8/site-packages/wtf-0.0.0-py3.8.egg-info' (and everything under it)
[1.019s] Copying ../../build/wtf/wtf.egg-info to /home/jakub/wtf_ws/install/wtf/lib/python3.8/site-packages/wtf-0.0.0-py3.8.egg-info
[1.019s] running install_scripts
[1.048s] Installing scan_publisher script to /home/jakub/wtf_ws/install/wtf/lib/wtf
[1.048s] writing list of installed files to '/home/jakub/wtf_ws/build/wtf/install.log'
[1.063s] Invoked command in '/home/jakub/wtf_ws/src/wtf' returned '0': PYTHONPATH=/home/jakub/wtf_ws/build/wtf/prefix_override:/home/jakub/wtf_ws/install/wtf/lib/python3.8/site-packages:${PYTHONPATH} /usr/bin/python3 setup.py egg_info --egg-base ../../build/wtf build --build-base /home/jakub/wtf_ws/build/wtf/build install --record /home/jakub/wtf_ws/build/wtf/install.log --install-scripts $base/lib/wtf --single-version-externally-managed
