[0.451s] Invoking command in '/home/jakub/wtf_ws/build/wtf': PYTHONPATH=/home/jakub/wtf_ws/build/wtf/prefix_override:/home/jakub/wtf_ws/install/wtf/lib/python3.8/site-packages:${PYTHONPATH} /usr/bin/python3 setup.py develop --uninstall --editable --build-directory /home/jakub/wtf_ws/build/wtf/build
[0.525s] /home/jakub/.local/lib/python3.8/site-packages/setuptools/dist.py:744: SetuptoolsDeprecationWarning: Invalid dash-separated options
[0.525s] !!
[0.525s] 
[0.525s]         ********************************************************************************
[0.525s]         Usage of dash-separated 'script-dir' will not be supported in future
[0.525s]         versions. Please use the underscore name 'script_dir' instead.
[0.525s] 
[0.525s]         By 2023-Sep-26, you need to update your project and remove deprecated calls
[0.525s]         or your builds will no longer be supported.
[0.525s] 
[0.525s]         See https://setuptools.pypa.io/en/latest/userguide/declarative_config.html for details.
[0.525s]         ********************************************************************************
[0.525s] 
[0.525s] !!
[0.525s]   opt = self.warn_dash_deprecation(opt, section)
[0.627s] running develop
[0.627s] /home/jakub/.local/lib/python3.8/site-packages/setuptools/command/develop.py:40: EasyInstallDeprecationWarning: easy_install command is deprecated.
[0.627s] !!
[0.627s] 
[0.627s]         ********************************************************************************
[0.627s]         Please avoid running ``setup.py`` and ``easy_install``.
[0.627s]         Instead, use pypa/build, pypa/installer or other
[0.627s]         standards-based tools.
[0.627s] 
[0.627s]         See https://github.com/pypa/setuptools/issues/917 for details.
[0.627s]         ********************************************************************************
[0.628s] 
[0.628s] !!
[0.628s]   easy_install.initialize_options(self)
[0.645s] /home/jakub/.local/lib/python3.8/site-packages/setuptools/_distutils/cmd.py:66: SetuptoolsDeprecationWarning: setup.py install is deprecated.
[0.645s] !!
[0.645s] 
[0.646s]         ********************************************************************************
[0.646s]         Please avoid running ``setup.py`` directly.
[0.646s]         Instead, use pypa/build, pypa/installer or other
[0.646s]         standards-based tools.
[0.646s] 
[0.646s]         See https://blog.ganssle.io/articles/2021/10/setup-py-deprecated.html for details.
[0.646s]         ********************************************************************************
[0.646s] 
[0.646s] !!
[0.646s]   self.initialize_options()
[0.754s] Invoked command in '/home/jakub/wtf_ws/build/wtf' returned '0': PYTHONPATH=/home/jakub/wtf_ws/build/wtf/prefix_override:/home/jakub/wtf_ws/install/wtf/lib/python3.8/site-packages:${PYTHONPATH} /usr/bin/python3 setup.py develop --uninstall --editable --build-directory /home/jakub/wtf_ws/build/wtf/build
[0.755s] Invoking command in '/home/jakub/wtf_ws/src/wtf': PYTHONPATH=/home/jakub/wtf_ws/build/wtf/prefix_override:/home/jakub/wtf_ws/install/wtf/lib/python3.8/site-packages:${PYTHONPATH} /usr/bin/python3 setup.py egg_info --egg-base ../../build/wtf build --build-base /home/jakub/wtf_ws/build/wtf/build install --record /home/jakub/wtf_ws/build/wtf/install.log --install-scripts $base/lib/wtf --single-version-externally-managed
[0.826s] /home/jakub/.local/lib/python3.8/site-packages/setuptools/dist.py:744: SetuptoolsDeprecationWarning: Invalid dash-separated options
[0.826s] !!
[0.826s] 
[0.826s]         ********************************************************************************
[0.826s]         Usage of dash-separated 'script-dir' will not be supported in future
[0.826s]         versions. Please use the underscore name 'script_dir' instead.
[0.826s] 
[0.826s]         By 2023-Sep-26, you need to update your project and remove deprecated calls
[0.826s]         or your builds will no longer be supported.
[0.826s] 
[0.826s]         See https://setuptools.pypa.io/en/latest/userguide/declarative_config.html for details.
[0.826s]         ********************************************************************************
[0.826s] 
[0.826s] !!
[0.826s]   opt = self.warn_dash_deprecation(opt, section)
[0.881s] running egg_info
[0.889s] writing ../../build/wtf/wtf.egg-info/PKG-INFO
[0.889s] writing dependency_links to ../../build/wtf/wtf.egg-info/dependency_links.txt
[0.890s] writing entry points to ../../build/wtf/wtf.egg-info/entry_points.txt
[0.890s] writing requirements to ../../build/wtf/wtf.egg-info/requires.txt
[0.890s] writing top-level names to ../../build/wtf/wtf.egg-info/top_level.txt
[0.963s] reading manifest file '../../build/wtf/wtf.egg-info/SOURCES.txt'
[0.963s] writing manifest file '../../build/wtf/wtf.egg-info/SOURCES.txt'
[0.963s] running build
[0.964s] running build_py
[0.964s] running install
[0.964s] /home/jakub/.local/lib/python3.8/site-packages/setuptools/_distutils/cmd.py:66: SetuptoolsDeprecationWarning: setup.py install is deprecated.
[0.964s] !!
[0.964s] 
[0.964s]         ********************************************************************************
[0.964s]         Please avoid running ``setup.py`` directly.
[0.964s]         Instead, use pypa/build, pypa/installer or other
[0.964s]         standards-based tools.
[0.964s] 
[0.964s]         See https://blog.ganssle.io/articles/2021/10/setup-py-deprecated.html for details.
[0.964s]         ********************************************************************************
[0.964s] 
[0.964s] !!
[0.964s]   self.initialize_options()
[0.967s] running install_lib
[0.976s] running install_data
[0.985s] copying launch/launch_sim.launch.py -> /home/jakub/wtf_ws/install/wtf/share/wtf/launch
[0.985s] running install_egg_info
[0.994s] removing '/home/jakub/wtf_ws/install/wtf/lib/python3.8/site-packages/wtf-0.0.0-py3.8.egg-info' (and everything under it)
[0.994s] Copying ../../build/wtf/wtf.egg-info to /home/jakub/wtf_ws/install/wtf/lib/python3.8/site-packages/wtf-0.0.0-py3.8.egg-info
[0.994s] running install_scripts
[1.021s] Installing scan_publisher script to /home/jakub/wtf_ws/install/wtf/lib/wtf
[1.021s] writing list of installed files to '/home/jakub/wtf_ws/build/wtf/install.log'
[1.036s] Invoked command in '/home/jakub/wtf_ws/src/wtf' returned '0': PYTHONPATH=/home/jakub/wtf_ws/build/wtf/prefix_override:/home/jakub/wtf_ws/install/wtf/lib/python3.8/site-packages:${PYTHONPATH} /usr/bin/python3 setup.py egg_info --egg-base ../../build/wtf build --build-base /home/jakub/wtf_ws/build/wtf/build install --record /home/jakub/wtf_ws/build/wtf/install.log --install-scripts $base/lib/wtf --single-version-externally-managed
