[0.434s] Invoking command in '/home/jakub/wtf_ws/build/wtf': PYTHONPATH=/home/jakub/wtf_ws/build/wtf/prefix_override:/home/jakub/wtf_ws/install/wtf/lib/python3.8/site-packages:${PYTHONPATH} /usr/bin/python3 setup.py develop --uninstall --editable --build-directory /home/jakub/wtf_ws/build/wtf/build
[0.504s] /home/jakub/.local/lib/python3.8/site-packages/setuptools/dist.py:744: SetuptoolsDeprecationWarning: Invalid dash-separated options
[0.504s] !!
[0.504s] 
[0.504s]         ********************************************************************************
[0.504s]         Usage of dash-separated 'script-dir' will not be supported in future
[0.504s]         versions. Please use the underscore name 'script_dir' instead.
[0.504s] 
[0.504s]         By 2023-Sep-26, you need to update your project and remove deprecated calls
[0.504s]         or your builds will no longer be supported.
[0.504s] 
[0.504s]         See https://setuptools.pypa.io/en/latest/userguide/declarative_config.html for details.
[0.504s]         ********************************************************************************
[0.504s] 
[0.504s] !!
[0.504s]   opt = self.warn_dash_deprecation(opt, section)
[0.601s] /home/jakub/.local/lib/python3.8/site-packages/setuptools/command/develop.py:40: EasyInstallDeprecationWarning: easy_install command is deprecated.
[0.601s] !!
[0.601s] 
[0.601s]         ********************************************************************************
[0.601s]         Please avoid running ``setup.py`` and ``easy_install``.
[0.601s]         Instead, use pypa/build, pypa/installer or other
[0.601s]         standards-based tools.
[0.601s] 
[0.601s]         See https://github.com/pypa/setuptools/issues/917 for details.
[0.601s]         ********************************************************************************
[0.601s] 
[0.601s] !!
[0.601s]   easy_install.initialize_options(self)
[0.601s] running develop
[0.619s] /home/jakub/.local/lib/python3.8/site-packages/setuptools/_distutils/cmd.py:66: SetuptoolsDeprecationWarning: setup.py install is deprecated.
[0.619s] !!
[0.619s] 
[0.619s]         ********************************************************************************
[0.619s]         Please avoid running ``setup.py`` directly.
[0.619s]         Instead, use pypa/build, pypa/installer or other
[0.619s]         standards-based tools.
[0.619s] 
[0.619s]         See https://blog.ganssle.io/articles/2021/10/setup-py-deprecated.html for details.
[0.619s]         ********************************************************************************
[0.619s] 
[0.619s] !!
[0.619s]   self.initialize_options()
[0.725s] Invoked command in '/home/jakub/wtf_ws/build/wtf' returned '0': PYTHONPATH=/home/jakub/wtf_ws/build/wtf/prefix_override:/home/jakub/wtf_ws/install/wtf/lib/python3.8/site-packages:${PYTHONPATH} /usr/bin/python3 setup.py develop --uninstall --editable --build-directory /home/jakub/wtf_ws/build/wtf/build
[0.726s] Invoking command in '/home/jakub/wtf_ws/src/wtf': PYTHONPATH=/home/jakub/wtf_ws/build/wtf/prefix_override:/home/jakub/wtf_ws/install/wtf/lib/python3.8/site-packages:${PYTHONPATH} /usr/bin/python3 setup.py egg_info --egg-base ../../build/wtf build --build-base /home/jakub/wtf_ws/build/wtf/build install --record /home/jakub/wtf_ws/build/wtf/install.log --install-scripts $base/lib/wtf --single-version-externally-managed
[0.792s] /home/jakub/.local/lib/python3.8/site-packages/setuptools/dist.py:744: SetuptoolsDeprecationWarning: Invalid dash-separated options
[0.792s] !!
[0.792s] 
[0.792s]         ********************************************************************************
[0.792s]         Usage of dash-separated 'script-dir' will not be supported in future
[0.792s]         versions. Please use the underscore name 'script_dir' instead.
[0.792s] 
[0.793s]         By 2023-Sep-26, you need to update your project and remove deprecated calls
[0.793s]         or your builds will no longer be supported.
[0.793s] 
[0.793s]         See https://setuptools.pypa.io/en/latest/userguide/declarative_config.html for details.
[0.793s]         ********************************************************************************
[0.793s] 
[0.793s] !!
[0.793s]   opt = self.warn_dash_deprecation(opt, section)
[0.845s] running egg_info
[0.854s] writing ../../build/wtf/wtf.egg-info/PKG-INFO
[0.854s] writing dependency_links to ../../build/wtf/wtf.egg-info/dependency_links.txt
[0.854s] writing entry points to ../../build/wtf/wtf.egg-info/entry_points.txt
[0.854s] writing requirements to ../../build/wtf/wtf.egg-info/requires.txt
[0.854s] writing top-level names to ../../build/wtf/wtf.egg-info/top_level.txt
[0.926s] reading manifest file '../../build/wtf/wtf.egg-info/SOURCES.txt'
[0.927s] writing manifest file '../../build/wtf/wtf.egg-info/SOURCES.txt'
[0.927s] running build
[0.927s] running build_py
[0.927s] copying wtf/const_scan.py -> /home/jakub/wtf_ws/build/wtf/build/lib/wtf
[0.927s] running install
[0.927s] /home/jakub/.local/lib/python3.8/site-packages/setuptools/_distutils/cmd.py:66: SetuptoolsDeprecationWarning: setup.py install is deprecated.
[0.927s] !!
[0.927s] 
[0.927s]         ********************************************************************************
[0.927s]         Please avoid running ``setup.py`` directly.
[0.927s]         Instead, use pypa/build, pypa/installer or other
[0.927s]         standards-based tools.
[0.928s] 
[0.928s]         See https://blog.ganssle.io/articles/2021/10/setup-py-deprecated.html for details.
[0.928s]         ********************************************************************************
[0.928s] 
[0.928s] !!
[0.928s]   self.initialize_options()
[0.930s] running install_lib
[0.939s] copying /home/jakub/wtf_ws/build/wtf/build/lib/wtf/const_scan.py -> /home/jakub/wtf_ws/install/wtf/lib/python3.8/site-packages/wtf
[0.939s] byte-compiling /home/jakub/wtf_ws/install/wtf/lib/python3.8/site-packages/wtf/const_scan.py to const_scan.cpython-38.pyc
[0.940s] running install_data
[0.948s] running install_egg_info
[0.957s] removing '/home/jakub/wtf_ws/install/wtf/lib/python3.8/site-packages/wtf-0.0.0-py3.8.egg-info' (and everything under it)
[0.957s] Copying ../../build/wtf/wtf.egg-info to /home/jakub/wtf_ws/install/wtf/lib/python3.8/site-packages/wtf-0.0.0-py3.8.egg-info
[0.958s] running install_scripts
[0.984s] Installing const_scan script to /home/jakub/wtf_ws/install/wtf/lib/wtf
[0.984s] Installing scan_publisher script to /home/jakub/wtf_ws/install/wtf/lib/wtf
[0.984s] writing list of installed files to '/home/jakub/wtf_ws/build/wtf/install.log'
[0.998s] Invoked command in '/home/jakub/wtf_ws/src/wtf' returned '0': PYTHONPATH=/home/jakub/wtf_ws/build/wtf/prefix_override:/home/jakub/wtf_ws/install/wtf/lib/python3.8/site-packages:${PYTHONPATH} /usr/bin/python3 setup.py egg_info --egg-base ../../build/wtf build --build-base /home/jakub/wtf_ws/build/wtf/build install --record /home/jakub/wtf_ws/build/wtf/install.log --install-scripts $base/lib/wtf --single-version-externally-managed
