[0.455s] Invoking command in '/home/jakub/wtf_ws/build/wtf': PYTHONPATH=/home/jakub/wtf_ws/build/wtf/prefix_override:/home/jakub/wtf_ws/install/wtf/lib/python3.8/site-packages:${PYTHONPATH} /usr/bin/python3 setup.py develop --uninstall --editable --build-directory /home/jakub/wtf_ws/build/wtf/build
[0.522s] /home/jakub/.local/lib/python3.8/site-packages/setuptools/dist.py:744: SetuptoolsDeprecationWarning: Invalid dash-separated options
[0.522s] !!
[0.522s] 
[0.522s]         ********************************************************************************
[0.522s]         Usage of dash-separated 'script-dir' will not be supported in future
[0.522s]         versions. Please use the underscore name 'script_dir' instead.
[0.522s] 
[0.522s]         By 2023-Sep-26, you need to update your project and remove deprecated calls
[0.522s]         or your builds will no longer be supported.
[0.522s] 
[0.523s]         See https://setuptools.pypa.io/en/latest/userguide/declarative_config.html for details.
[0.523s]         ********************************************************************************
[0.523s] 
[0.523s] !!
[0.523s]   opt = self.warn_dash_deprecation(opt, section)
[0.620s] running develop
[0.620s] /home/jakub/.local/lib/python3.8/site-packages/setuptools/command/develop.py:40: EasyInstallDeprecationWarning: easy_install command is deprecated.
[0.620s] !!
[0.620s] 
[0.620s]         ********************************************************************************
[0.620s]         Please avoid running ``setup.py`` and ``easy_install``.
[0.620s]         Instead, use pypa/build, pypa/installer or other
[0.620s]         standards-based tools.
[0.620s] 
[0.620s]         See https://github.com/pypa/setuptools/issues/917 for details.
[0.620s]         ********************************************************************************
[0.620s] 
[0.620s] !!
[0.620s]   easy_install.initialize_options(self)
[0.637s] /home/jakub/.local/lib/python3.8/site-packages/setuptools/_distutils/cmd.py:66: SetuptoolsDeprecationWarning: setup.py install is deprecated.
[0.637s] !!
[0.637s] 
[0.637s]         ********************************************************************************
[0.637s]         Please avoid running ``setup.py`` directly.
[0.637s]         Instead, use pypa/build, pypa/installer or other
[0.637s]         standards-based tools.
[0.637s] 
[0.637s]         See https://blog.ganssle.io/articles/2021/10/setup-py-deprecated.html for details.
[0.638s]         ********************************************************************************
[0.638s] 
[0.638s] !!
[0.638s]   self.initialize_options()
[0.738s] Invoked command in '/home/jakub/wtf_ws/build/wtf' returned '0': PYTHONPATH=/home/jakub/wtf_ws/build/wtf/prefix_override:/home/jakub/wtf_ws/install/wtf/lib/python3.8/site-packages:${PYTHONPATH} /usr/bin/python3 setup.py develop --uninstall --editable --build-directory /home/jakub/wtf_ws/build/wtf/build
[0.739s] Invoking command in '/home/jakub/wtf_ws/src/wtf': PYTHONPATH=/home/jakub/wtf_ws/build/wtf/prefix_override:/home/jakub/wtf_ws/install/wtf/lib/python3.8/site-packages:${PYTHONPATH} /usr/bin/python3 setup.py egg_info --egg-base ../../build/wtf build --build-base /home/jakub/wtf_ws/build/wtf/build install --record /home/jakub/wtf_ws/build/wtf/install.log --install-scripts $base/lib/wtf --single-version-externally-managed
[0.809s] /home/jakub/.local/lib/python3.8/site-packages/setuptools/dist.py:744: SetuptoolsDeprecationWarning: Invalid dash-separated options
[0.809s] !!
[0.809s] 
[0.809s]         ********************************************************************************
[0.809s]         Usage of dash-separated 'script-dir' will not be supported in future
[0.809s]         versions. Please use the underscore name 'script_dir' instead.
[0.809s] 
[0.809s]         By 2023-Sep-26, you need to update your project and remove deprecated calls
[0.809s]         or your builds will no longer be supported.
[0.809s] 
[0.809s]         See https://setuptools.pypa.io/en/latest/userguide/declarative_config.html for details.
[0.809s]         ********************************************************************************
[0.809s] 
[0.809s] !!
[0.809s]   opt = self.warn_dash_deprecation(opt, section)
[0.860s] running egg_info
[0.868s] writing ../../build/wtf/wtf.egg-info/PKG-INFO
[0.868s] writing dependency_links to ../../build/wtf/wtf.egg-info/dependency_links.txt
[0.868s] writing entry points to ../../build/wtf/wtf.egg-info/entry_points.txt
[0.868s] writing requirements to ../../build/wtf/wtf.egg-info/requires.txt
[0.868s] writing top-level names to ../../build/wtf/wtf.egg-info/top_level.txt
[0.936s] reading manifest file '../../build/wtf/wtf.egg-info/SOURCES.txt'
[0.937s] writing manifest file '../../build/wtf/wtf.egg-info/SOURCES.txt'
[0.937s] running build
[0.937s] running build_py
[0.937s] running install
[0.937s] /home/jakub/.local/lib/python3.8/site-packages/setuptools/_distutils/cmd.py:66: SetuptoolsDeprecationWarning: setup.py install is deprecated.
[0.937s] !!
[0.937s] 
[0.937s]         ********************************************************************************
[0.937s]         Please avoid running ``setup.py`` directly.
[0.937s]         Instead, use pypa/build, pypa/installer or other
[0.937s]         standards-based tools.
[0.937s] 
[0.937s]         See https://blog.ganssle.io/articles/2021/10/setup-py-deprecated.html for details.
[0.937s]         ********************************************************************************
[0.937s] 
[0.937s] !!
[0.937s]   self.initialize_options()
[0.940s] running install_lib
[0.948s] running install_data
[0.956s] copying config/nav2_params.yaml -> /home/jakub/wtf_ws/install/wtf/share/wtf/config
[0.956s] running install_egg_info
[0.965s] removing '/home/jakub/wtf_ws/install/wtf/lib/python3.8/site-packages/wtf-0.0.0-py3.8.egg-info' (and everything under it)
[0.965s] Copying ../../build/wtf/wtf.egg-info to /home/jakub/wtf_ws/install/wtf/lib/python3.8/site-packages/wtf-0.0.0-py3.8.egg-info
[0.965s] running install_scripts
[0.990s] Installing scan_publisher script to /home/jakub/wtf_ws/install/wtf/lib/wtf
[0.990s] writing list of installed files to '/home/jakub/wtf_ws/build/wtf/install.log'
[1.004s] Invoked command in '/home/jakub/wtf_ws/src/wtf' returned '0': PYTHONPATH=/home/jakub/wtf_ws/build/wtf/prefix_override:/home/jakub/wtf_ws/install/wtf/lib/python3.8/site-packages:${PYTHONPATH} /usr/bin/python3 setup.py egg_info --egg-base ../../build/wtf build --build-base /home/jakub/wtf_ws/build/wtf/build install --record /home/jakub/wtf_ws/build/wtf/install.log --install-scripts $base/lib/wtf --single-version-externally-managed
