[0.449s] Invoking command in '/home/jakub/wtf_ws/build/wtf': PYTHONPATH=/home/jakub/wtf_ws/build/wtf/prefix_override:/home/jakub/wtf_ws/install/wtf/lib/python3.8/site-packages:${PYTHONPATH} /usr/bin/python3 setup.py develop --uninstall --editable --build-directory /home/jakub/wtf_ws/build/wtf/build
[0.520s] /home/jakub/.local/lib/python3.8/site-packages/setuptools/dist.py:744: SetuptoolsDeprecationWarning: Invalid dash-separated options
[0.520s] !!
[0.520s] 
[0.520s]         ********************************************************************************
[0.520s]         Usage of dash-separated 'script-dir' will not be supported in future
[0.520s]         versions. Please use the underscore name 'script_dir' instead.
[0.520s] 
[0.520s]         By 2023-Sep-26, you need to update your project and remove deprecated calls
[0.520s]         or your builds will no longer be supported.
[0.520s] 
[0.520s]         See https://setuptools.pypa.io/en/latest/userguide/declarative_config.html for details.
[0.520s]         ********************************************************************************
[0.520s] 
[0.520s] !!
[0.520s]   opt = self.warn_dash_deprecation(opt, section)
[0.621s] running develop
[0.621s] /home/jakub/.local/lib/python3.8/site-packages/setuptools/command/develop.py:40: EasyInstallDeprecationWarning: easy_install command is deprecated.
[0.621s] !!
[0.621s] 
[0.621s]         ********************************************************************************
[0.622s]         Please avoid running ``setup.py`` and ``easy_install``.
[0.622s]         Instead, use pypa/build, pypa/installer or other
[0.622s]         standards-based tools.
[0.622s] 
[0.622s]         See https://github.com/pypa/setuptools/issues/917 for details.
[0.622s]         ********************************************************************************
[0.622s] 
[0.622s] !!
[0.622s]   easy_install.initialize_options(self)
[0.640s] /home/jakub/.local/lib/python3.8/site-packages/setuptools/_distutils/cmd.py:66: SetuptoolsDeprecationWarning: setup.py install is deprecated.
[0.640s] !!
[0.640s] 
[0.640s]         ********************************************************************************
[0.640s]         Please avoid running ``setup.py`` directly.
[0.640s]         Instead, use pypa/build, pypa/installer or other
[0.640s]         standards-based tools.
[0.640s] 
[0.640s]         See https://blog.ganssle.io/articles/2021/10/setup-py-deprecated.html for details.
[0.640s]         ********************************************************************************
[0.640s] 
[0.640s] !!
[0.640s]   self.initialize_options()
[0.749s] Invoked command in '/home/jakub/wtf_ws/build/wtf' returned '0': PYTHONPATH=/home/jakub/wtf_ws/build/wtf/prefix_override:/home/jakub/wtf_ws/install/wtf/lib/python3.8/site-packages:${PYTHONPATH} /usr/bin/python3 setup.py develop --uninstall --editable --build-directory /home/jakub/wtf_ws/build/wtf/build
[0.749s] Invoking command in '/home/jakub/wtf_ws/src/wtf': PYTHONPATH=/home/jakub/wtf_ws/build/wtf/prefix_override:/home/jakub/wtf_ws/install/wtf/lib/python3.8/site-packages:${PYTHONPATH} /usr/bin/python3 setup.py egg_info --egg-base ../../build/wtf build --build-base /home/jakub/wtf_ws/build/wtf/build install --record /home/jakub/wtf_ws/build/wtf/install.log --install-scripts $base/lib/wtf --single-version-externally-managed
[0.819s] /home/jakub/.local/lib/python3.8/site-packages/setuptools/dist.py:744: SetuptoolsDeprecationWarning: Invalid dash-separated options
[0.819s] !!
[0.819s] 
[0.819s]         ********************************************************************************
[0.819s]         Usage of dash-separated 'script-dir' will not be supported in future
[0.819s]         versions. Please use the underscore name 'script_dir' instead.
[0.819s] 
[0.819s]         By 2023-Sep-26, you need to update your project and remove deprecated calls
[0.819s]         or your builds will no longer be supported.
[0.819s] 
[0.819s]         See https://setuptools.pypa.io/en/latest/userguide/declarative_config.html for details.
[0.819s]         ********************************************************************************
[0.819s] 
[0.819s] !!
[0.819s]   opt = self.warn_dash_deprecation(opt, section)
[0.873s] running egg_info
[0.882s] writing ../../build/wtf/wtf.egg-info/PKG-INFO
[0.882s] writing dependency_links to ../../build/wtf/wtf.egg-info/dependency_links.txt
[0.883s] writing entry points to ../../build/wtf/wtf.egg-info/entry_points.txt
[0.883s] writing requirements to ../../build/wtf/wtf.egg-info/requires.txt
[0.883s] writing top-level names to ../../build/wtf/wtf.egg-info/top_level.txt
[0.958s] reading manifest file '../../build/wtf/wtf.egg-info/SOURCES.txt'
[0.959s] writing manifest file '../../build/wtf/wtf.egg-info/SOURCES.txt'
[0.959s] running build
[0.959s] running build_py
[0.959s] running install
[0.959s] /home/jakub/.local/lib/python3.8/site-packages/setuptools/_distutils/cmd.py:66: SetuptoolsDeprecationWarning: setup.py install is deprecated.
[0.959s] !!
[0.959s] 
[0.959s]         ********************************************************************************
[0.959s]         Please avoid running ``setup.py`` directly.
[0.959s]         Instead, use pypa/build, pypa/installer or other
[0.959s]         standards-based tools.
[0.959s] 
[0.959s]         See https://blog.ganssle.io/articles/2021/10/setup-py-deprecated.html for details.
[0.959s]         ********************************************************************************
[0.959s] 
[0.959s] !!
[0.959s]   self.initialize_options()
[0.962s] running install_lib
[0.972s] running install_data
[0.981s] copying launch/launch_sim.launch.py -> /home/jakub/wtf_ws/install/wtf/share/wtf/launch
[0.981s] running install_egg_info
[0.991s] removing '/home/jakub/wtf_ws/install/wtf/lib/python3.8/site-packages/wtf-0.0.0-py3.8.egg-info' (and everything under it)
[0.991s] Copying ../../build/wtf/wtf.egg-info to /home/jakub/wtf_ws/install/wtf/lib/python3.8/site-packages/wtf-0.0.0-py3.8.egg-info
[0.991s] running install_scripts
[1.019s] Installing scan_publisher script to /home/jakub/wtf_ws/install/wtf/lib/wtf
[1.019s] writing list of installed files to '/home/jakub/wtf_ws/build/wtf/install.log'
[1.036s] Invoked command in '/home/jakub/wtf_ws/src/wtf' returned '0': PYTHONPATH=/home/jakub/wtf_ws/build/wtf/prefix_override:/home/jakub/wtf_ws/install/wtf/lib/python3.8/site-packages:${PYTHONPATH} /usr/bin/python3 setup.py egg_info --egg-base ../../build/wtf build --build-base /home/jakub/wtf_ws/build/wtf/build install --record /home/jakub/wtf_ws/build/wtf/install.log --install-scripts $base/lib/wtf --single-version-externally-managed
