[0.453s] Invoking command in '/home/jakub/wtf_ws/build/wtf': PYTHONPATH=/home/jakub/wtf_ws/build/wtf/prefix_override:/home/jakub/wtf_ws/install/wtf/lib/python3.8/site-packages:${PYTHONPATH} /usr/bin/python3 setup.py develop --uninstall --editable --build-directory /home/jakub/wtf_ws/build/wtf/build
[0.520s] /home/jakub/.local/lib/python3.8/site-packages/setuptools/dist.py:744: SetuptoolsDeprecationWarning: Invalid dash-separated options
[0.520s] !!
[0.520s] 
[0.520s]         ********************************************************************************
[0.520s]         Usage of dash-separated 'script-dir' will not be supported in future
[0.520s]         versions. Please use the underscore name 'script_dir' instead.
[0.520s] 
[0.520s]         By 2023-Sep-26, you need to update your project and remove deprecated calls
[0.520s]         or your builds will no longer be supported.
[0.520s] 
[0.520s]         See https://setuptools.pypa.io/en/latest/userguide/declarative_config.html for details.
[0.520s]         ********************************************************************************
[0.521s] 
[0.521s] !!
[0.521s]   opt = self.warn_dash_deprecation(opt, section)
[0.649s] running develop
[0.649s] /home/jakub/.local/lib/python3.8/site-packages/setuptools/command/develop.py:40: EasyInstallDeprecationWarning: easy_install command is deprecated.
[0.649s] !!
[0.649s] 
[0.649s]         ********************************************************************************
[0.649s]         Please avoid running ``setup.py`` and ``easy_install``.
[0.649s]         Instead, use pypa/build, pypa/installer or other
[0.649s]         standards-based tools.
[0.650s] 
[0.650s]         See https://github.com/pypa/setuptools/issues/917 for details.
[0.650s]         ********************************************************************************
[0.651s] 
[0.651s] !!
[0.651s]   easy_install.initialize_options(self)
[0.683s] /home/jakub/.local/lib/python3.8/site-packages/setuptools/_distutils/cmd.py:66: SetuptoolsDeprecationWarning: setup.py install is deprecated.
[0.683s] !!
[0.683s] 
[0.683s]         ********************************************************************************
[0.683s]         Please avoid running ``setup.py`` directly.
[0.683s]         Instead, use pypa/build, pypa/installer or other
[0.683s]         standards-based tools.
[0.683s] 
[0.683s]         See https://blog.ganssle.io/articles/2021/10/setup-py-deprecated.html for details.
[0.683s]         ********************************************************************************
[0.683s] 
[0.683s] !!
[0.683s]   self.initialize_options()
[0.776s] Removing /home/jakub/wtf_ws/install/wtf/lib/python3.8/site-packages/wtf.egg-link (link to .)
[0.791s] Invoked command in '/home/jakub/wtf_ws/build/wtf' returned '0': PYTHONPATH=/home/jakub/wtf_ws/build/wtf/prefix_override:/home/jakub/wtf_ws/install/wtf/lib/python3.8/site-packages:${PYTHONPATH} /usr/bin/python3 setup.py develop --uninstall --editable --build-directory /home/jakub/wtf_ws/build/wtf/build
[0.791s] Invoking command in '/home/jakub/wtf_ws/src/wtf': PYTHONPATH=/home/jakub/wtf_ws/build/wtf/prefix_override:/home/jakub/wtf_ws/install/wtf/lib/python3.8/site-packages:${PYTHONPATH} /usr/bin/python3 setup.py egg_info --egg-base ../../build/wtf build --build-base /home/jakub/wtf_ws/build/wtf/build install --record /home/jakub/wtf_ws/build/wtf/install.log --install-scripts $base/lib/wtf --single-version-externally-managed
[0.861s] /home/jakub/.local/lib/python3.8/site-packages/setuptools/dist.py:744: SetuptoolsDeprecationWarning: Invalid dash-separated options
[0.861s] !!
[0.861s] 
[0.861s]         ********************************************************************************
[0.861s]         Usage of dash-separated 'script-dir' will not be supported in future
[0.861s]         versions. Please use the underscore name 'script_dir' instead.
[0.861s] 
[0.861s]         By 2023-Sep-26, you need to update your project and remove deprecated calls
[0.861s]         or your builds will no longer be supported.
[0.861s] 
[0.861s]         See https://setuptools.pypa.io/en/latest/userguide/declarative_config.html for details.
[0.861s]         ********************************************************************************
[0.861s] 
[0.861s] !!
[0.861s]   opt = self.warn_dash_deprecation(opt, section)
[0.913s] running egg_info
[0.922s] writing ../../build/wtf/wtf.egg-info/PKG-INFO
[0.922s] writing dependency_links to ../../build/wtf/wtf.egg-info/dependency_links.txt
[0.922s] writing entry points to ../../build/wtf/wtf.egg-info/entry_points.txt
[0.922s] writing requirements to ../../build/wtf/wtf.egg-info/requires.txt
[0.922s] writing top-level names to ../../build/wtf/wtf.egg-info/top_level.txt
[0.996s] reading manifest file '../../build/wtf/wtf.egg-info/SOURCES.txt'
[0.996s] writing manifest file '../../build/wtf/wtf.egg-info/SOURCES.txt'
[0.996s] running build
[0.996s] running build_py
[0.996s] running install
[0.996s] /home/jakub/.local/lib/python3.8/site-packages/setuptools/_distutils/cmd.py:66: SetuptoolsDeprecationWarning: setup.py install is deprecated.
[0.996s] !!
[0.996s] 
[0.996s]         ********************************************************************************
[0.996s]         Please avoid running ``setup.py`` directly.
[0.996s]         Instead, use pypa/build, pypa/installer or other
[0.996s]         standards-based tools.
[0.996s] 
[0.996s]         See https://blog.ganssle.io/articles/2021/10/setup-py-deprecated.html for details.
[0.996s]         ********************************************************************************
[0.996s] 
[0.996s] !!
[0.997s]   self.initialize_options()
[0.999s] running install_lib
[1.008s] creating /home/jakub/wtf_ws/install/wtf/lib/python3.8/site-packages/wtf
[1.008s] copying /home/jakub/wtf_ws/build/wtf/build/lib/wtf/__init__.py -> /home/jakub/wtf_ws/install/wtf/lib/python3.8/site-packages/wtf
[1.008s] copying /home/jakub/wtf_ws/build/wtf/build/lib/wtf/scan_publisher.py -> /home/jakub/wtf_ws/install/wtf/lib/python3.8/site-packages/wtf
[1.008s] byte-compiling /home/jakub/wtf_ws/install/wtf/lib/python3.8/site-packages/wtf/__init__.py to __init__.cpython-38.pyc
[1.008s] byte-compiling /home/jakub/wtf_ws/install/wtf/lib/python3.8/site-packages/wtf/scan_publisher.py to scan_publisher.cpython-38.pyc
[1.009s] running install_data
[1.018s] copying launch/launch_sim.launch.py -> /home/jakub/wtf_ws/install/wtf/share/wtf/launch
[1.018s] copying description/robot_core.xacro -> /home/jakub/wtf_ws/install/wtf/share/wtf/description
[1.018s] running install_egg_info
[1.027s] Copying ../../build/wtf/wtf.egg-info to /home/jakub/wtf_ws/install/wtf/lib/python3.8/site-packages/wtf-0.0.0-py3.8.egg-info
[1.027s] running install_scripts
[1.055s] Installing scan_publisher script to /home/jakub/wtf_ws/install/wtf/lib/wtf
[1.055s] writing list of installed files to '/home/jakub/wtf_ws/build/wtf/install.log'
[1.072s] Invoked command in '/home/jakub/wtf_ws/src/wtf' returned '0': PYTHONPATH=/home/jakub/wtf_ws/build/wtf/prefix_override:/home/jakub/wtf_ws/install/wtf/lib/python3.8/site-packages:${PYTHONPATH} /usr/bin/python3 setup.py egg_info --egg-base ../../build/wtf build --build-base /home/jakub/wtf_ws/build/wtf/build install --record /home/jakub/wtf_ws/build/wtf/install.log --install-scripts $base/lib/wtf --single-version-externally-managed
