running develop
running egg_info
writing ../../build/wtf/wtf.egg-info/PKG-INFO
writing dependency_links to ../../build/wtf/wtf.egg-info/dependency_links.txt
writing entry points to ../../build/wtf/wtf.egg-info/entry_points.txt
writing requirements to ../../build/wtf/wtf.egg-info/requires.txt
writing top-level names to ../../build/wtf/wtf.egg-info/top_level.txt
reading manifest file '../../build/wtf/wtf.egg-info/SOURCES.txt'
writing manifest file '../../build/wtf/wtf.egg-info/SOURCES.txt'
running build
running build_py
running install
running install_lib
running install_data
copying launch/launch_sim.launch.py -> /home/jakub/wtf_ws/install/wtf/share/wtf/launch
copying description/lidar.xacro -> /home/jakub/wtf_ws/install/wtf/share/wtf/description
running install_egg_info
removing '/home/jakub/wtf_ws/install/wtf/lib/python3.8/site-packages/wtf-0.0.0-py3.8.egg-info' (and everything under it)
Copying ../../build/wtf/wtf.egg-info to /home/jakub/wtf_ws/install/wtf/lib/python3.8/site-packages/wtf-0.0.0-py3.8.egg-info
running install_scripts
Installing scan_publisher script to /home/jakub/wtf_ws/install/wtf/lib/wtf
writing list of installed files to '/home/jakub/wtf_ws/build/wtf/install.log'
