[0.448s] Invoking command in '/home/jakub/wtf_ws/build/wtf': PYTHONPATH=/home/jakub/wtf_ws/build/wtf/prefix_override:/home/jakub/wtf_ws/install/wtf/lib/python3.8/site-packages:${PYTHONPATH} /usr/bin/python3 setup.py develop --uninstall --editable --build-directory /home/jakub/wtf_ws/build/wtf/build
[0.525s] /home/jakub/.local/lib/python3.8/site-packages/setuptools/dist.py:744: SetuptoolsDeprecationWarning: Invalid dash-separated options
[0.525s] !!
[0.525s] 
[0.525s]         ********************************************************************************
[0.525s]         Usage of dash-separated 'script-dir' will not be supported in future
[0.525s]         versions. Please use the underscore name 'script_dir' instead.
[0.525s] 
[0.525s]         By 2023-Sep-26, you need to update your project and remove deprecated calls
[0.525s]         or your builds will no longer be supported.
[0.525s] 
[0.525s]         See https://setuptools.pypa.io/en/latest/userguide/declarative_config.html for details.
[0.525s]         ********************************************************************************
[0.525s] 
[0.525s] !!
[0.525s]   opt = self.warn_dash_deprecation(opt, section)
[0.715s] running develop
[0.717s] /home/jakub/.local/lib/python3.8/site-packages/setuptools/command/develop.py:40: EasyInstallDeprecationWarning: easy_install command is deprecated.
[0.718s] !!
[0.718s] 
[0.719s]         ********************************************************************************
[0.719s]         Please avoid running ``setup.py`` and ``easy_install``.
[0.719s]         Instead, use pypa/build, pypa/installer or other
[0.719s]         standards-based tools.
[0.719s] 
[0.720s]         See https://github.com/pypa/setuptools/issues/917 for details.
[0.720s]         ********************************************************************************
[0.720s] 
[0.720s] !!
[0.720s]   easy_install.initialize_options(self)
[0.774s] /home/jakub/.local/lib/python3.8/site-packages/setuptools/_distutils/cmd.py:66: SetuptoolsDeprecationWarning: setup.py install is deprecated.
[0.774s] !!
[0.774s] 
[0.774s]         ********************************************************************************
[0.774s]         Please avoid running ``setup.py`` directly.
[0.774s]         Instead, use pypa/build, pypa/installer or other
[0.774s]         standards-based tools.
[0.774s] 
[0.774s]         See https://blog.ganssle.io/articles/2021/10/setup-py-deprecated.html for details.
[0.774s]         ********************************************************************************
[0.774s] 
[0.774s] !!
[0.774s]   self.initialize_options()
[0.881s] Invoked command in '/home/jakub/wtf_ws/build/wtf' returned '0': PYTHONPATH=/home/jakub/wtf_ws/build/wtf/prefix_override:/home/jakub/wtf_ws/install/wtf/lib/python3.8/site-packages:${PYTHONPATH} /usr/bin/python3 setup.py develop --uninstall --editable --build-directory /home/jakub/wtf_ws/build/wtf/build
[0.882s] Invoking command in '/home/jakub/wtf_ws/src/wtf': PYTHONPATH=/home/jakub/wtf_ws/build/wtf/prefix_override:/home/jakub/wtf_ws/install/wtf/lib/python3.8/site-packages:${PYTHONPATH} /usr/bin/python3 setup.py egg_info --egg-base ../../build/wtf build --build-base /home/jakub/wtf_ws/build/wtf/build install --record /home/jakub/wtf_ws/build/wtf/install.log --install-scripts $base/lib/wtf --single-version-externally-managed
[0.953s] /home/jakub/.local/lib/python3.8/site-packages/setuptools/dist.py:744: SetuptoolsDeprecationWarning: Invalid dash-separated options
[0.953s] !!
[0.953s] 
[0.953s]         ********************************************************************************
[0.953s]         Usage of dash-separated 'script-dir' will not be supported in future
[0.953s]         versions. Please use the underscore name 'script_dir' instead.
[0.953s] 
[0.953s]         By 2023-Sep-26, you need to update your project and remove deprecated calls
[0.953s]         or your builds will no longer be supported.
[0.953s] 
[0.953s]         See https://setuptools.pypa.io/en/latest/userguide/declarative_config.html for details.
[0.953s]         ********************************************************************************
[0.954s] 
[0.954s] !!
[0.954s]   opt = self.warn_dash_deprecation(opt, section)
[1.009s] running egg_info
[1.017s] writing ../../build/wtf/wtf.egg-info/PKG-INFO
[1.018s] writing dependency_links to ../../build/wtf/wtf.egg-info/dependency_links.txt
[1.018s] writing entry points to ../../build/wtf/wtf.egg-info/entry_points.txt
[1.018s] writing requirements to ../../build/wtf/wtf.egg-info/requires.txt
[1.018s] writing top-level names to ../../build/wtf/wtf.egg-info/top_level.txt
[1.092s] reading manifest file '../../build/wtf/wtf.egg-info/SOURCES.txt'
[1.092s] writing manifest file '../../build/wtf/wtf.egg-info/SOURCES.txt'
[1.092s] running build
[1.092s] running build_py
[1.092s] running install
[1.092s] /home/jakub/.local/lib/python3.8/site-packages/setuptools/_distutils/cmd.py:66: SetuptoolsDeprecationWarning: setup.py install is deprecated.
[1.093s] !!
[1.093s] 
[1.093s]         ********************************************************************************
[1.093s]         Please avoid running ``setup.py`` directly.
[1.093s]         Instead, use pypa/build, pypa/installer or other
[1.093s]         standards-based tools.
[1.093s] 
[1.093s]         See https://blog.ganssle.io/articles/2021/10/setup-py-deprecated.html for details.
[1.093s]         ********************************************************************************
[1.093s] 
[1.093s] !!
[1.093s]   self.initialize_options()
[1.095s] running install_lib
[1.105s] running install_data
[1.113s] running install_egg_info
[1.122s] removing '/home/jakub/wtf_ws/install/wtf/lib/python3.8/site-packages/wtf-0.0.0-py3.8.egg-info' (and everything under it)
[1.122s] Copying ../../build/wtf/wtf.egg-info to /home/jakub/wtf_ws/install/wtf/lib/python3.8/site-packages/wtf-0.0.0-py3.8.egg-info
[1.123s] running install_scripts
[1.151s] Installing scan_publisher script to /home/jakub/wtf_ws/install/wtf/lib/wtf
[1.151s] writing list of installed files to '/home/jakub/wtf_ws/build/wtf/install.log'
[1.167s] Invoked command in '/home/jakub/wtf_ws/src/wtf' returned '0': PYTHONPATH=/home/jakub/wtf_ws/build/wtf/prefix_override:/home/jakub/wtf_ws/install/wtf/lib/python3.8/site-packages:${PYTHONPATH} /usr/bin/python3 setup.py egg_info --egg-base ../../build/wtf build --build-base /home/jakub/wtf_ws/build/wtf/build install --record /home/jakub/wtf_ws/build/wtf/install.log --install-scripts $base/lib/wtf --single-version-externally-managed
