[0.441s] Invoking command in '/home/jakub/wtf_ws/build/wtf': PYTHONPATH=/home/jakub/wtf_ws/build/wtf/prefix_override:/home/jakub/wtf_ws/install/wtf/lib/python3.8/site-packages:${PYTHONPATH} /usr/bin/python3 setup.py develop --uninstall --editable --build-directory /home/jakub/wtf_ws/build/wtf/build
[0.512s] /home/jakub/.local/lib/python3.8/site-packages/setuptools/dist.py:744: SetuptoolsDeprecationWarning: Invalid dash-separated options
[0.512s] !!
[0.512s] 
[0.512s]         ********************************************************************************
[0.512s]         Usage of dash-separated 'script-dir' will not be supported in future
[0.512s]         versions. Please use the underscore name 'script_dir' instead.
[0.512s] 
[0.512s]         By 2023-Sep-26, you need to update your project and remove deprecated calls
[0.512s]         or your builds will no longer be supported.
[0.512s] 
[0.512s]         See https://setuptools.pypa.io/en/latest/userguide/declarative_config.html for details.
[0.512s]         ********************************************************************************
[0.512s] 
[0.512s] !!
[0.512s]   opt = self.warn_dash_deprecation(opt, section)
[0.613s] running develop
[0.613s] /home/jakub/.local/lib/python3.8/site-packages/setuptools/command/develop.py:40: EasyInstallDeprecationWarning: easy_install command is deprecated.
[0.613s] !!
[0.613s] 
[0.613s]         ********************************************************************************
[0.613s]         Please avoid running ``setup.py`` and ``easy_install``.
[0.613s]         Instead, use pypa/build, pypa/installer or other
[0.613s]         standards-based tools.
[0.613s] 
[0.613s]         See https://github.com/pypa/setuptools/issues/917 for details.
[0.613s]         ********************************************************************************
[0.613s] 
[0.613s] !!
[0.613s]   easy_install.initialize_options(self)
[0.631s] /home/jakub/.local/lib/python3.8/site-packages/setuptools/_distutils/cmd.py:66: SetuptoolsDeprecationWarning: setup.py install is deprecated.
[0.631s] !!
[0.631s] 
[0.631s]         ********************************************************************************
[0.631s]         Please avoid running ``setup.py`` directly.
[0.631s]         Instead, use pypa/build, pypa/installer or other
[0.631s]         standards-based tools.
[0.631s] 
[0.631s]         See https://blog.ganssle.io/articles/2021/10/setup-py-deprecated.html for details.
[0.631s]         ********************************************************************************
[0.631s] 
[0.631s] !!
[0.631s]   self.initialize_options()
[0.741s] Invoked command in '/home/jakub/wtf_ws/build/wtf' returned '0': PYTHONPATH=/home/jakub/wtf_ws/build/wtf/prefix_override:/home/jakub/wtf_ws/install/wtf/lib/python3.8/site-packages:${PYTHONPATH} /usr/bin/python3 setup.py develop --uninstall --editable --build-directory /home/jakub/wtf_ws/build/wtf/build
[0.741s] Invoking command in '/home/jakub/wtf_ws/src/wtf': PYTHONPATH=/home/jakub/wtf_ws/build/wtf/prefix_override:/home/jakub/wtf_ws/install/wtf/lib/python3.8/site-packages:${PYTHONPATH} /usr/bin/python3 setup.py egg_info --egg-base ../../build/wtf build --build-base /home/jakub/wtf_ws/build/wtf/build install --record /home/jakub/wtf_ws/build/wtf/install.log --install-scripts $base/lib/wtf --single-version-externally-managed
[0.808s] /home/jakub/.local/lib/python3.8/site-packages/setuptools/dist.py:744: SetuptoolsDeprecationWarning: Invalid dash-separated options
[0.808s] !!
[0.808s] 
[0.808s]         ********************************************************************************
[0.808s]         Usage of dash-separated 'script-dir' will not be supported in future
[0.808s]         versions. Please use the underscore name 'script_dir' instead.
[0.808s] 
[0.808s]         By 2023-Sep-26, you need to update your project and remove deprecated calls
[0.809s]         or your builds will no longer be supported.
[0.809s] 
[0.809s]         See https://setuptools.pypa.io/en/latest/userguide/declarative_config.html for details.
[0.809s]         ********************************************************************************
[0.809s] 
[0.809s] !!
[0.809s]   opt = self.warn_dash_deprecation(opt, section)
[0.862s] running egg_info
[0.871s] writing ../../build/wtf/wtf.egg-info/PKG-INFO
[0.871s] writing dependency_links to ../../build/wtf/wtf.egg-info/dependency_links.txt
[0.871s] writing entry points to ../../build/wtf/wtf.egg-info/entry_points.txt
[0.871s] writing requirements to ../../build/wtf/wtf.egg-info/requires.txt
[0.871s] writing top-level names to ../../build/wtf/wtf.egg-info/top_level.txt
[0.943s] reading manifest file '../../build/wtf/wtf.egg-info/SOURCES.txt'
[0.944s] writing manifest file '../../build/wtf/wtf.egg-info/SOURCES.txt'
[0.944s] running build
[0.944s] running build_py
[0.944s] running install
[0.944s] /home/jakub/.local/lib/python3.8/site-packages/setuptools/_distutils/cmd.py:66: SetuptoolsDeprecationWarning: setup.py install is deprecated.
[0.944s] !!
[0.944s] 
[0.944s]         ********************************************************************************
[0.944s]         Please avoid running ``setup.py`` directly.
[0.944s]         Instead, use pypa/build, pypa/installer or other
[0.944s]         standards-based tools.
[0.944s] 
[0.944s]         See https://blog.ganssle.io/articles/2021/10/setup-py-deprecated.html for details.
[0.944s]         ********************************************************************************
[0.944s] 
[0.944s] !!
[0.944s]   self.initialize_options()
[0.947s] running install_lib
[0.956s] running install_data
[0.965s] copying launch/launch_sim.launch.py -> /home/jakub/wtf_ws/install/wtf/share/wtf/launch
[0.965s] running install_egg_info
[0.974s] removing '/home/jakub/wtf_ws/install/wtf/lib/python3.8/site-packages/wtf-0.0.0-py3.8.egg-info' (and everything under it)
[0.974s] Copying ../../build/wtf/wtf.egg-info to /home/jakub/wtf_ws/install/wtf/lib/python3.8/site-packages/wtf-0.0.0-py3.8.egg-info
[0.974s] running install_scripts
[1.001s] Installing scan_publisher script to /home/jakub/wtf_ws/install/wtf/lib/wtf
[1.001s] writing list of installed files to '/home/jakub/wtf_ws/build/wtf/install.log'
[1.016s] Invoked command in '/home/jakub/wtf_ws/src/wtf' returned '0': PYTHONPATH=/home/jakub/wtf_ws/build/wtf/prefix_override:/home/jakub/wtf_ws/install/wtf/lib/python3.8/site-packages:${PYTHONPATH} /usr/bin/python3 setup.py egg_info --egg-base ../../build/wtf build --build-base /home/jakub/wtf_ws/build/wtf/build install --record /home/jakub/wtf_ws/build/wtf/install.log --install-scripts $base/lib/wtf --single-version-externally-managed
