[0.468s] Invoking command in '/home/jakub/wtf_ws/build/wtf': PYTHONPATH=/home/jakub/wtf_ws/build/wtf/prefix_override:/home/jakub/wtf_ws/install/wtf/lib/python3.8/site-packages:${PYTHONPATH} /usr/bin/python3 setup.py develop --uninstall --editable --build-directory /home/jakub/wtf_ws/build/wtf/build
[0.540s] /home/jakub/.local/lib/python3.8/site-packages/setuptools/dist.py:744: SetuptoolsDeprecationWarning: Invalid dash-separated options
[0.540s] !!
[0.540s] 
[0.540s]         ********************************************************************************
[0.540s]         Usage of dash-separated 'script-dir' will not be supported in future
[0.540s]         versions. Please use the underscore name 'script_dir' instead.
[0.540s] 
[0.540s]         By 2023-Sep-26, you need to update your project and remove deprecated calls
[0.540s]         or your builds will no longer be supported.
[0.540s] 
[0.540s]         See https://setuptools.pypa.io/en/latest/userguide/declarative_config.html for details.
[0.540s]         ********************************************************************************
[0.540s] 
[0.540s] !!
[0.540s]   opt = self.warn_dash_deprecation(opt, section)
[0.640s] running develop
[0.641s] /home/jakub/.local/lib/python3.8/site-packages/setuptools/command/develop.py:40: EasyInstallDeprecationWarning: easy_install command is deprecated.
[0.641s] !!
[0.641s] 
[0.641s]         ********************************************************************************
[0.641s]         Please avoid running ``setup.py`` and ``easy_install``.
[0.641s]         Instead, use pypa/build, pypa/installer or other
[0.641s]         standards-based tools.
[0.641s] 
[0.641s]         See https://github.com/pypa/setuptools/issues/917 for details.
[0.641s]         ********************************************************************************
[0.641s] 
[0.641s] !!
[0.641s]   easy_install.initialize_options(self)
[0.660s] /home/jakub/.local/lib/python3.8/site-packages/setuptools/_distutils/cmd.py:66: SetuptoolsDeprecationWarning: setup.py install is deprecated.
[0.660s] !!
[0.660s] 
[0.660s]         ********************************************************************************
[0.660s]         Please avoid running ``setup.py`` directly.
[0.660s]         Instead, use pypa/build, pypa/installer or other
[0.660s]         standards-based tools.
[0.660s] 
[0.660s]         See https://blog.ganssle.io/articles/2021/10/setup-py-deprecated.html for details.
[0.660s]         ********************************************************************************
[0.660s] 
[0.660s] !!
[0.660s]   self.initialize_options()
[0.768s] Invoked command in '/home/jakub/wtf_ws/build/wtf' returned '0': PYTHONPATH=/home/jakub/wtf_ws/build/wtf/prefix_override:/home/jakub/wtf_ws/install/wtf/lib/python3.8/site-packages:${PYTHONPATH} /usr/bin/python3 setup.py develop --uninstall --editable --build-directory /home/jakub/wtf_ws/build/wtf/build
[0.768s] Invoking command in '/home/jakub/wtf_ws/src/wtf': PYTHONPATH=/home/jakub/wtf_ws/build/wtf/prefix_override:/home/jakub/wtf_ws/install/wtf/lib/python3.8/site-packages:${PYTHONPATH} /usr/bin/python3 setup.py egg_info --egg-base ../../build/wtf build --build-base /home/jakub/wtf_ws/build/wtf/build install --record /home/jakub/wtf_ws/build/wtf/install.log --install-scripts $base/lib/wtf --single-version-externally-managed
[0.835s] /home/jakub/.local/lib/python3.8/site-packages/setuptools/dist.py:744: SetuptoolsDeprecationWarning: Invalid dash-separated options
[0.835s] !!
[0.835s] 
[0.835s]         ********************************************************************************
[0.835s]         Usage of dash-separated 'script-dir' will not be supported in future
[0.835s]         versions. Please use the underscore name 'script_dir' instead.
[0.835s] 
[0.835s]         By 2023-Sep-26, you need to update your project and remove deprecated calls
[0.835s]         or your builds will no longer be supported.
[0.835s] 
[0.835s]         See https://setuptools.pypa.io/en/latest/userguide/declarative_config.html for details.
[0.835s]         ********************************************************************************
[0.835s] 
[0.835s] !!
[0.835s]   opt = self.warn_dash_deprecation(opt, section)
[0.890s] running egg_info
[0.899s] writing ../../build/wtf/wtf.egg-info/PKG-INFO
[0.899s] writing dependency_links to ../../build/wtf/wtf.egg-info/dependency_links.txt
[0.899s] writing entry points to ../../build/wtf/wtf.egg-info/entry_points.txt
[0.899s] writing requirements to ../../build/wtf/wtf.egg-info/requires.txt
[0.899s] writing top-level names to ../../build/wtf/wtf.egg-info/top_level.txt
[0.974s] reading manifest file '../../build/wtf/wtf.egg-info/SOURCES.txt'
[0.975s] writing manifest file '../../build/wtf/wtf.egg-info/SOURCES.txt'
[0.975s] running build
[0.975s] running build_py
[0.975s] running install
[0.975s] /home/jakub/.local/lib/python3.8/site-packages/setuptools/_distutils/cmd.py:66: SetuptoolsDeprecationWarning: setup.py install is deprecated.
[0.975s] !!
[0.975s] 
[0.975s]         ********************************************************************************
[0.975s]         Please avoid running ``setup.py`` directly.
[0.975s]         Instead, use pypa/build, pypa/installer or other
[0.975s]         standards-based tools.
[0.975s] 
[0.975s]         See https://blog.ganssle.io/articles/2021/10/setup-py-deprecated.html for details.
[0.975s]         ********************************************************************************
[0.975s] 
[0.975s] !!
[0.975s]   self.initialize_options()
[0.978s] running install_lib
[0.987s] running install_data
[0.996s] copying launch/rviz.launch.py -> /home/jakub/wtf_ws/install/wtf/share/wtf/launch
[0.996s] running install_egg_info
[1.005s] removing '/home/jakub/wtf_ws/install/wtf/lib/python3.8/site-packages/wtf-0.0.0-py3.8.egg-info' (and everything under it)
[1.006s] Copying ../../build/wtf/wtf.egg-info to /home/jakub/wtf_ws/install/wtf/lib/python3.8/site-packages/wtf-0.0.0-py3.8.egg-info
[1.006s] running install_scripts
[1.033s] Installing scan_publisher script to /home/jakub/wtf_ws/install/wtf/lib/wtf
[1.033s] writing list of installed files to '/home/jakub/wtf_ws/build/wtf/install.log'
[1.048s] Invoked command in '/home/jakub/wtf_ws/src/wtf' returned '0': PYTHONPATH=/home/jakub/wtf_ws/build/wtf/prefix_override:/home/jakub/wtf_ws/install/wtf/lib/python3.8/site-packages:${PYTHONPATH} /usr/bin/python3 setup.py egg_info --egg-base ../../build/wtf build --build-base /home/jakub/wtf_ws/build/wtf/build install --record /home/jakub/wtf_ws/build/wtf/install.log --install-scripts $base/lib/wtf --single-version-externally-managed
