[0.445s] Invoking command in '/home/jakub/wtf_ws/build/wtf': PYTHONPATH=/home/jakub/wtf_ws/build/wtf/prefix_override:/home/jakub/wtf_ws/install/wtf/lib/python3.8/site-packages:${PYTHONPATH} /usr/bin/python3 setup.py develop --uninstall --editable --build-directory /home/jakub/wtf_ws/build/wtf/build
[0.516s] /home/jakub/.local/lib/python3.8/site-packages/setuptools/dist.py:744: SetuptoolsDeprecationWarning: Invalid dash-separated options
[0.516s] !!
[0.516s] 
[0.516s]         ********************************************************************************
[0.516s]         Usage of dash-separated 'script-dir' will not be supported in future
[0.516s]         versions. Please use the underscore name 'script_dir' instead.
[0.516s] 
[0.516s]         By 2023-Sep-26, you need to update your project and remove deprecated calls
[0.516s]         or your builds will no longer be supported.
[0.516s] 
[0.516s]         See https://setuptools.pypa.io/en/latest/userguide/declarative_config.html for details.
[0.516s]         ********************************************************************************
[0.516s] 
[0.516s] !!
[0.516s]   opt = self.warn_dash_deprecation(opt, section)
[0.629s] /home/jakub/.local/lib/python3.8/site-packages/setuptools/command/develop.py:40: EasyInstallDeprecationWarning: easy_install command is deprecated.
[0.629s] !!
[0.629s] 
[0.629s]         ********************************************************************************
[0.629s]         Please avoid running ``setup.py`` and ``easy_install``.
[0.629s]         Instead, use pypa/build, pypa/installer or other
[0.629s]         standards-based tools.
[0.629s] 
[0.629s]         See https://github.com/pypa/setuptools/issues/917 for details.
[0.629s]         ********************************************************************************
[0.629s] 
[0.629s] !!
[0.629s]   easy_install.initialize_options(self)
[0.629s] running develop
[0.647s] /home/jakub/.local/lib/python3.8/site-packages/setuptools/_distutils/cmd.py:66: SetuptoolsDeprecationWarning: setup.py install is deprecated.
[0.647s] !!
[0.647s] 
[0.647s]         ********************************************************************************
[0.647s]         Please avoid running ``setup.py`` directly.
[0.647s]         Instead, use pypa/build, pypa/installer or other
[0.647s]         standards-based tools.
[0.647s] 
[0.647s]         See https://blog.ganssle.io/articles/2021/10/setup-py-deprecated.html for details.
[0.647s]         ********************************************************************************
[0.647s] 
[0.647s] !!
[0.647s]   self.initialize_options()
[0.758s] Invoked command in '/home/jakub/wtf_ws/build/wtf' returned '0': PYTHONPATH=/home/jakub/wtf_ws/build/wtf/prefix_override:/home/jakub/wtf_ws/install/wtf/lib/python3.8/site-packages:${PYTHONPATH} /usr/bin/python3 setup.py develop --uninstall --editable --build-directory /home/jakub/wtf_ws/build/wtf/build
[0.759s] Invoking command in '/home/jakub/wtf_ws/src/wtf': PYTHONPATH=/home/jakub/wtf_ws/build/wtf/prefix_override:/home/jakub/wtf_ws/install/wtf/lib/python3.8/site-packages:${PYTHONPATH} /usr/bin/python3 setup.py egg_info --egg-base ../../build/wtf build --build-base /home/jakub/wtf_ws/build/wtf/build install --record /home/jakub/wtf_ws/build/wtf/install.log --install-scripts $base/lib/wtf --single-version-externally-managed
[0.826s] /home/jakub/.local/lib/python3.8/site-packages/setuptools/dist.py:744: SetuptoolsDeprecationWarning: Invalid dash-separated options
[0.827s] !!
[0.827s] 
[0.827s]         ********************************************************************************
[0.827s]         Usage of dash-separated 'script-dir' will not be supported in future
[0.827s]         versions. Please use the underscore name 'script_dir' instead.
[0.827s] 
[0.827s]         By 2023-Sep-26, you need to update your project and remove deprecated calls
[0.827s]         or your builds will no longer be supported.
[0.827s] 
[0.827s]         See https://setuptools.pypa.io/en/latest/userguide/declarative_config.html for details.
[0.827s]         ********************************************************************************
[0.827s] 
[0.827s] !!
[0.827s]   opt = self.warn_dash_deprecation(opt, section)
[0.881s] running egg_info
[0.890s] writing ../../build/wtf/wtf.egg-info/PKG-INFO
[0.890s] writing dependency_links to ../../build/wtf/wtf.egg-info/dependency_links.txt
[0.890s] writing entry points to ../../build/wtf/wtf.egg-info/entry_points.txt
[0.890s] writing requirements to ../../build/wtf/wtf.egg-info/requires.txt
[0.890s] writing top-level names to ../../build/wtf/wtf.egg-info/top_level.txt
[0.963s] reading manifest file '../../build/wtf/wtf.egg-info/SOURCES.txt'
[0.963s] writing manifest file '../../build/wtf/wtf.egg-info/SOURCES.txt'
[0.963s] running build
[0.964s] running build_py
[0.964s] /home/jakub/.local/lib/python3.8/site-packages/setuptools/_distutils/cmd.py:66: SetuptoolsDeprecationWarning: setup.py install is deprecated.
[0.964s] !!
[0.964s] 
[0.964s]         ********************************************************************************
[0.964s]         Please avoid running ``setup.py`` directly.
[0.964s]         Instead, use pypa/build, pypa/installer or other
[0.964s]         standards-based tools.
[0.964s] 
[0.964s]         See https://blog.ganssle.io/articles/2021/10/setup-py-deprecated.html for details.
[0.964s]         ********************************************************************************
[0.964s] 
[0.964s] !!
[0.964s]   self.initialize_options()
[0.964s] running install
[0.967s] running install_lib
[0.976s] running install_data
[0.985s] copying description/robot.urdf.xacro -> /home/jakub/wtf_ws/install/wtf/share/wtf/description
[0.985s] running install_egg_info
[0.994s] removing '/home/jakub/wtf_ws/install/wtf/lib/python3.8/site-packages/wtf-0.0.0-py3.8.egg-info' (and everything under it)
[0.994s] Copying ../../build/wtf/wtf.egg-info to /home/jakub/wtf_ws/install/wtf/lib/python3.8/site-packages/wtf-0.0.0-py3.8.egg-info
[0.994s] running install_scripts
[1.021s] Installing scan_publisher script to /home/jakub/wtf_ws/install/wtf/lib/wtf
[1.021s] writing list of installed files to '/home/jakub/wtf_ws/build/wtf/install.log'
[1.037s] Invoked command in '/home/jakub/wtf_ws/src/wtf' returned '0': PYTHONPATH=/home/jakub/wtf_ws/build/wtf/prefix_override:/home/jakub/wtf_ws/install/wtf/lib/python3.8/site-packages:${PYTHONPATH} /usr/bin/python3 setup.py egg_info --egg-base ../../build/wtf build --build-base /home/jakub/wtf_ws/build/wtf/build install --record /home/jakub/wtf_ws/build/wtf/install.log --install-scripts $base/lib/wtf --single-version-externally-managed
