/home/jakub/wtf_ws/install/wtf/lib/python3.8/site-packages/wtf/__init__.py
/home/jakub/wtf_ws/install/wtf/lib/python3.8/site-packages/wtf/scan_publisher.py
/home/jakub/wtf_ws/install/wtf/lib/python3.8/site-packages/wtf/const_scan.py
/home/jakub/wtf_ws/install/wtf/lib/python3.8/site-packages/wtf/__pycache__/__init__.cpython-38.pyc
/home/jakub/wtf_ws/install/wtf/lib/python3.8/site-packages/wtf/__pycache__/scan_publisher.cpython-38.pyc
/home/jakub/wtf_ws/install/wtf/lib/python3.8/site-packages/wtf/__pycache__/const_scan.cpython-38.pyc
/home/jakub/wtf_ws/install/wtf/share/ament_index/resource_index/packages/wtf
/home/jakub/wtf_ws/install/wtf/share/wtf/package.xml
/home/jakub/wtf_ws/install/wtf/share/wtf/launch/launch_sim.launch.py
/home/jakub/wtf_ws/install/wtf/share/wtf/launch/rsp.launch.py
/home/jakub/wtf_ws/install/wtf/share/wtf/launch/nav2_launch.py
/home/jakub/wtf_ws/install/wtf/share/wtf/launch/scan_publisher.launch.py
/home/jakub/wtf_ws/install/wtf/share/wtf/launch/rviz.launch.py
/home/jakub/wtf_ws/install/wtf/share/wtf/rviz/my_config.rviz
/home/jakub/wtf_ws/install/wtf/share/wtf/rviz/urdf_config.rviz
/home/jakub/wtf_ws/install/wtf/share/wtf/description/camera.xacro
/home/jakub/wtf_ws/install/wtf/share/wtf/description/inertial_macros.xacro
/home/jakub/wtf_ws/install/wtf/share/wtf/description/robot.urdf.xacro
/home/jakub/wtf_ws/install/wtf/share/wtf/description/materials.xacro
/home/jakub/wtf_ws/install/wtf/share/wtf/description/gazebo_control.xacro
/home/jakub/wtf_ws/install/wtf/share/wtf/description/lidar.xacro
/home/jakub/wtf_ws/install/wtf/share/wtf/description/robot_core.xacro
/home/jakub/wtf_ws/install/wtf/share/wtf/config/ekf.yaml
/home/jakub/wtf_ws/install/wtf/share/wtf/config/nav2_params.yaml
/home/jakub/wtf_ws/install/wtf/share/wtf/worlds/worlds_combined.world
/home/jakub/wtf_ws/install/wtf/share/wtf/worlds/empty.world
/home/jakub/wtf_ws/install/wtf/lib/python3.8/site-packages/wtf-0.0.0-py3.8.egg-info/top_level.txt
/home/jakub/wtf_ws/install/wtf/lib/python3.8/site-packages/wtf-0.0.0-py3.8.egg-info/zip-safe
/home/jakub/wtf_ws/install/wtf/lib/python3.8/site-packages/wtf-0.0.0-py3.8.egg-info/requires.txt
/home/jakub/wtf_ws/install/wtf/lib/python3.8/site-packages/wtf-0.0.0-py3.8.egg-info/entry_points.txt
/home/jakub/wtf_ws/install/wtf/lib/python3.8/site-packages/wtf-0.0.0-py3.8.egg-info/dependency_links.txt
/home/jakub/wtf_ws/install/wtf/lib/python3.8/site-packages/wtf-0.0.0-py3.8.egg-info/PKG-INFO
/home/jakub/wtf_ws/install/wtf/lib/python3.8/site-packages/wtf-0.0.0-py3.8.egg-info/SOURCES.txt
/home/jakub/wtf_ws/install/wtf/lib/wtf/const_scan
/home/jakub/wtf_ws/install/wtf/lib/wtf/scan_publisher
