[0.444s] Invoking command in '/home/jakub/wtf_ws/build/wtf': PYTHONPATH=/home/jakub/wtf_ws/build/wtf/prefix_override:/home/jakub/wtf_ws/install/wtf/lib/python3.8/site-packages:${PYTHONPATH} /usr/bin/python3 setup.py develop --editable --build-directory /home/jakub/wtf_ws/build/wtf/build --no-deps install_data
[0.513s] /home/jakub/.local/lib/python3.8/site-packages/setuptools/dist.py:744: SetuptoolsDeprecationWarning: Invalid dash-separated options
[0.514s] !!
[0.514s] 
[0.514s]         ********************************************************************************
[0.514s]         Usage of dash-separated 'script-dir' will not be supported in future
[0.514s]         versions. Please use the underscore name 'script_dir' instead.
[0.514s] 
[0.514s]         By 2023-Sep-26, you need to update your project and remove deprecated calls
[0.514s]         or your builds will no longer be supported.
[0.514s] 
[0.514s]         See https://setuptools.pypa.io/en/latest/userguide/declarative_config.html for details.
[0.514s]         ********************************************************************************
[0.514s] 
[0.514s] !!
[0.514s]   opt = self.warn_dash_deprecation(opt, section)
[0.623s] running develop
[0.624s] /home/jakub/.local/lib/python3.8/site-packages/setuptools/command/develop.py:40: EasyInstallDeprecationWarning: easy_install command is deprecated.
[0.624s] !!
[0.624s] 
[0.624s]         ********************************************************************************
[0.624s]         Please avoid running ``setup.py`` and ``easy_install``.
[0.624s]         Instead, use pypa/build, pypa/installer or other
[0.624s]         standards-based tools.
[0.624s] 
[0.624s]         See https://github.com/pypa/setuptools/issues/917 for details.
[0.624s]         ********************************************************************************
[0.624s] 
[0.624s] !!
[0.624s]   easy_install.initialize_options(self)
[0.642s] /home/jakub/.local/lib/python3.8/site-packages/setuptools/_distutils/cmd.py:66: SetuptoolsDeprecationWarning: setup.py install is deprecated.
[0.642s] !!
[0.642s] 
[0.642s]         ********************************************************************************
[0.642s]         Please avoid running ``setup.py`` directly.
[0.642s]         Instead, use pypa/build, pypa/installer or other
[0.642s]         standards-based tools.
[0.642s] 
[0.642s]         See https://blog.ganssle.io/articles/2021/10/setup-py-deprecated.html for details.
[0.642s]         ********************************************************************************
[0.642s] 
[0.642s] !!
[0.642s]   self.initialize_options()
[0.737s] running egg_info
[0.746s] writing wtf.egg-info/PKG-INFO
[0.746s] writing dependency_links to wtf.egg-info/dependency_links.txt
[0.746s] writing entry points to wtf.egg-info/entry_points.txt
[0.747s] writing requirements to wtf.egg-info/requires.txt
[0.747s] writing top-level names to wtf.egg-info/top_level.txt
[0.765s] reading manifest file 'wtf.egg-info/SOURCES.txt'
[0.766s] writing manifest file 'wtf.egg-info/SOURCES.txt'
[0.800s] running build_ext
[0.800s] Creating /home/jakub/wtf_ws/install/wtf/lib/python3.8/site-packages/wtf.egg-link (link to .)
[0.800s] Installing scan_publisher script to /home/jakub/wtf_ws/install/wtf/lib/wtf
[0.800s] 
[0.800s] Installed /home/jakub/wtf_ws/build/wtf
[0.801s] running install_data
[0.801s] copying description/robot.urdf.xacro -> /home/jakub/wtf_ws/install/wtf/share/wtf/description
[0.801s] copying description/robot_core.xacro -> /home/jakub/wtf_ws/install/wtf/share/wtf/description
[0.818s] Invoked command in '/home/jakub/wtf_ws/build/wtf' returned '0': PYTHONPATH=/home/jakub/wtf_ws/build/wtf/prefix_override:/home/jakub/wtf_ws/install/wtf/lib/python3.8/site-packages:${PYTHONPATH} /usr/bin/python3 setup.py develop --editable --build-directory /home/jakub/wtf_ws/build/wtf/build --no-deps install_data
