[0.423s] Invoking command in '/home/jakub/wtf_ws/build/wtf': PYTHONPATH=/home/jakub/wtf_ws/build/wtf/prefix_override:/home/jakub/wtf_ws/install/wtf/lib/python3.8/site-packages:${PYTHONPATH} /usr/bin/python3 setup.py develop --uninstall --editable --build-directory /home/jakub/wtf_ws/build/wtf/build
[0.494s] /home/jakub/.local/lib/python3.8/site-packages/setuptools/dist.py:744: SetuptoolsDeprecationWarning: Invalid dash-separated options
[0.494s] !!
[0.494s] 
[0.494s]         ********************************************************************************
[0.494s]         Usage of dash-separated 'script-dir' will not be supported in future
[0.494s]         versions. Please use the underscore name 'script_dir' instead.
[0.494s] 
[0.494s]         By 2023-Sep-26, you need to update your project and remove deprecated calls
[0.494s]         or your builds will no longer be supported.
[0.494s] 
[0.494s]         See https://setuptools.pypa.io/en/latest/userguide/declarative_config.html for details.
[0.494s]         ********************************************************************************
[0.494s] 
[0.494s] !!
[0.495s]   opt = self.warn_dash_deprecation(opt, section)
[0.596s] running develop
[0.596s] /home/jakub/.local/lib/python3.8/site-packages/setuptools/command/develop.py:40: EasyInstallDeprecationWarning: easy_install command is deprecated.
[0.597s] !!
[0.597s] 
[0.597s]         ********************************************************************************
[0.597s]         Please avoid running ``setup.py`` and ``easy_install``.
[0.597s]         Instead, use pypa/build, pypa/installer or other
[0.597s]         standards-based tools.
[0.597s] 
[0.597s]         See https://github.com/pypa/setuptools/issues/917 for details.
[0.597s]         ********************************************************************************
[0.597s] 
[0.597s] !!
[0.597s]   easy_install.initialize_options(self)
[0.614s] /home/jakub/.local/lib/python3.8/site-packages/setuptools/_distutils/cmd.py:66: SetuptoolsDeprecationWarning: setup.py install is deprecated.
[0.614s] !!
[0.614s] 
[0.614s]         ********************************************************************************
[0.614s]         Please avoid running ``setup.py`` directly.
[0.614s]         Instead, use pypa/build, pypa/installer or other
[0.614s]         standards-based tools.
[0.615s] 
[0.615s]         See https://blog.ganssle.io/articles/2021/10/setup-py-deprecated.html for details.
[0.615s]         ********************************************************************************
[0.615s] 
[0.615s] !!
[0.615s]   self.initialize_options()
[0.720s] Invoked command in '/home/jakub/wtf_ws/build/wtf' returned '0': PYTHONPATH=/home/jakub/wtf_ws/build/wtf/prefix_override:/home/jakub/wtf_ws/install/wtf/lib/python3.8/site-packages:${PYTHONPATH} /usr/bin/python3 setup.py develop --uninstall --editable --build-directory /home/jakub/wtf_ws/build/wtf/build
[0.721s] Invoking command in '/home/jakub/wtf_ws/src/wtf': PYTHONPATH=/home/jakub/wtf_ws/build/wtf/prefix_override:/home/jakub/wtf_ws/install/wtf/lib/python3.8/site-packages:${PYTHONPATH} /usr/bin/python3 setup.py egg_info --egg-base ../../build/wtf build --build-base /home/jakub/wtf_ws/build/wtf/build install --record /home/jakub/wtf_ws/build/wtf/install.log --install-scripts $base/lib/wtf --single-version-externally-managed
[0.788s] /home/jakub/.local/lib/python3.8/site-packages/setuptools/dist.py:744: SetuptoolsDeprecationWarning: Invalid dash-separated options
[0.788s] !!
[0.788s] 
[0.788s]         ********************************************************************************
[0.788s]         Usage of dash-separated 'script-dir' will not be supported in future
[0.788s]         versions. Please use the underscore name 'script_dir' instead.
[0.788s] 
[0.788s]         By 2023-Sep-26, you need to update your project and remove deprecated calls
[0.788s]         or your builds will no longer be supported.
[0.788s] 
[0.788s]         See https://setuptools.pypa.io/en/latest/userguide/declarative_config.html for details.
[0.788s]         ********************************************************************************
[0.788s] 
[0.788s] !!
[0.788s]   opt = self.warn_dash_deprecation(opt, section)
[0.837s] running egg_info
[0.845s] writing ../../build/wtf/wtf.egg-info/PKG-INFO
[0.845s] writing dependency_links to ../../build/wtf/wtf.egg-info/dependency_links.txt
[0.845s] writing entry points to ../../build/wtf/wtf.egg-info/entry_points.txt
[0.845s] writing requirements to ../../build/wtf/wtf.egg-info/requires.txt
[0.845s] writing top-level names to ../../build/wtf/wtf.egg-info/top_level.txt
[0.911s] reading manifest file '../../build/wtf/wtf.egg-info/SOURCES.txt'
[0.911s] writing manifest file '../../build/wtf/wtf.egg-info/SOURCES.txt'
[0.911s] running build
[0.911s] running build_py
[0.911s] copying wtf/const_scan.py -> /home/jakub/wtf_ws/build/wtf/build/lib/wtf
[0.911s] running install
[0.911s] /home/jakub/.local/lib/python3.8/site-packages/setuptools/_distutils/cmd.py:66: SetuptoolsDeprecationWarning: setup.py install is deprecated.
[0.911s] !!
[0.912s] 
[0.912s]         ********************************************************************************
[0.912s]         Please avoid running ``setup.py`` directly.
[0.912s]         Instead, use pypa/build, pypa/installer or other
[0.912s]         standards-based tools.
[0.912s] 
[0.912s]         See https://blog.ganssle.io/articles/2021/10/setup-py-deprecated.html for details.
[0.912s]         ********************************************************************************
[0.912s] 
[0.912s] !!
[0.912s]   self.initialize_options()
[0.914s] running install_lib
[0.922s] copying /home/jakub/wtf_ws/build/wtf/build/lib/wtf/const_scan.py -> /home/jakub/wtf_ws/install/wtf/lib/python3.8/site-packages/wtf
[0.922s] byte-compiling /home/jakub/wtf_ws/install/wtf/lib/python3.8/site-packages/wtf/const_scan.py to const_scan.cpython-38.pyc
[0.923s] running install_data
[0.931s] running install_egg_info
[0.939s] removing '/home/jakub/wtf_ws/install/wtf/lib/python3.8/site-packages/wtf-0.0.0-py3.8.egg-info' (and everything under it)
[0.939s] Copying ../../build/wtf/wtf.egg-info to /home/jakub/wtf_ws/install/wtf/lib/python3.8/site-packages/wtf-0.0.0-py3.8.egg-info
[0.940s] running install_scripts
[0.964s] Installing const_scan script to /home/jakub/wtf_ws/install/wtf/lib/wtf
[0.964s] Installing scan_publisher script to /home/jakub/wtf_ws/install/wtf/lib/wtf
[0.964s] writing list of installed files to '/home/jakub/wtf_ws/build/wtf/install.log'
[0.981s] Invoked command in '/home/jakub/wtf_ws/src/wtf' returned '0': PYTHONPATH=/home/jakub/wtf_ws/build/wtf/prefix_override:/home/jakub/wtf_ws/install/wtf/lib/python3.8/site-packages:${PYTHONPATH} /usr/bin/python3 setup.py egg_info --egg-base ../../build/wtf build --build-base /home/jakub/wtf_ws/build/wtf/build install --record /home/jakub/wtf_ws/build/wtf/install.log --install-scripts $base/lib/wtf --single-version-externally-managed
