[0.446s] Invoking command in '/home/jakub/wtf_ws/build/wtf': PYTHONPATH=/home/jakub/wtf_ws/build/wtf/prefix_override:/home/jakub/wtf_ws/install/wtf/lib/python3.8/site-packages:${PYTHONPATH} /usr/bin/python3 setup.py develop --uninstall --editable --build-directory /home/jakub/wtf_ws/build/wtf/build
[0.519s] /home/jakub/.local/lib/python3.8/site-packages/setuptools/dist.py:744: SetuptoolsDeprecationWarning: Invalid dash-separated options
[0.519s] !!
[0.520s] 
[0.520s]         ********************************************************************************
[0.520s]         Usage of dash-separated 'script-dir' will not be supported in future
[0.520s]         versions. Please use the underscore name 'script_dir' instead.
[0.520s] 
[0.520s]         By 2023-Sep-26, you need to update your project and remove deprecated calls
[0.520s]         or your builds will no longer be supported.
[0.520s] 
[0.520s]         See https://setuptools.pypa.io/en/latest/userguide/declarative_config.html for details.
[0.520s]         ********************************************************************************
[0.520s] 
[0.520s] !!
[0.520s]   opt = self.warn_dash_deprecation(opt, section)
[0.639s] running develop
[0.639s] /home/jakub/.local/lib/python3.8/site-packages/setuptools/command/develop.py:40: EasyInstallDeprecationWarning: easy_install command is deprecated.
[0.639s] !!
[0.639s] 
[0.639s]         ********************************************************************************
[0.639s]         Please avoid running ``setup.py`` and ``easy_install``.
[0.639s]         Instead, use pypa/build, pypa/installer or other
[0.639s]         standards-based tools.
[0.639s] 
[0.639s]         See https://github.com/pypa/setuptools/issues/917 for details.
[0.639s]         ********************************************************************************
[0.639s] 
[0.639s] !!
[0.639s]   easy_install.initialize_options(self)
[0.660s] /home/jakub/.local/lib/python3.8/site-packages/setuptools/_distutils/cmd.py:66: SetuptoolsDeprecationWarning: setup.py install is deprecated.
[0.660s] !!
[0.660s] 
[0.660s]         ********************************************************************************
[0.660s]         Please avoid running ``setup.py`` directly.
[0.660s]         Instead, use pypa/build, pypa/installer or other
[0.660s]         standards-based tools.
[0.660s] 
[0.660s]         See https://blog.ganssle.io/articles/2021/10/setup-py-deprecated.html for details.
[0.660s]         ********************************************************************************
[0.660s] 
[0.660s] !!
[0.660s]   self.initialize_options()
[0.771s] Invoked command in '/home/jakub/wtf_ws/build/wtf' returned '0': PYTHONPATH=/home/jakub/wtf_ws/build/wtf/prefix_override:/home/jakub/wtf_ws/install/wtf/lib/python3.8/site-packages:${PYTHONPATH} /usr/bin/python3 setup.py develop --uninstall --editable --build-directory /home/jakub/wtf_ws/build/wtf/build
[0.773s] Invoking command in '/home/jakub/wtf_ws/src/wtf': PYTHONPATH=/home/jakub/wtf_ws/build/wtf/prefix_override:/home/jakub/wtf_ws/install/wtf/lib/python3.8/site-packages:${PYTHONPATH} /usr/bin/python3 setup.py egg_info --egg-base ../../build/wtf build --build-base /home/jakub/wtf_ws/build/wtf/build install --record /home/jakub/wtf_ws/build/wtf/install.log --install-scripts $base/lib/wtf --single-version-externally-managed
[0.843s] /home/jakub/.local/lib/python3.8/site-packages/setuptools/dist.py:744: SetuptoolsDeprecationWarning: Invalid dash-separated options
[0.843s] !!
[0.843s] 
[0.843s]         ********************************************************************************
[0.843s]         Usage of dash-separated 'script-dir' will not be supported in future
[0.843s]         versions. Please use the underscore name 'script_dir' instead.
[0.843s] 
[0.843s]         By 2023-Sep-26, you need to update your project and remove deprecated calls
[0.843s]         or your builds will no longer be supported.
[0.843s] 
[0.843s]         See https://setuptools.pypa.io/en/latest/userguide/declarative_config.html for details.
[0.843s]         ********************************************************************************
[0.843s] 
[0.843s] !!
[0.843s]   opt = self.warn_dash_deprecation(opt, section)
[0.896s] running egg_info
[0.904s] writing ../../build/wtf/wtf.egg-info/PKG-INFO
[0.904s] writing dependency_links to ../../build/wtf/wtf.egg-info/dependency_links.txt
[0.904s] writing entry points to ../../build/wtf/wtf.egg-info/entry_points.txt
[0.904s] writing requirements to ../../build/wtf/wtf.egg-info/requires.txt
[0.904s] writing top-level names to ../../build/wtf/wtf.egg-info/top_level.txt
[0.978s] reading manifest file '../../build/wtf/wtf.egg-info/SOURCES.txt'
[0.978s] writing manifest file '../../build/wtf/wtf.egg-info/SOURCES.txt'
[0.978s] running build
[0.978s] running build_py
[0.979s] running install
[0.979s] /home/jakub/.local/lib/python3.8/site-packages/setuptools/_distutils/cmd.py:66: SetuptoolsDeprecationWarning: setup.py install is deprecated.
[0.979s] !!
[0.979s] 
[0.979s]         ********************************************************************************
[0.979s]         Please avoid running ``setup.py`` directly.
[0.979s]         Instead, use pypa/build, pypa/installer or other
[0.979s]         standards-based tools.
[0.979s] 
[0.979s]         See https://blog.ganssle.io/articles/2021/10/setup-py-deprecated.html for details.
[0.979s]         ********************************************************************************
[0.979s] 
[0.979s] !!
[0.979s]   self.initialize_options()
[0.982s] running install_lib
[0.991s] running install_data
[1.000s] copying launch/launch_sim.launch.py -> /home/jakub/wtf_ws/install/wtf/share/wtf/launch
[1.000s] running install_egg_info
[1.009s] removing '/home/jakub/wtf_ws/install/wtf/lib/python3.8/site-packages/wtf-0.0.0-py3.8.egg-info' (and everything under it)
[1.009s] Copying ../../build/wtf/wtf.egg-info to /home/jakub/wtf_ws/install/wtf/lib/python3.8/site-packages/wtf-0.0.0-py3.8.egg-info
[1.009s] running install_scripts
[1.036s] Installing scan_publisher script to /home/jakub/wtf_ws/install/wtf/lib/wtf
[1.036s] writing list of installed files to '/home/jakub/wtf_ws/build/wtf/install.log'
[1.051s] Invoked command in '/home/jakub/wtf_ws/src/wtf' returned '0': PYTHONPATH=/home/jakub/wtf_ws/build/wtf/prefix_override:/home/jakub/wtf_ws/install/wtf/lib/python3.8/site-packages:${PYTHONPATH} /usr/bin/python3 setup.py egg_info --egg-base ../../build/wtf build --build-base /home/jakub/wtf_ws/build/wtf/build install --record /home/jakub/wtf_ws/build/wtf/install.log --install-scripts $base/lib/wtf --single-version-externally-managed
