[0.443s] Invoking command in '/home/jakub/wtf_ws/build/wtf': PYTHONPATH=/home/jakub/wtf_ws/build/wtf/prefix_override:/home/jakub/wtf_ws/install/wtf/lib/python3.8/site-packages:${PYTHONPATH} /usr/bin/python3 setup.py develop --editable --build-directory /home/jakub/wtf_ws/build/wtf/build --no-deps install_data
[0.515s] /home/jakub/.local/lib/python3.8/site-packages/setuptools/dist.py:744: SetuptoolsDeprecationWarning: Invalid dash-separated options
[0.515s] !!
[0.515s] 
[0.515s]         ********************************************************************************
[0.515s]         Usage of dash-separated 'script-dir' will not be supported in future
[0.515s]         versions. Please use the underscore name 'script_dir' instead.
[0.515s] 
[0.515s]         By 2023-Sep-26, you need to update your project and remove deprecated calls
[0.515s]         or your builds will no longer be supported.
[0.515s] 
[0.515s]         See https://setuptools.pypa.io/en/latest/userguide/declarative_config.html for details.
[0.515s]         ********************************************************************************
[0.516s] 
[0.516s] !!
[0.516s]   opt = self.warn_dash_deprecation(opt, section)
[0.629s] running develop
[0.629s] /home/jakub/.local/lib/python3.8/site-packages/setuptools/command/develop.py:40: EasyInstallDeprecationWarning: easy_install command is deprecated.
[0.629s] !!
[0.629s] 
[0.629s]         ********************************************************************************
[0.629s]         Please avoid running ``setup.py`` and ``easy_install``.
[0.629s]         Instead, use pypa/build, pypa/installer or other
[0.629s]         standards-based tools.
[0.629s] 
[0.630s]         See https://github.com/pypa/setuptools/issues/917 for details.
[0.630s]         ********************************************************************************
[0.630s] 
[0.630s] !!
[0.630s]   easy_install.initialize_options(self)
[0.648s] /home/jakub/.local/lib/python3.8/site-packages/setuptools/_distutils/cmd.py:66: SetuptoolsDeprecationWarning: setup.py install is deprecated.
[0.648s] !!
[0.648s] 
[0.648s]         ********************************************************************************
[0.648s]         Please avoid running ``setup.py`` directly.
[0.648s]         Instead, use pypa/build, pypa/installer or other
[0.648s]         standards-based tools.
[0.648s] 
[0.648s]         See https://blog.ganssle.io/articles/2021/10/setup-py-deprecated.html for details.
[0.648s]         ********************************************************************************
[0.648s] 
[0.648s] !!
[0.648s]   self.initialize_options()
[0.743s] running egg_info
[0.752s] writing wtf.egg-info/PKG-INFO
[0.752s] writing dependency_links to wtf.egg-info/dependency_links.txt
[0.752s] writing entry points to wtf.egg-info/entry_points.txt
[0.752s] writing requirements to wtf.egg-info/requires.txt
[0.752s] writing top-level names to wtf.egg-info/top_level.txt
[0.770s] reading manifest file 'wtf.egg-info/SOURCES.txt'
[0.771s] writing manifest file 'wtf.egg-info/SOURCES.txt'
[0.805s] running build_ext
[0.805s] Creating /home/jakub/wtf_ws/install/wtf/lib/python3.8/site-packages/wtf.egg-link (link to .)
[0.805s] Installing scan_publisher script to /home/jakub/wtf_ws/install/wtf/lib/wtf
[0.805s] 
[0.805s] Installed /home/jakub/wtf_ws/build/wtf
[0.805s] running install_data
[0.805s] copying launch/launch_sim.launch.py -> /home/jakub/wtf_ws/install/wtf/share/wtf/launch
[0.823s] Invoked command in '/home/jakub/wtf_ws/build/wtf' returned '0': PYTHONPATH=/home/jakub/wtf_ws/build/wtf/prefix_override:/home/jakub/wtf_ws/install/wtf/lib/python3.8/site-packages:${PYTHONPATH} /usr/bin/python3 setup.py develop --editable --build-directory /home/jakub/wtf_ws/build/wtf/build --no-deps install_data
