[0.476s] Invoking command in '/home/jakub/wtf_ws/src/wtf': PYTHONPATH=/home/jakub/wtf_ws/build/wtf/prefix_override:/home/jakub/wtf_ws/install/wtf/lib/python3.8/site-packages:${PYTHONPATH} /usr/bin/python3 setup.py egg_info --egg-base ../../build/wtf build --build-base /home/jakub/wtf_ws/build/wtf/build install --record /home/jakub/wtf_ws/build/wtf/install.log --install-scripts $base/lib/wtf --single-version-externally-managed
[0.545s] /home/jakub/.local/lib/python3.8/site-packages/setuptools/dist.py:744: SetuptoolsDeprecationWarning: Invalid dash-separated options
[0.546s] !!
[0.546s] 
[0.546s]         ********************************************************************************
[0.546s]         Usage of dash-separated 'script-dir' will not be supported in future
[0.546s]         versions. Please use the underscore name 'script_dir' instead.
[0.546s] 
[0.546s]         By 2023-Sep-26, you need to update your project and remove deprecated calls
[0.546s]         or your builds will no longer be supported.
[0.546s] 
[0.546s]         See https://setuptools.pypa.io/en/latest/userguide/declarative_config.html for details.
[0.546s]         ********************************************************************************
[0.546s] 
[0.546s] !!
[0.546s]   opt = self.warn_dash_deprecation(opt, section)
[0.602s] running egg_info
[0.602s] creating ../../build/wtf/wtf.egg-info
[0.611s] writing ../../build/wtf/wtf.egg-info/PKG-INFO
[0.611s] writing dependency_links to ../../build/wtf/wtf.egg-info/dependency_links.txt
[0.611s] writing requirements to ../../build/wtf/wtf.egg-info/requires.txt
[0.611s] writing top-level names to ../../build/wtf/wtf.egg-info/top_level.txt
[0.669s] writing manifest file '../../build/wtf/wtf.egg-info/SOURCES.txt'
[0.686s] reading manifest file '../../build/wtf/wtf.egg-info/SOURCES.txt'
[0.687s] writing manifest file '../../build/wtf/wtf.egg-info/SOURCES.txt'
[0.687s] running build
[0.687s] running build_py
[0.687s] creating /home/jakub/wtf_ws/build/wtf/build
[0.687s] creating /home/jakub/wtf_ws/build/wtf/build/lib
[0.687s] creating /home/jakub/wtf_ws/build/wtf/build/lib/wtf
[0.687s] copying wtf/__init__.py -> /home/jakub/wtf_ws/build/wtf/build/lib/wtf
[0.687s] running install
[0.687s] /home/jakub/.local/lib/python3.8/site-packages/setuptools/_distutils/cmd.py:66: SetuptoolsDeprecationWarning: setup.py install is deprecated.
[0.687s] !!
[0.687s] 
[0.687s]         ********************************************************************************
[0.687s]         Please avoid running ``setup.py`` directly.
[0.687s]         Instead, use pypa/build, pypa/installer or other
[0.687s]         standards-based tools.
[0.687s] 
[0.687s]         See https://blog.ganssle.io/articles/2021/10/setup-py-deprecated.html for details.
[0.687s]         ********************************************************************************
[0.688s] 
[0.688s] !!
[0.688s]   self.initialize_options()
[0.690s] running install_lib
[0.699s] creating /home/jakub/wtf_ws/install/wtf/lib/python3.8/site-packages/wtf
[0.699s] copying /home/jakub/wtf_ws/build/wtf/build/lib/wtf/__init__.py -> /home/jakub/wtf_ws/install/wtf/lib/python3.8/site-packages/wtf
[0.699s] byte-compiling /home/jakub/wtf_ws/install/wtf/lib/python3.8/site-packages/wtf/__init__.py to __init__.cpython-38.pyc
[0.700s] running install_data
[0.708s] creating /home/jakub/wtf_ws/install/wtf/share/ament_index
[0.708s] creating /home/jakub/wtf_ws/install/wtf/share/ament_index/resource_index
[0.708s] creating /home/jakub/wtf_ws/install/wtf/share/ament_index/resource_index/packages
[0.708s] copying resource/wtf -> /home/jakub/wtf_ws/install/wtf/share/ament_index/resource_index/packages
[0.708s] copying package.xml -> /home/jakub/wtf_ws/install/wtf/share/wtf
[0.708s] running install_egg_info
[0.717s] Copying ../../build/wtf/wtf.egg-info to /home/jakub/wtf_ws/install/wtf/lib/python3.8/site-packages/wtf-0.0.0-py3.8.egg-info
[0.718s] running install_scripts
[0.744s] writing list of installed files to '/home/jakub/wtf_ws/build/wtf/install.log'
[0.758s] Invoked command in '/home/jakub/wtf_ws/src/wtf' returned '0': PYTHONPATH=/home/jakub/wtf_ws/build/wtf/prefix_override:/home/jakub/wtf_ws/install/wtf/lib/python3.8/site-packages:${PYTHONPATH} /usr/bin/python3 setup.py egg_info --egg-base ../../build/wtf build --build-base /home/jakub/wtf_ws/build/wtf/build install --record /home/jakub/wtf_ws/build/wtf/install.log --install-scripts $base/lib/wtf --single-version-externally-managed
