[0.448s] Invoking command in '/home/jakub/wtf_ws/build/wtf': PYTHONPATH=/home/jakub/wtf_ws/build/wtf/prefix_override:/home/jakub/wtf_ws/install/wtf/lib/python3.8/site-packages:${PYTHONPATH} /usr/bin/python3 setup.py develop --uninstall --editable --build-directory /home/jakub/wtf_ws/build/wtf/build
[0.517s] /home/jakub/.local/lib/python3.8/site-packages/setuptools/dist.py:744: SetuptoolsDeprecationWarning: Invalid dash-separated options
[0.517s] !!
[0.518s] 
[0.518s]         ********************************************************************************
[0.518s]         Usage of dash-separated 'script-dir' will not be supported in future
[0.518s]         versions. Please use the underscore name 'script_dir' instead.
[0.518s] 
[0.518s]         By 2023-Sep-26, you need to update your project and remove deprecated calls
[0.518s]         or your builds will no longer be supported.
[0.518s] 
[0.518s]         See https://setuptools.pypa.io/en/latest/userguide/declarative_config.html for details.
[0.518s]         ********************************************************************************
[0.518s] 
[0.518s] !!
[0.518s]   opt = self.warn_dash_deprecation(opt, section)
[0.627s] running develop
[0.627s] /home/jakub/.local/lib/python3.8/site-packages/setuptools/command/develop.py:40: EasyInstallDeprecationWarning: easy_install command is deprecated.
[0.627s] !!
[0.627s] 
[0.627s]         ********************************************************************************
[0.627s]         Please avoid running ``setup.py`` and ``easy_install``.
[0.627s]         Instead, use pypa/build, pypa/installer or other
[0.627s]         standards-based tools.
[0.627s] 
[0.627s]         See https://github.com/pypa/setuptools/issues/917 for details.
[0.627s]         ********************************************************************************
[0.627s] 
[0.627s] !!
[0.627s]   easy_install.initialize_options(self)
[0.648s] /home/jakub/.local/lib/python3.8/site-packages/setuptools/_distutils/cmd.py:66: SetuptoolsDeprecationWarning: setup.py install is deprecated.
[0.648s] !!
[0.648s] 
[0.648s]         ********************************************************************************
[0.649s]         Please avoid running ``setup.py`` directly.
[0.649s]         Instead, use pypa/build, pypa/installer or other
[0.649s]         standards-based tools.
[0.649s] 
[0.649s]         See https://blog.ganssle.io/articles/2021/10/setup-py-deprecated.html for details.
[0.649s]         ********************************************************************************
[0.649s] 
[0.649s] !!
[0.649s]   self.initialize_options()
[0.760s] Invoked command in '/home/jakub/wtf_ws/build/wtf' returned '0': PYTHONPATH=/home/jakub/wtf_ws/build/wtf/prefix_override:/home/jakub/wtf_ws/install/wtf/lib/python3.8/site-packages:${PYTHONPATH} /usr/bin/python3 setup.py develop --uninstall --editable --build-directory /home/jakub/wtf_ws/build/wtf/build
[0.761s] Invoking command in '/home/jakub/wtf_ws/src/wtf': PYTHONPATH=/home/jakub/wtf_ws/build/wtf/prefix_override:/home/jakub/wtf_ws/install/wtf/lib/python3.8/site-packages:${PYTHONPATH} /usr/bin/python3 setup.py egg_info --egg-base ../../build/wtf build --build-base /home/jakub/wtf_ws/build/wtf/build install --record /home/jakub/wtf_ws/build/wtf/install.log --install-scripts $base/lib/wtf --single-version-externally-managed
[0.830s] /home/jakub/.local/lib/python3.8/site-packages/setuptools/dist.py:744: SetuptoolsDeprecationWarning: Invalid dash-separated options
[0.830s] !!
[0.830s] 
[0.830s]         ********************************************************************************
[0.830s]         Usage of dash-separated 'script-dir' will not be supported in future
[0.830s]         versions. Please use the underscore name 'script_dir' instead.
[0.830s] 
[0.830s]         By 2023-Sep-26, you need to update your project and remove deprecated calls
[0.830s]         or your builds will no longer be supported.
[0.830s] 
[0.830s]         See https://setuptools.pypa.io/en/latest/userguide/declarative_config.html for details.
[0.830s]         ********************************************************************************
[0.831s] 
[0.831s] !!
[0.831s]   opt = self.warn_dash_deprecation(opt, section)
[0.885s] running egg_info
[0.893s] writing ../../build/wtf/wtf.egg-info/PKG-INFO
[0.893s] writing dependency_links to ../../build/wtf/wtf.egg-info/dependency_links.txt
[0.893s] writing entry points to ../../build/wtf/wtf.egg-info/entry_points.txt
[0.893s] writing requirements to ../../build/wtf/wtf.egg-info/requires.txt
[0.893s] writing top-level names to ../../build/wtf/wtf.egg-info/top_level.txt
[0.966s] reading manifest file '../../build/wtf/wtf.egg-info/SOURCES.txt'
[0.966s] writing manifest file '../../build/wtf/wtf.egg-info/SOURCES.txt'
[0.966s] running build
[0.966s] running build_py
[0.967s] running install
[0.967s] /home/jakub/.local/lib/python3.8/site-packages/setuptools/_distutils/cmd.py:66: SetuptoolsDeprecationWarning: setup.py install is deprecated.
[0.967s] !!
[0.967s] 
[0.967s]         ********************************************************************************
[0.967s]         Please avoid running ``setup.py`` directly.
[0.967s]         Instead, use pypa/build, pypa/installer or other
[0.967s]         standards-based tools.
[0.967s] 
[0.967s]         See https://blog.ganssle.io/articles/2021/10/setup-py-deprecated.html for details.
[0.967s]         ********************************************************************************
[0.967s] 
[0.967s] !!
[0.967s]   self.initialize_options()
[0.970s] running install_lib
[0.979s] running install_data
[0.988s] copying description/camera.xacro -> /home/jakub/wtf_ws/install/wtf/share/wtf/description
[0.988s] copying description/materials.xacro -> /home/jakub/wtf_ws/install/wtf/share/wtf/description
[0.988s] copying description/gazebo_control.xacro -> /home/jakub/wtf_ws/install/wtf/share/wtf/description
[0.988s] copying description/lidar.xacro -> /home/jakub/wtf_ws/install/wtf/share/wtf/description
[0.988s] running install_egg_info
[0.997s] removing '/home/jakub/wtf_ws/install/wtf/lib/python3.8/site-packages/wtf-0.0.0-py3.8.egg-info' (and everything under it)
[0.997s] Copying ../../build/wtf/wtf.egg-info to /home/jakub/wtf_ws/install/wtf/lib/python3.8/site-packages/wtf-0.0.0-py3.8.egg-info
[0.997s] running install_scripts
[1.024s] Installing scan_publisher script to /home/jakub/wtf_ws/install/wtf/lib/wtf
[1.024s] writing list of installed files to '/home/jakub/wtf_ws/build/wtf/install.log'
[1.044s] Invoked command in '/home/jakub/wtf_ws/src/wtf' returned '0': PYTHONPATH=/home/jakub/wtf_ws/build/wtf/prefix_override:/home/jakub/wtf_ws/install/wtf/lib/python3.8/site-packages:${PYTHONPATH} /usr/bin/python3 setup.py egg_info --egg-base ../../build/wtf build --build-base /home/jakub/wtf_ws/build/wtf/build install --record /home/jakub/wtf_ws/build/wtf/install.log --install-scripts $base/lib/wtf --single-version-externally-managed
