[0.459s] Invoking command in '/home/jakub/wtf_ws/build/wtf': PYTHONPATH=/home/jakub/wtf_ws/build/wtf/prefix_override:/home/jakub/wtf_ws/install/wtf/lib/python3.8/site-packages:${PYTHONPATH} /usr/bin/python3 setup.py develop --uninstall --editable --build-directory /home/jakub/wtf_ws/build/wtf/build
[0.531s] /home/jakub/.local/lib/python3.8/site-packages/setuptools/dist.py:744: SetuptoolsDeprecationWarning: Invalid dash-separated options
[0.531s] !!
[0.531s] 
[0.531s]         ********************************************************************************
[0.531s]         Usage of dash-separated 'script-dir' will not be supported in future
[0.531s]         versions. Please use the underscore name 'script_dir' instead.
[0.531s] 
[0.531s]         By 2023-Sep-26, you need to update your project and remove deprecated calls
[0.531s]         or your builds will no longer be supported.
[0.531s] 
[0.531s]         See https://setuptools.pypa.io/en/latest/userguide/declarative_config.html for details.
[0.531s]         ********************************************************************************
[0.531s] 
[0.531s] !!
[0.531s]   opt = self.warn_dash_deprecation(opt, section)
[0.648s] running develop
[0.648s] /home/jakub/.local/lib/python3.8/site-packages/setuptools/command/develop.py:40: EasyInstallDeprecationWarning: easy_install command is deprecated.
[0.648s] !!
[0.648s] 
[0.648s]         ********************************************************************************
[0.648s]         Please avoid running ``setup.py`` and ``easy_install``.
[0.648s]         Instead, use pypa/build, pypa/installer or other
[0.648s]         standards-based tools.
[0.648s] 
[0.649s]         See https://github.com/pypa/setuptools/issues/917 for details.
[0.649s]         ********************************************************************************
[0.649s] 
[0.649s] !!
[0.649s]   easy_install.initialize_options(self)
[0.670s] /home/jakub/.local/lib/python3.8/site-packages/setuptools/_distutils/cmd.py:66: SetuptoolsDeprecationWarning: setup.py install is deprecated.
[0.671s] !!
[0.671s] 
[0.671s]         ********************************************************************************
[0.671s]         Please avoid running ``setup.py`` directly.
[0.671s]         Instead, use pypa/build, pypa/installer or other
[0.671s]         standards-based tools.
[0.671s] 
[0.671s]         See https://blog.ganssle.io/articles/2021/10/setup-py-deprecated.html for details.
[0.671s]         ********************************************************************************
[0.671s] 
[0.671s] !!
[0.671s]   self.initialize_options()
[0.782s] Invoked command in '/home/jakub/wtf_ws/build/wtf' returned '0': PYTHONPATH=/home/jakub/wtf_ws/build/wtf/prefix_override:/home/jakub/wtf_ws/install/wtf/lib/python3.8/site-packages:${PYTHONPATH} /usr/bin/python3 setup.py develop --uninstall --editable --build-directory /home/jakub/wtf_ws/build/wtf/build
[0.782s] Invoking command in '/home/jakub/wtf_ws/src/wtf': PYTHONPATH=/home/jakub/wtf_ws/build/wtf/prefix_override:/home/jakub/wtf_ws/install/wtf/lib/python3.8/site-packages:${PYTHONPATH} /usr/bin/python3 setup.py egg_info --egg-base ../../build/wtf build --build-base /home/jakub/wtf_ws/build/wtf/build install --record /home/jakub/wtf_ws/build/wtf/install.log --install-scripts $base/lib/wtf --single-version-externally-managed
[0.850s] /home/jakub/.local/lib/python3.8/site-packages/setuptools/dist.py:744: SetuptoolsDeprecationWarning: Invalid dash-separated options
[0.850s] !!
[0.850s] 
[0.850s]         ********************************************************************************
[0.850s]         Usage of dash-separated 'script-dir' will not be supported in future
[0.850s]         versions. Please use the underscore name 'script_dir' instead.
[0.850s] 
[0.850s]         By 2023-Sep-26, you need to update your project and remove deprecated calls
[0.850s]         or your builds will no longer be supported.
[0.850s] 
[0.850s]         See https://setuptools.pypa.io/en/latest/userguide/declarative_config.html for details.
[0.850s]         ********************************************************************************
[0.850s] 
[0.850s] !!
[0.850s]   opt = self.warn_dash_deprecation(opt, section)
[0.901s] running egg_info
[0.910s] writing ../../build/wtf/wtf.egg-info/PKG-INFO
[0.910s] writing dependency_links to ../../build/wtf/wtf.egg-info/dependency_links.txt
[0.910s] writing entry points to ../../build/wtf/wtf.egg-info/entry_points.txt
[0.910s] writing requirements to ../../build/wtf/wtf.egg-info/requires.txt
[0.910s] writing top-level names to ../../build/wtf/wtf.egg-info/top_level.txt
[0.981s] reading manifest file '../../build/wtf/wtf.egg-info/SOURCES.txt'
[0.981s] writing manifest file '../../build/wtf/wtf.egg-info/SOURCES.txt'
[0.982s] running build
[0.982s] running build_py
[0.982s] running install
[0.982s] /home/jakub/.local/lib/python3.8/site-packages/setuptools/_distutils/cmd.py:66: SetuptoolsDeprecationWarning: setup.py install is deprecated.
[0.982s] !!
[0.982s] 
[0.982s]         ********************************************************************************
[0.982s]         Please avoid running ``setup.py`` directly.
[0.982s]         Instead, use pypa/build, pypa/installer or other
[0.982s]         standards-based tools.
[0.982s] 
[0.982s]         See https://blog.ganssle.io/articles/2021/10/setup-py-deprecated.html for details.
[0.982s]         ********************************************************************************
[0.982s] 
[0.982s] !!
[0.982s]   self.initialize_options()
[0.985s] running install_lib
[0.994s] running install_data
[1.002s] copying config/nav2_params.yaml -> /home/jakub/wtf_ws/install/wtf/share/wtf/config
[1.002s] running install_egg_info
[1.011s] removing '/home/jakub/wtf_ws/install/wtf/lib/python3.8/site-packages/wtf-0.0.0-py3.8.egg-info' (and everything under it)
[1.011s] Copying ../../build/wtf/wtf.egg-info to /home/jakub/wtf_ws/install/wtf/lib/python3.8/site-packages/wtf-0.0.0-py3.8.egg-info
[1.012s] running install_scripts
[1.039s] Installing scan_publisher script to /home/jakub/wtf_ws/install/wtf/lib/wtf
[1.039s] writing list of installed files to '/home/jakub/wtf_ws/build/wtf/install.log'
[1.055s] Invoked command in '/home/jakub/wtf_ws/src/wtf' returned '0': PYTHONPATH=/home/jakub/wtf_ws/build/wtf/prefix_override:/home/jakub/wtf_ws/install/wtf/lib/python3.8/site-packages:${PYTHONPATH} /usr/bin/python3 setup.py egg_info --egg-base ../../build/wtf build --build-base /home/jakub/wtf_ws/build/wtf/build install --record /home/jakub/wtf_ws/build/wtf/install.log --install-scripts $base/lib/wtf --single-version-externally-managed
