running develop
Removing /home/jakub/wtf_ws/install/wtf/lib/python3.8/site-packages/wtf.egg-link (link to .)
running egg_info
writing ../../build/wtf/wtf.egg-info/PKG-INFO
writing dependency_links to ../../build/wtf/wtf.egg-info/dependency_links.txt
writing entry points to ../../build/wtf/wtf.egg-info/entry_points.txt
writing requirements to ../../build/wtf/wtf.egg-info/requires.txt
writing top-level names to ../../build/wtf/wtf.egg-info/top_level.txt
reading manifest file '../../build/wtf/wtf.egg-info/SOURCES.txt'
writing manifest file '../../build/wtf/wtf.egg-info/SOURCES.txt'
running build
running build_py
running install
running install_lib
creating /home/jakub/wtf_ws/install/wtf/lib/python3.8/site-packages/wtf
copying /home/jakub/wtf_ws/build/wtf/build/lib/wtf/__init__.py -> /home/jakub/wtf_ws/install/wtf/lib/python3.8/site-packages/wtf
copying /home/jakub/wtf_ws/build/wtf/build/lib/wtf/scan_publisher.py -> /home/jakub/wtf_ws/install/wtf/lib/python3.8/site-packages/wtf
byte-compiling /home/jakub/wtf_ws/install/wtf/lib/python3.8/site-packages/wtf/__init__.py to __init__.cpython-38.pyc
byte-compiling /home/jakub/wtf_ws/install/wtf/lib/python3.8/site-packages/wtf/scan_publisher.py to scan_publisher.cpython-38.pyc
running install_data
copying launch/rsp.launch.py -> /home/jakub/wtf_ws/install/wtf/share/wtf/launch
running install_egg_info
Copying ../../build/wtf/wtf.egg-info to /home/jakub/wtf_ws/install/wtf/lib/python3.8/site-packages/wtf-0.0.0-py3.8.egg-info
running install_scripts
Installing scan_publisher script to /home/jakub/wtf_ws/install/wtf/lib/wtf
writing list of installed files to '/home/jakub/wtf_ws/build/wtf/install.log'
