[0.445s] Invoking command in '/home/jakub/wtf_ws/build/wtf': PYTHONPATH=/home/jakub/wtf_ws/build/wtf/prefix_override:/home/jakub/wtf_ws/install/wtf/lib/python3.8/site-packages:${PYTHONPATH} /usr/bin/python3 setup.py develop --uninstall --editable --build-directory /home/jakub/wtf_ws/build/wtf/build
[0.529s] /home/jakub/.local/lib/python3.8/site-packages/setuptools/dist.py:744: SetuptoolsDeprecationWarning: Invalid dash-separated options
[0.529s] !!
[0.529s] 
[0.529s]         ********************************************************************************
[0.529s]         Usage of dash-separated 'script-dir' will not be supported in future
[0.529s]         versions. Please use the underscore name 'script_dir' instead.
[0.529s] 
[0.529s]         By 2023-Sep-26, you need to update your project and remove deprecated calls
[0.529s]         or your builds will no longer be supported.
[0.529s] 
[0.529s]         See https://setuptools.pypa.io/en/latest/userguide/declarative_config.html for details.
[0.529s]         ********************************************************************************
[0.529s] 
[0.530s] !!
[0.530s]   opt = self.warn_dash_deprecation(opt, section)
[0.633s] running develop
[0.633s] /home/jakub/.local/lib/python3.8/site-packages/setuptools/command/develop.py:40: EasyInstallDeprecationWarning: easy_install command is deprecated.
[0.633s] !!
[0.633s] 
[0.633s]         ********************************************************************************
[0.633s]         Please avoid running ``setup.py`` and ``easy_install``.
[0.633s]         Instead, use pypa/build, pypa/installer or other
[0.633s]         standards-based tools.
[0.634s] 
[0.634s]         See https://github.com/pypa/setuptools/issues/917 for details.
[0.634s]         ********************************************************************************
[0.634s] 
[0.634s] !!
[0.634s]   easy_install.initialize_options(self)
[0.651s] /home/jakub/.local/lib/python3.8/site-packages/setuptools/_distutils/cmd.py:66: SetuptoolsDeprecationWarning: setup.py install is deprecated.
[0.651s] !!
[0.652s] 
[0.652s]         ********************************************************************************
[0.652s]         Please avoid running ``setup.py`` directly.
[0.652s]         Instead, use pypa/build, pypa/installer or other
[0.652s]         standards-based tools.
[0.652s] 
[0.652s]         See https://blog.ganssle.io/articles/2021/10/setup-py-deprecated.html for details.
[0.652s]         ********************************************************************************
[0.652s] 
[0.652s] !!
[0.652s]   self.initialize_options()
[0.760s] Invoked command in '/home/jakub/wtf_ws/build/wtf' returned '0': PYTHONPATH=/home/jakub/wtf_ws/build/wtf/prefix_override:/home/jakub/wtf_ws/install/wtf/lib/python3.8/site-packages:${PYTHONPATH} /usr/bin/python3 setup.py develop --uninstall --editable --build-directory /home/jakub/wtf_ws/build/wtf/build
[0.761s] Invoking command in '/home/jakub/wtf_ws/src/wtf': PYTHONPATH=/home/jakub/wtf_ws/build/wtf/prefix_override:/home/jakub/wtf_ws/install/wtf/lib/python3.8/site-packages:${PYTHONPATH} /usr/bin/python3 setup.py egg_info --egg-base ../../build/wtf build --build-base /home/jakub/wtf_ws/build/wtf/build install --record /home/jakub/wtf_ws/build/wtf/install.log --install-scripts $base/lib/wtf --single-version-externally-managed
[0.830s] /home/jakub/.local/lib/python3.8/site-packages/setuptools/dist.py:744: SetuptoolsDeprecationWarning: Invalid dash-separated options
[0.830s] !!
[0.830s] 
[0.830s]         ********************************************************************************
[0.831s]         Usage of dash-separated 'script-dir' will not be supported in future
[0.831s]         versions. Please use the underscore name 'script_dir' instead.
[0.831s] 
[0.831s]         By 2023-Sep-26, you need to update your project and remove deprecated calls
[0.831s]         or your builds will no longer be supported.
[0.831s] 
[0.831s]         See https://setuptools.pypa.io/en/latest/userguide/declarative_config.html for details.
[0.831s]         ********************************************************************************
[0.831s] 
[0.831s] !!
[0.831s]   opt = self.warn_dash_deprecation(opt, section)
[0.886s] running egg_info
[0.894s] writing ../../build/wtf/wtf.egg-info/PKG-INFO
[0.894s] writing dependency_links to ../../build/wtf/wtf.egg-info/dependency_links.txt
[0.894s] writing entry points to ../../build/wtf/wtf.egg-info/entry_points.txt
[0.894s] writing requirements to ../../build/wtf/wtf.egg-info/requires.txt
[0.894s] writing top-level names to ../../build/wtf/wtf.egg-info/top_level.txt
[0.968s] reading manifest file '../../build/wtf/wtf.egg-info/SOURCES.txt'
[0.968s] writing manifest file '../../build/wtf/wtf.egg-info/SOURCES.txt'
[0.969s] running build
[0.969s] running build_py
[0.969s] running install
[0.969s] /home/jakub/.local/lib/python3.8/site-packages/setuptools/_distutils/cmd.py:66: SetuptoolsDeprecationWarning: setup.py install is deprecated.
[0.969s] !!
[0.969s] 
[0.969s]         ********************************************************************************
[0.969s]         Please avoid running ``setup.py`` directly.
[0.969s]         Instead, use pypa/build, pypa/installer or other
[0.969s]         standards-based tools.
[0.969s] 
[0.969s]         See https://blog.ganssle.io/articles/2021/10/setup-py-deprecated.html for details.
[0.970s]         ********************************************************************************
[0.970s] 
[0.970s] !!
[0.970s]   self.initialize_options()
[0.972s] running install_lib
[0.981s] running install_data
[0.990s] copying description/robot_core.xacro -> /home/jakub/wtf_ws/install/wtf/share/wtf/description
[0.990s] running install_egg_info
[0.999s] removing '/home/jakub/wtf_ws/install/wtf/lib/python3.8/site-packages/wtf-0.0.0-py3.8.egg-info' (and everything under it)
[0.999s] Copying ../../build/wtf/wtf.egg-info to /home/jakub/wtf_ws/install/wtf/lib/python3.8/site-packages/wtf-0.0.0-py3.8.egg-info
[0.999s] running install_scripts
[1.026s] Installing scan_publisher script to /home/jakub/wtf_ws/install/wtf/lib/wtf
[1.026s] writing list of installed files to '/home/jakub/wtf_ws/build/wtf/install.log'
[1.043s] Invoked command in '/home/jakub/wtf_ws/src/wtf' returned '0': PYTHONPATH=/home/jakub/wtf_ws/build/wtf/prefix_override:/home/jakub/wtf_ws/install/wtf/lib/python3.8/site-packages:${PYTHONPATH} /usr/bin/python3 setup.py egg_info --egg-base ../../build/wtf build --build-base /home/jakub/wtf_ws/build/wtf/build install --record /home/jakub/wtf_ws/build/wtf/install.log --install-scripts $base/lib/wtf --single-version-externally-managed
