[0.442s] Invoking command in '/home/jakub/wtf_ws/build/wtf': PYTHONPATH=/home/jakub/wtf_ws/build/wtf/prefix_override:/home/jakub/wtf_ws/install/wtf/lib/python3.8/site-packages:${PYTHONPATH} /usr/bin/python3 setup.py develop --editable --build-directory /home/jakub/wtf_ws/build/wtf/build --no-deps install_data
[0.513s] /home/jakub/.local/lib/python3.8/site-packages/setuptools/dist.py:744: SetuptoolsDeprecationWarning: Invalid dash-separated options
[0.514s] !!
[0.514s] 
[0.514s]         ********************************************************************************
[0.514s]         Usage of dash-separated 'script-dir' will not be supported in future
[0.514s]         versions. Please use the underscore name 'script_dir' instead.
[0.514s] 
[0.514s]         By 2023-Sep-26, you need to update your project and remove deprecated calls
[0.514s]         or your builds will no longer be supported.
[0.514s] 
[0.514s]         See https://setuptools.pypa.io/en/latest/userguide/declarative_config.html for details.
[0.514s]         ********************************************************************************
[0.514s] 
[0.514s] !!
[0.514s]   opt = self.warn_dash_deprecation(opt, section)
[0.626s] running develop
[0.628s] /home/jakub/.local/lib/python3.8/site-packages/setuptools/command/develop.py:40: EasyInstallDeprecationWarning: easy_install command is deprecated.
[0.628s] !!
[0.628s] 
[0.628s]         ********************************************************************************
[0.628s]         Please avoid running ``setup.py`` and ``easy_install``.
[0.628s]         Instead, use pypa/build, pypa/installer or other
[0.628s]         standards-based tools.
[0.628s] 
[0.628s]         See https://github.com/pypa/setuptools/issues/917 for details.
[0.628s]         ********************************************************************************
[0.628s] 
[0.628s] !!
[0.628s]   easy_install.initialize_options(self)
[0.646s] /home/jakub/.local/lib/python3.8/site-packages/setuptools/_distutils/cmd.py:66: SetuptoolsDeprecationWarning: setup.py install is deprecated.
[0.646s] !!
[0.646s] 
[0.646s]         ********************************************************************************
[0.646s]         Please avoid running ``setup.py`` directly.
[0.646s]         Instead, use pypa/build, pypa/installer or other
[0.646s]         standards-based tools.
[0.646s] 
[0.646s]         See https://blog.ganssle.io/articles/2021/10/setup-py-deprecated.html for details.
[0.646s]         ********************************************************************************
[0.646s] 
[0.646s] !!
[0.646s]   self.initialize_options()
[0.738s] running egg_info
[0.747s] writing wtf.egg-info/PKG-INFO
[0.747s] writing dependency_links to wtf.egg-info/dependency_links.txt
[0.747s] writing entry points to wtf.egg-info/entry_points.txt
[0.747s] writing requirements to wtf.egg-info/requires.txt
[0.747s] writing top-level names to wtf.egg-info/top_level.txt
[0.765s] reading manifest file 'wtf.egg-info/SOURCES.txt'
[0.765s] writing manifest file 'wtf.egg-info/SOURCES.txt'
[0.799s] running build_ext
[0.799s] Creating /home/jakub/wtf_ws/install/wtf/lib/python3.8/site-packages/wtf.egg-link (link to .)
[0.800s] Installing scan_publisher script to /home/jakub/wtf_ws/install/wtf/lib/wtf
[0.800s] 
[0.800s] Installed /home/jakub/wtf_ws/build/wtf
[0.800s] running install_data
[0.817s] Invoked command in '/home/jakub/wtf_ws/build/wtf' returned '0': PYTHONPATH=/home/jakub/wtf_ws/build/wtf/prefix_override:/home/jakub/wtf_ws/install/wtf/lib/python3.8/site-packages:${PYTHONPATH} /usr/bin/python3 setup.py develop --editable --build-directory /home/jakub/wtf_ws/build/wtf/build --no-deps install_data
