[0.436s] Invoking command in '/home/jakub/wtf_ws/build/wtf': PYTHONPATH=/home/jakub/wtf_ws/build/wtf/prefix_override:/home/jakub/wtf_ws/install/wtf/lib/python3.8/site-packages:${PYTHONPATH} /usr/bin/python3 setup.py develop --uninstall --editable --build-directory /home/jakub/wtf_ws/build/wtf/build
[0.503s] /home/jakub/.local/lib/python3.8/site-packages/setuptools/dist.py:744: SetuptoolsDeprecationWarning: Invalid dash-separated options
[0.503s] !!
[0.503s] 
[0.503s]         ********************************************************************************
[0.503s]         Usage of dash-separated 'script-dir' will not be supported in future
[0.503s]         versions. Please use the underscore name 'script_dir' instead.
[0.503s] 
[0.503s]         By 2023-Sep-26, you need to update your project and remove deprecated calls
[0.503s]         or your builds will no longer be supported.
[0.503s] 
[0.503s]         See https://setuptools.pypa.io/en/latest/userguide/declarative_config.html for details.
[0.503s]         ********************************************************************************
[0.504s] 
[0.504s] !!
[0.504s]   opt = self.warn_dash_deprecation(opt, section)
[0.613s] /home/jakub/.local/lib/python3.8/site-packages/setuptools/command/develop.py:40: EasyInstallDeprecationWarning: easy_install command is deprecated.
[0.613s] !!
[0.613s] 
[0.613s]         ********************************************************************************
[0.613s]         Please avoid running ``setup.py`` and ``easy_install``.
[0.613s]         Instead, use pypa/build, pypa/installer or other
[0.613s]         standards-based tools.
[0.614s] 
[0.614s]         See https://github.com/pypa/setuptools/issues/917 for details.
[0.615s]         ********************************************************************************
[0.615s] 
[0.616s] !!
[0.616s]   easy_install.initialize_options(self)
[0.616s] running develop
[0.648s] /home/jakub/.local/lib/python3.8/site-packages/setuptools/_distutils/cmd.py:66: SetuptoolsDeprecationWarning: setup.py install is deprecated.
[0.648s] !!
[0.648s] 
[0.648s]         ********************************************************************************
[0.648s]         Please avoid running ``setup.py`` directly.
[0.648s]         Instead, use pypa/build, pypa/installer or other
[0.648s]         standards-based tools.
[0.648s] 
[0.648s]         See https://blog.ganssle.io/articles/2021/10/setup-py-deprecated.html for details.
[0.649s]         ********************************************************************************
[0.649s] 
[0.649s] !!
[0.649s]   self.initialize_options()
[0.766s] Invoked command in '/home/jakub/wtf_ws/build/wtf' returned '0': PYTHONPATH=/home/jakub/wtf_ws/build/wtf/prefix_override:/home/jakub/wtf_ws/install/wtf/lib/python3.8/site-packages:${PYTHONPATH} /usr/bin/python3 setup.py develop --uninstall --editable --build-directory /home/jakub/wtf_ws/build/wtf/build
[0.766s] Invoking command in '/home/jakub/wtf_ws/src/wtf': PYTHONPATH=/home/jakub/wtf_ws/build/wtf/prefix_override:/home/jakub/wtf_ws/install/wtf/lib/python3.8/site-packages:${PYTHONPATH} /usr/bin/python3 setup.py egg_info --egg-base ../../build/wtf build --build-base /home/jakub/wtf_ws/build/wtf/build install --record /home/jakub/wtf_ws/build/wtf/install.log --install-scripts $base/lib/wtf --single-version-externally-managed
[0.847s] /home/jakub/.local/lib/python3.8/site-packages/setuptools/dist.py:744: SetuptoolsDeprecationWarning: Invalid dash-separated options
[0.847s] !!
[0.847s] 
[0.847s]         ********************************************************************************
[0.847s]         Usage of dash-separated 'script-dir' will not be supported in future
[0.847s]         versions. Please use the underscore name 'script_dir' instead.
[0.847s] 
[0.847s]         By 2023-Sep-26, you need to update your project and remove deprecated calls
[0.847s]         or your builds will no longer be supported.
[0.847s] 
[0.847s]         See https://setuptools.pypa.io/en/latest/userguide/declarative_config.html for details.
[0.847s]         ********************************************************************************
[0.847s] 
[0.847s] !!
[0.847s]   opt = self.warn_dash_deprecation(opt, section)
[0.899s] running egg_info
[0.908s] writing ../../build/wtf/wtf.egg-info/PKG-INFO
[0.908s] writing dependency_links to ../../build/wtf/wtf.egg-info/dependency_links.txt
[0.908s] writing entry points to ../../build/wtf/wtf.egg-info/entry_points.txt
[0.908s] writing requirements to ../../build/wtf/wtf.egg-info/requires.txt
[0.908s] writing top-level names to ../../build/wtf/wtf.egg-info/top_level.txt
[0.980s] reading manifest file '../../build/wtf/wtf.egg-info/SOURCES.txt'
[0.981s] writing manifest file '../../build/wtf/wtf.egg-info/SOURCES.txt'
[0.981s] running build
[0.981s] running build_py
[0.981s] running install
[0.981s] /home/jakub/.local/lib/python3.8/site-packages/setuptools/_distutils/cmd.py:66: SetuptoolsDeprecationWarning: setup.py install is deprecated.
[0.981s] !!
[0.981s] 
[0.981s]         ********************************************************************************
[0.981s]         Please avoid running ``setup.py`` directly.
[0.981s]         Instead, use pypa/build, pypa/installer or other
[0.982s]         standards-based tools.
[0.982s] 
[0.982s]         See https://blog.ganssle.io/articles/2021/10/setup-py-deprecated.html for details.
[0.982s]         ********************************************************************************
[0.982s] 
[0.982s] !!
[0.982s]   self.initialize_options()
[0.984s] running install_lib
[0.993s] running install_data
[1.002s] running install_egg_info
[1.011s] removing '/home/jakub/wtf_ws/install/wtf/lib/python3.8/site-packages/wtf-0.0.0-py3.8.egg-info' (and everything under it)
[1.011s] Copying ../../build/wtf/wtf.egg-info to /home/jakub/wtf_ws/install/wtf/lib/python3.8/site-packages/wtf-0.0.0-py3.8.egg-info
[1.011s] running install_scripts
[1.038s] Installing scan_publisher script to /home/jakub/wtf_ws/install/wtf/lib/wtf
[1.038s] writing list of installed files to '/home/jakub/wtf_ws/build/wtf/install.log'
[1.053s] Invoked command in '/home/jakub/wtf_ws/src/wtf' returned '0': PYTHONPATH=/home/jakub/wtf_ws/build/wtf/prefix_override:/home/jakub/wtf_ws/install/wtf/lib/python3.8/site-packages:${PYTHONPATH} /usr/bin/python3 setup.py egg_info --egg-base ../../build/wtf build --build-base /home/jakub/wtf_ws/build/wtf/build install --record /home/jakub/wtf_ws/build/wtf/install.log --install-scripts $base/lib/wtf --single-version-externally-managed
