[1.259s] Invoking command in '/home/jakub/wtf_ws/build/wtf': PYTHONPATH=/home/jakub/wtf_ws/build/wtf/prefix_override:/home/jakub/wtf_ws/install/wtf/lib/python3.8/site-packages:${PYTHONPATH} /usr/bin/python3 setup.py develop --uninstall --editable --build-directory /home/jakub/wtf_ws/build/wtf/build
[1.438s] /home/jakub/.local/lib/python3.8/site-packages/setuptools/dist.py:744: SetuptoolsDeprecationWarning: Invalid dash-separated options
[1.438s] !!
[1.438s] 
[1.438s]         ********************************************************************************
[1.438s]         Usage of dash-separated 'script-dir' will not be supported in future
[1.439s]         versions. Please use the underscore name 'script_dir' instead.
[1.439s] 
[1.439s]         By 2023-Sep-26, you need to update your project and remove deprecated calls
[1.439s]         or your builds will no longer be supported.
[1.439s] 
[1.439s]         See https://setuptools.pypa.io/en/latest/userguide/declarative_config.html for details.
[1.439s]         ********************************************************************************
[1.439s] 
[1.439s] !!
[1.439s]   opt = self.warn_dash_deprecation(opt, section)
[1.656s] running develop
[1.656s] /home/jakub/.local/lib/python3.8/site-packages/setuptools/command/develop.py:40: EasyInstallDeprecationWarning: easy_install command is deprecated.
[1.656s] !!
[1.656s] 
[1.656s]         ********************************************************************************
[1.656s]         Please avoid running ``setup.py`` and ``easy_install``.
[1.656s]         Instead, use pypa/build, pypa/installer or other
[1.656s]         standards-based tools.
[1.656s] 
[1.657s]         See https://github.com/pypa/setuptools/issues/917 for details.
[1.657s]         ********************************************************************************
[1.657s] 
[1.657s] !!
[1.657s]   easy_install.initialize_options(self)
[1.696s] /home/jakub/.local/lib/python3.8/site-packages/setuptools/_distutils/cmd.py:66: SetuptoolsDeprecationWarning: setup.py install is deprecated.
[1.696s] !!
[1.697s] 
[1.697s]         ********************************************************************************
[1.697s]         Please avoid running ``setup.py`` directly.
[1.697s]         Instead, use pypa/build, pypa/installer or other
[1.697s]         standards-based tools.
[1.697s] 
[1.697s]         See https://blog.ganssle.io/articles/2021/10/setup-py-deprecated.html for details.
[1.697s]         ********************************************************************************
[1.697s] 
[1.697s] !!
[1.697s]   self.initialize_options()
[2.020s] Invoked command in '/home/jakub/wtf_ws/build/wtf' returned '0': PYTHONPATH=/home/jakub/wtf_ws/build/wtf/prefix_override:/home/jakub/wtf_ws/install/wtf/lib/python3.8/site-packages:${PYTHONPATH} /usr/bin/python3 setup.py develop --uninstall --editable --build-directory /home/jakub/wtf_ws/build/wtf/build
[2.022s] Invoking command in '/home/jakub/wtf_ws/src/wtf': PYTHONPATH=/home/jakub/wtf_ws/build/wtf/prefix_override:/home/jakub/wtf_ws/install/wtf/lib/python3.8/site-packages:${PYTHONPATH} /usr/bin/python3 setup.py egg_info --egg-base ../../build/wtf build --build-base /home/jakub/wtf_ws/build/wtf/build install --record /home/jakub/wtf_ws/build/wtf/install.log --install-scripts $base/lib/wtf --single-version-externally-managed
[2.202s] /home/jakub/.local/lib/python3.8/site-packages/setuptools/dist.py:744: SetuptoolsDeprecationWarning: Invalid dash-separated options
[2.202s] !!
[2.203s] 
[2.203s]         ********************************************************************************
[2.203s]         Usage of dash-separated 'script-dir' will not be supported in future
[2.203s]         versions. Please use the underscore name 'script_dir' instead.
[2.203s] 
[2.203s]         By 2023-Sep-26, you need to update your project and remove deprecated calls
[2.203s]         or your builds will no longer be supported.
[2.203s] 
[2.203s]         See https://setuptools.pypa.io/en/latest/userguide/declarative_config.html for details.
[2.203s]         ********************************************************************************
[2.203s] 
[2.203s] !!
[2.203s]   opt = self.warn_dash_deprecation(opt, section)
[2.323s] running egg_info
[2.342s] writing ../../build/wtf/wtf.egg-info/PKG-INFO
[2.343s] writing dependency_links to ../../build/wtf/wtf.egg-info/dependency_links.txt
[2.343s] writing entry points to ../../build/wtf/wtf.egg-info/entry_points.txt
[2.343s] writing requirements to ../../build/wtf/wtf.egg-info/requires.txt
[2.343s] writing top-level names to ../../build/wtf/wtf.egg-info/top_level.txt
[2.501s] reading manifest file '../../build/wtf/wtf.egg-info/SOURCES.txt'
[2.503s] writing manifest file '../../build/wtf/wtf.egg-info/SOURCES.txt'
[2.503s] running build
[2.503s] running build_py
[2.503s] copying wtf/scan_publisher.py -> /home/jakub/wtf_ws/build/wtf/build/lib/wtf
[2.504s] running install
[2.504s] /home/jakub/.local/lib/python3.8/site-packages/setuptools/_distutils/cmd.py:66: SetuptoolsDeprecationWarning: setup.py install is deprecated.
[2.504s] !!
[2.504s] 
[2.505s]         ********************************************************************************
[2.505s]         Please avoid running ``setup.py`` directly.
[2.505s]         Instead, use pypa/build, pypa/installer or other
[2.505s]         standards-based tools.
[2.505s] 
[2.505s]         See https://blog.ganssle.io/articles/2021/10/setup-py-deprecated.html for details.
[2.505s]         ********************************************************************************
[2.505s] 
[2.505s] !!
[2.505s]   self.initialize_options()
[2.511s] running install_lib
[2.533s] copying /home/jakub/wtf_ws/build/wtf/build/lib/wtf/scan_publisher.py -> /home/jakub/wtf_ws/install/wtf/lib/python3.8/site-packages/wtf
[2.533s] byte-compiling /home/jakub/wtf_ws/install/wtf/lib/python3.8/site-packages/wtf/scan_publisher.py to scan_publisher.cpython-38.pyc
[2.535s] running install_data
[2.556s] running install_egg_info
[2.576s] removing '/home/jakub/wtf_ws/install/wtf/lib/python3.8/site-packages/wtf-0.0.0-py3.8.egg-info' (and everything under it)
[2.577s] Copying ../../build/wtf/wtf.egg-info to /home/jakub/wtf_ws/install/wtf/lib/python3.8/site-packages/wtf-0.0.0-py3.8.egg-info
[2.577s] running install_scripts
[2.644s] Installing const_scan script to /home/jakub/wtf_ws/install/wtf/lib/wtf
[2.644s] Installing scan_publisher script to /home/jakub/wtf_ws/install/wtf/lib/wtf
[2.645s] writing list of installed files to '/home/jakub/wtf_ws/build/wtf/install.log'
[2.748s] Invoked command in '/home/jakub/wtf_ws/src/wtf' returned '0': PYTHONPATH=/home/jakub/wtf_ws/build/wtf/prefix_override:/home/jakub/wtf_ws/install/wtf/lib/python3.8/site-packages:${PYTHONPATH} /usr/bin/python3 setup.py egg_info --egg-base ../../build/wtf build --build-base /home/jakub/wtf_ws/build/wtf/build install --record /home/jakub/wtf_ws/build/wtf/install.log --install-scripts $base/lib/wtf --single-version-externally-managed
