[0.478s] Invoking command in '/home/jakub/wtf_ws/build/wtf': PYTHONPATH=/home/jakub/wtf_ws/build/wtf/prefix_override:/home/jakub/wtf_ws/install/wtf/lib/python3.8/site-packages:${PYTHONPATH} /usr/bin/python3 setup.py develop --uninstall --editable --build-directory /home/jakub/wtf_ws/build/wtf/build
[0.551s] /home/jakub/.local/lib/python3.8/site-packages/setuptools/dist.py:744: SetuptoolsDeprecationWarning: Invalid dash-separated options
[0.551s] !!
[0.551s] 
[0.551s]         ********************************************************************************
[0.551s]         Usage of dash-separated 'script-dir' will not be supported in future
[0.551s]         versions. Please use the underscore name 'script_dir' instead.
[0.551s] 
[0.552s]         By 2023-Sep-26, you need to update your project and remove deprecated calls
[0.552s]         or your builds will no longer be supported.
[0.552s] 
[0.552s]         See https://setuptools.pypa.io/en/latest/userguide/declarative_config.html for details.
[0.552s]         ********************************************************************************
[0.552s] 
[0.552s] !!
[0.552s]   opt = self.warn_dash_deprecation(opt, section)
[0.653s] running develop
[0.653s] /home/jakub/.local/lib/python3.8/site-packages/setuptools/command/develop.py:40: EasyInstallDeprecationWarning: easy_install command is deprecated.
[0.653s] !!
[0.653s] 
[0.653s]         ********************************************************************************
[0.653s]         Please avoid running ``setup.py`` and ``easy_install``.
[0.653s]         Instead, use pypa/build, pypa/installer or other
[0.653s]         standards-based tools.
[0.653s] 
[0.653s]         See https://github.com/pypa/setuptools/issues/917 for details.
[0.653s]         ********************************************************************************
[0.653s] 
[0.653s] !!
[0.653s]   easy_install.initialize_options(self)
[0.671s] /home/jakub/.local/lib/python3.8/site-packages/setuptools/_distutils/cmd.py:66: SetuptoolsDeprecationWarning: setup.py install is deprecated.
[0.671s] !!
[0.671s] 
[0.671s]         ********************************************************************************
[0.671s]         Please avoid running ``setup.py`` directly.
[0.671s]         Instead, use pypa/build, pypa/installer or other
[0.671s]         standards-based tools.
[0.671s] 
[0.671s]         See https://blog.ganssle.io/articles/2021/10/setup-py-deprecated.html for details.
[0.671s]         ********************************************************************************
[0.671s] 
[0.671s] !!
[0.671s]   self.initialize_options()
[0.780s] Invoked command in '/home/jakub/wtf_ws/build/wtf' returned '0': PYTHONPATH=/home/jakub/wtf_ws/build/wtf/prefix_override:/home/jakub/wtf_ws/install/wtf/lib/python3.8/site-packages:${PYTHONPATH} /usr/bin/python3 setup.py develop --uninstall --editable --build-directory /home/jakub/wtf_ws/build/wtf/build
[0.780s] Invoking command in '/home/jakub/wtf_ws/src/wtf': PYTHONPATH=/home/jakub/wtf_ws/build/wtf/prefix_override:/home/jakub/wtf_ws/install/wtf/lib/python3.8/site-packages:${PYTHONPATH} /usr/bin/python3 setup.py egg_info --egg-base ../../build/wtf build --build-base /home/jakub/wtf_ws/build/wtf/build install --record /home/jakub/wtf_ws/build/wtf/install.log --install-scripts $base/lib/wtf --single-version-externally-managed
[0.850s] /home/jakub/.local/lib/python3.8/site-packages/setuptools/dist.py:744: SetuptoolsDeprecationWarning: Invalid dash-separated options
[0.850s] !!
[0.850s] 
[0.850s]         ********************************************************************************
[0.850s]         Usage of dash-separated 'script-dir' will not be supported in future
[0.850s]         versions. Please use the underscore name 'script_dir' instead.
[0.850s] 
[0.850s]         By 2023-Sep-26, you need to update your project and remove deprecated calls
[0.850s]         or your builds will no longer be supported.
[0.850s] 
[0.850s]         See https://setuptools.pypa.io/en/latest/userguide/declarative_config.html for details.
[0.850s]         ********************************************************************************
[0.850s] 
[0.851s] !!
[0.851s]   opt = self.warn_dash_deprecation(opt, section)
[0.904s] running egg_info
[0.913s] writing ../../build/wtf/wtf.egg-info/PKG-INFO
[0.913s] writing dependency_links to ../../build/wtf/wtf.egg-info/dependency_links.txt
[0.913s] writing entry points to ../../build/wtf/wtf.egg-info/entry_points.txt
[0.913s] writing requirements to ../../build/wtf/wtf.egg-info/requires.txt
[0.913s] writing top-level names to ../../build/wtf/wtf.egg-info/top_level.txt
[0.987s] reading manifest file '../../build/wtf/wtf.egg-info/SOURCES.txt'
[0.987s] writing manifest file '../../build/wtf/wtf.egg-info/SOURCES.txt'
[0.988s] running build
[0.988s] running build_py
[0.988s] running install
[0.988s] /home/jakub/.local/lib/python3.8/site-packages/setuptools/_distutils/cmd.py:66: SetuptoolsDeprecationWarning: setup.py install is deprecated.
[0.988s] !!
[0.988s] 
[0.988s]         ********************************************************************************
[0.988s]         Please avoid running ``setup.py`` directly.
[0.988s]         Instead, use pypa/build, pypa/installer or other
[0.988s]         standards-based tools.
[0.988s] 
[0.988s]         See https://blog.ganssle.io/articles/2021/10/setup-py-deprecated.html for details.
[0.988s]         ********************************************************************************
[0.988s] 
[0.988s] !!
[0.988s]   self.initialize_options()
[0.991s] running install_lib
[1.000s] running install_data
[1.008s] copying config/nav2_params.yaml -> /home/jakub/wtf_ws/install/wtf/share/wtf/config
[1.008s] running install_egg_info
[1.017s] removing '/home/jakub/wtf_ws/install/wtf/lib/python3.8/site-packages/wtf-0.0.0-py3.8.egg-info' (and everything under it)
[1.017s] Copying ../../build/wtf/wtf.egg-info to /home/jakub/wtf_ws/install/wtf/lib/python3.8/site-packages/wtf-0.0.0-py3.8.egg-info
[1.017s] running install_scripts
[1.043s] Installing scan_publisher script to /home/jakub/wtf_ws/install/wtf/lib/wtf
[1.044s] writing list of installed files to '/home/jakub/wtf_ws/build/wtf/install.log'
[1.064s] Invoked command in '/home/jakub/wtf_ws/src/wtf' returned '0': PYTHONPATH=/home/jakub/wtf_ws/build/wtf/prefix_override:/home/jakub/wtf_ws/install/wtf/lib/python3.8/site-packages:${PYTHONPATH} /usr/bin/python3 setup.py egg_info --egg-base ../../build/wtf build --build-base /home/jakub/wtf_ws/build/wtf/build install --record /home/jakub/wtf_ws/build/wtf/install.log --install-scripts $base/lib/wtf --single-version-externally-managed
