[0.451s] Invoking command in '/home/jakub/wtf_ws/build/wtf': PYTHONPATH=/home/jakub/wtf_ws/build/wtf/prefix_override:/home/jakub/wtf_ws/install/wtf/lib/python3.8/site-packages:${PYTHONPATH} /usr/bin/python3 setup.py develop --uninstall --editable --build-directory /home/jakub/wtf_ws/build/wtf/build
[0.525s] /home/jakub/.local/lib/python3.8/site-packages/setuptools/dist.py:744: SetuptoolsDeprecationWarning: Invalid dash-separated options
[0.525s] !!
[0.525s] 
[0.525s]         ********************************************************************************
[0.525s]         Usage of dash-separated 'script-dir' will not be supported in future
[0.525s]         versions. Please use the underscore name 'script_dir' instead.
[0.525s] 
[0.525s]         By 2023-Sep-26, you need to update your project and remove deprecated calls
[0.525s]         or your builds will no longer be supported.
[0.525s] 
[0.525s]         See https://setuptools.pypa.io/en/latest/userguide/declarative_config.html for details.
[0.525s]         ********************************************************************************
[0.525s] 
[0.525s] !!
[0.525s]   opt = self.warn_dash_deprecation(opt, section)
[0.649s] running develop
[0.649s] /home/jakub/.local/lib/python3.8/site-packages/setuptools/command/develop.py:40: EasyInstallDeprecationWarning: easy_install command is deprecated.
[0.649s] !!
[0.649s] 
[0.649s]         ********************************************************************************
[0.649s]         Please avoid running ``setup.py`` and ``easy_install``.
[0.649s]         Instead, use pypa/build, pypa/installer or other
[0.649s]         standards-based tools.
[0.650s] 
[0.650s]         See https://github.com/pypa/setuptools/issues/917 for details.
[0.650s]         ********************************************************************************
[0.650s] 
[0.651s] !!
[0.651s]   easy_install.initialize_options(self)
[0.679s] /home/jakub/.local/lib/python3.8/site-packages/setuptools/_distutils/cmd.py:66: SetuptoolsDeprecationWarning: setup.py install is deprecated.
[0.680s] !!
[0.680s] 
[0.680s]         ********************************************************************************
[0.680s]         Please avoid running ``setup.py`` directly.
[0.680s]         Instead, use pypa/build, pypa/installer or other
[0.680s]         standards-based tools.
[0.680s] 
[0.680s]         See https://blog.ganssle.io/articles/2021/10/setup-py-deprecated.html for details.
[0.680s]         ********************************************************************************
[0.680s] 
[0.680s] !!
[0.680s]   self.initialize_options()
[0.792s] Invoked command in '/home/jakub/wtf_ws/build/wtf' returned '0': PYTHONPATH=/home/jakub/wtf_ws/build/wtf/prefix_override:/home/jakub/wtf_ws/install/wtf/lib/python3.8/site-packages:${PYTHONPATH} /usr/bin/python3 setup.py develop --uninstall --editable --build-directory /home/jakub/wtf_ws/build/wtf/build
[0.794s] Invoking command in '/home/jakub/wtf_ws/src/wtf': PYTHONPATH=/home/jakub/wtf_ws/build/wtf/prefix_override:/home/jakub/wtf_ws/install/wtf/lib/python3.8/site-packages:${PYTHONPATH} /usr/bin/python3 setup.py egg_info --egg-base ../../build/wtf build --build-base /home/jakub/wtf_ws/build/wtf/build install --record /home/jakub/wtf_ws/build/wtf/install.log --install-scripts $base/lib/wtf --single-version-externally-managed
[0.866s] /home/jakub/.local/lib/python3.8/site-packages/setuptools/dist.py:744: SetuptoolsDeprecationWarning: Invalid dash-separated options
[0.866s] !!
[0.866s] 
[0.866s]         ********************************************************************************
[0.866s]         Usage of dash-separated 'script-dir' will not be supported in future
[0.866s]         versions. Please use the underscore name 'script_dir' instead.
[0.866s] 
[0.866s]         By 2023-Sep-26, you need to update your project and remove deprecated calls
[0.866s]         or your builds will no longer be supported.
[0.866s] 
[0.866s]         See https://setuptools.pypa.io/en/latest/userguide/declarative_config.html for details.
[0.866s]         ********************************************************************************
[0.866s] 
[0.866s] !!
[0.866s]   opt = self.warn_dash_deprecation(opt, section)
[0.922s] running egg_info
[0.931s] writing ../../build/wtf/wtf.egg-info/PKG-INFO
[0.931s] writing dependency_links to ../../build/wtf/wtf.egg-info/dependency_links.txt
[0.931s] writing entry points to ../../build/wtf/wtf.egg-info/entry_points.txt
[0.931s] writing requirements to ../../build/wtf/wtf.egg-info/requires.txt
[0.931s] writing top-level names to ../../build/wtf/wtf.egg-info/top_level.txt
[1.005s] reading manifest file '../../build/wtf/wtf.egg-info/SOURCES.txt'
[1.006s] writing manifest file '../../build/wtf/wtf.egg-info/SOURCES.txt'
[1.006s] running build
[1.006s] running build_py
[1.006s] running install
[1.006s] /home/jakub/.local/lib/python3.8/site-packages/setuptools/_distutils/cmd.py:66: SetuptoolsDeprecationWarning: setup.py install is deprecated.
[1.006s] !!
[1.006s] 
[1.006s]         ********************************************************************************
[1.006s]         Please avoid running ``setup.py`` directly.
[1.006s]         Instead, use pypa/build, pypa/installer or other
[1.006s]         standards-based tools.
[1.006s] 
[1.006s]         See https://blog.ganssle.io/articles/2021/10/setup-py-deprecated.html for details.
[1.007s]         ********************************************************************************
[1.007s] 
[1.007s] !!
[1.007s]   self.initialize_options()
[1.009s] running install_lib
[1.019s] running install_data
[1.028s] copying description/robot_core.xacro -> /home/jakub/wtf_ws/install/wtf/share/wtf/description
[1.028s] running install_egg_info
[1.038s] removing '/home/jakub/wtf_ws/install/wtf/lib/python3.8/site-packages/wtf-0.0.0-py3.8.egg-info' (and everything under it)
[1.038s] Copying ../../build/wtf/wtf.egg-info to /home/jakub/wtf_ws/install/wtf/lib/python3.8/site-packages/wtf-0.0.0-py3.8.egg-info
[1.038s] running install_scripts
[1.075s] Installing scan_publisher script to /home/jakub/wtf_ws/install/wtf/lib/wtf
[1.075s] writing list of installed files to '/home/jakub/wtf_ws/build/wtf/install.log'
[1.091s] Invoked command in '/home/jakub/wtf_ws/src/wtf' returned '0': PYTHONPATH=/home/jakub/wtf_ws/build/wtf/prefix_override:/home/jakub/wtf_ws/install/wtf/lib/python3.8/site-packages:${PYTHONPATH} /usr/bin/python3 setup.py egg_info --egg-base ../../build/wtf build --build-base /home/jakub/wtf_ws/build/wtf/build install --record /home/jakub/wtf_ws/build/wtf/install.log --install-scripts $base/lib/wtf --single-version-externally-managed
