[0.461s] Invoking command in '/home/jakub/wtf_ws/src/wtf': PYTHONPATH=/home/jakub/wtf_ws/build/wtf/prefix_override:/home/jakub/wtf_ws/install/wtf/lib/python3.8/site-packages:${PYTHONPATH} /usr/bin/python3 setup.py egg_info --egg-base ../../build/wtf build --build-base /home/jakub/wtf_ws/build/wtf/build install --record /home/jakub/wtf_ws/build/wtf/install.log --install-scripts $base/lib/wtf --single-version-externally-managed
[0.535s] /home/jakub/.local/lib/python3.8/site-packages/setuptools/dist.py:744: SetuptoolsDeprecationWarning: Invalid dash-separated options
[0.536s] !!
[0.536s] 
[0.536s]         ********************************************************************************
[0.536s]         Usage of dash-separated 'script-dir' will not be supported in future
[0.536s]         versions. Please use the underscore name 'script_dir' instead.
[0.536s] 
[0.536s]         By 2023-Sep-26, you need to update your project and remove deprecated calls
[0.536s]         or your builds will no longer be supported.
[0.536s] 
[0.536s]         See https://setuptools.pypa.io/en/latest/userguide/declarative_config.html for details.
[0.536s]         ********************************************************************************
[0.536s] 
[0.536s] !!
[0.536s]   opt = self.warn_dash_deprecation(opt, section)
[0.593s] running egg_info
[0.601s] writing ../../build/wtf/wtf.egg-info/PKG-INFO
[0.601s] writing dependency_links to ../../build/wtf/wtf.egg-info/dependency_links.txt
[0.601s] writing entry points to ../../build/wtf/wtf.egg-info/entry_points.txt
[0.602s] writing requirements to ../../build/wtf/wtf.egg-info/requires.txt
[0.602s] writing top-level names to ../../build/wtf/wtf.egg-info/top_level.txt
[0.677s] reading manifest file '../../build/wtf/wtf.egg-info/SOURCES.txt'
[0.677s] writing manifest file '../../build/wtf/wtf.egg-info/SOURCES.txt'
[0.677s] running build
[0.677s] running build_py
[0.677s] running install
[0.677s] /home/jakub/.local/lib/python3.8/site-packages/setuptools/_distutils/cmd.py:66: SetuptoolsDeprecationWarning: setup.py install is deprecated.
[0.677s] !!
[0.678s] 
[0.678s]         ********************************************************************************
[0.678s]         Please avoid running ``setup.py`` directly.
[0.678s]         Instead, use pypa/build, pypa/installer or other
[0.678s]         standards-based tools.
[0.678s] 
[0.678s]         See https://blog.ganssle.io/articles/2021/10/setup-py-deprecated.html for details.
[0.678s]         ********************************************************************************
[0.678s] 
[0.678s] !!
[0.678s]   self.initialize_options()
[0.681s] running install_lib
[0.690s] running install_data
[0.699s] copying launch/launch_sim.launch.py -> /home/jakub/wtf_ws/install/wtf/share/wtf/launch
[0.699s] running install_egg_info
[0.708s] removing '/home/jakub/wtf_ws/install/wtf/lib/python3.8/site-packages/wtf-0.0.0-py3.8.egg-info' (and everything under it)
[0.708s] Copying ../../build/wtf/wtf.egg-info to /home/jakub/wtf_ws/install/wtf/lib/python3.8/site-packages/wtf-0.0.0-py3.8.egg-info
[0.709s] running install_scripts
[0.736s] Installing scan_publisher script to /home/jakub/wtf_ws/install/wtf/lib/wtf
[0.736s] writing list of installed files to '/home/jakub/wtf_ws/build/wtf/install.log'
[0.753s] Invoked command in '/home/jakub/wtf_ws/src/wtf' returned '0': PYTHONPATH=/home/jakub/wtf_ws/build/wtf/prefix_override:/home/jakub/wtf_ws/install/wtf/lib/python3.8/site-packages:${PYTHONPATH} /usr/bin/python3 setup.py egg_info --egg-base ../../build/wtf build --build-base /home/jakub/wtf_ws/build/wtf/build install --record /home/jakub/wtf_ws/build/wtf/install.log --install-scripts $base/lib/wtf --single-version-externally-managed
