[0.444s] Invoking command in '/home/jakub/wtf_ws/build/wtf': PYTHONPATH=/home/jakub/wtf_ws/build/wtf/prefix_override:/home/jakub/wtf_ws/install/wtf/lib/python3.8/site-packages:${PYTHONPATH} /usr/bin/python3 setup.py develop --uninstall --editable --build-directory /home/jakub/wtf_ws/build/wtf/build
[0.516s] /home/jakub/.local/lib/python3.8/site-packages/setuptools/dist.py:744: SetuptoolsDeprecationWarning: Invalid dash-separated options
[0.516s] !!
[0.516s] 
[0.516s]         ********************************************************************************
[0.516s]         Usage of dash-separated 'script-dir' will not be supported in future
[0.516s]         versions. Please use the underscore name 'script_dir' instead.
[0.516s] 
[0.516s]         By 2023-Sep-26, you need to update your project and remove deprecated calls
[0.516s]         or your builds will no longer be supported.
[0.516s] 
[0.516s]         See https://setuptools.pypa.io/en/latest/userguide/declarative_config.html for details.
[0.516s]         ********************************************************************************
[0.516s] 
[0.516s] !!
[0.516s]   opt = self.warn_dash_deprecation(opt, section)
[0.623s] running develop
[0.623s] /home/jakub/.local/lib/python3.8/site-packages/setuptools/command/develop.py:40: EasyInstallDeprecationWarning: easy_install command is deprecated.
[0.623s] !!
[0.623s] 
[0.623s]         ********************************************************************************
[0.623s]         Please avoid running ``setup.py`` and ``easy_install``.
[0.624s]         Instead, use pypa/build, pypa/installer or other
[0.624s]         standards-based tools.
[0.624s] 
[0.624s]         See https://github.com/pypa/setuptools/issues/917 for details.
[0.624s]         ********************************************************************************
[0.624s] 
[0.624s] !!
[0.624s]   easy_install.initialize_options(self)
[0.642s] /home/jakub/.local/lib/python3.8/site-packages/setuptools/_distutils/cmd.py:66: SetuptoolsDeprecationWarning: setup.py install is deprecated.
[0.642s] !!
[0.642s] 
[0.643s]         ********************************************************************************
[0.643s]         Please avoid running ``setup.py`` directly.
[0.643s]         Instead, use pypa/build, pypa/installer or other
[0.643s]         standards-based tools.
[0.643s] 
[0.643s]         See https://blog.ganssle.io/articles/2021/10/setup-py-deprecated.html for details.
[0.643s]         ********************************************************************************
[0.643s] 
[0.643s] !!
[0.643s]   self.initialize_options()
[0.753s] Invoked command in '/home/jakub/wtf_ws/build/wtf' returned '0': PYTHONPATH=/home/jakub/wtf_ws/build/wtf/prefix_override:/home/jakub/wtf_ws/install/wtf/lib/python3.8/site-packages:${PYTHONPATH} /usr/bin/python3 setup.py develop --uninstall --editable --build-directory /home/jakub/wtf_ws/build/wtf/build
[0.754s] Invoking command in '/home/jakub/wtf_ws/src/wtf': PYTHONPATH=/home/jakub/wtf_ws/build/wtf/prefix_override:/home/jakub/wtf_ws/install/wtf/lib/python3.8/site-packages:${PYTHONPATH} /usr/bin/python3 setup.py egg_info --egg-base ../../build/wtf build --build-base /home/jakub/wtf_ws/build/wtf/build install --record /home/jakub/wtf_ws/build/wtf/install.log --install-scripts $base/lib/wtf --single-version-externally-managed
[0.819s] /home/jakub/.local/lib/python3.8/site-packages/setuptools/dist.py:744: SetuptoolsDeprecationWarning: Invalid dash-separated options
[0.819s] !!
[0.819s] 
[0.819s]         ********************************************************************************
[0.819s]         Usage of dash-separated 'script-dir' will not be supported in future
[0.819s]         versions. Please use the underscore name 'script_dir' instead.
[0.819s] 
[0.819s]         By 2023-Sep-26, you need to update your project and remove deprecated calls
[0.819s]         or your builds will no longer be supported.
[0.819s] 
[0.820s]         See https://setuptools.pypa.io/en/latest/userguide/declarative_config.html for details.
[0.820s]         ********************************************************************************
[0.820s] 
[0.820s] !!
[0.820s]   opt = self.warn_dash_deprecation(opt, section)
[0.871s] running egg_info
[0.880s] writing ../../build/wtf/wtf.egg-info/PKG-INFO
[0.880s] writing dependency_links to ../../build/wtf/wtf.egg-info/dependency_links.txt
[0.880s] writing entry points to ../../build/wtf/wtf.egg-info/entry_points.txt
[0.880s] writing requirements to ../../build/wtf/wtf.egg-info/requires.txt
[0.880s] writing top-level names to ../../build/wtf/wtf.egg-info/top_level.txt
[0.950s] reading manifest file '../../build/wtf/wtf.egg-info/SOURCES.txt'
[0.950s] writing manifest file '../../build/wtf/wtf.egg-info/SOURCES.txt'
[0.950s] running build
[0.950s] running build_py
[0.951s] running install
[0.951s] /home/jakub/.local/lib/python3.8/site-packages/setuptools/_distutils/cmd.py:66: SetuptoolsDeprecationWarning: setup.py install is deprecated.
[0.951s] !!
[0.951s] 
[0.951s]         ********************************************************************************
[0.951s]         Please avoid running ``setup.py`` directly.
[0.951s]         Instead, use pypa/build, pypa/installer or other
[0.951s]         standards-based tools.
[0.951s] 
[0.951s]         See https://blog.ganssle.io/articles/2021/10/setup-py-deprecated.html for details.
[0.951s]         ********************************************************************************
[0.951s] 
[0.951s] !!
[0.951s]   self.initialize_options()
[0.954s] running install_lib
[0.963s] running install_data
[0.971s] running install_egg_info
[0.980s] removing '/home/jakub/wtf_ws/install/wtf/lib/python3.8/site-packages/wtf-0.0.0-py3.8.egg-info' (and everything under it)
[0.980s] Copying ../../build/wtf/wtf.egg-info to /home/jakub/wtf_ws/install/wtf/lib/python3.8/site-packages/wtf-0.0.0-py3.8.egg-info
[0.981s] running install_scripts
[1.006s] Installing scan_publisher script to /home/jakub/wtf_ws/install/wtf/lib/wtf
[1.006s] writing list of installed files to '/home/jakub/wtf_ws/build/wtf/install.log'
[1.023s] Invoked command in '/home/jakub/wtf_ws/src/wtf' returned '0': PYTHONPATH=/home/jakub/wtf_ws/build/wtf/prefix_override:/home/jakub/wtf_ws/install/wtf/lib/python3.8/site-packages:${PYTHONPATH} /usr/bin/python3 setup.py egg_info --egg-base ../../build/wtf build --build-base /home/jakub/wtf_ws/build/wtf/build install --record /home/jakub/wtf_ws/build/wtf/install.log --install-scripts $base/lib/wtf --single-version-externally-managed
