[0.457s] Invoking command in '/home/jakub/wtf_ws/build/wtf': PYTHONPATH=/home/jakub/wtf_ws/build/wtf/prefix_override:/home/jakub/wtf_ws/install/wtf/lib/python3.8/site-packages:${PYTHONPATH} /usr/bin/python3 setup.py develop --uninstall --editable --build-directory /home/jakub/wtf_ws/build/wtf/build
[0.530s] /home/jakub/.local/lib/python3.8/site-packages/setuptools/dist.py:744: SetuptoolsDeprecationWarning: Invalid dash-separated options
[0.530s] !!
[0.530s] 
[0.530s]         ********************************************************************************
[0.530s]         Usage of dash-separated 'script-dir' will not be supported in future
[0.530s]         versions. Please use the underscore name 'script_dir' instead.
[0.530s] 
[0.530s]         By 2023-Sep-26, you need to update your project and remove deprecated calls
[0.530s]         or your builds will no longer be supported.
[0.530s] 
[0.530s]         See https://setuptools.pypa.io/en/latest/userguide/declarative_config.html for details.
[0.530s]         ********************************************************************************
[0.531s] 
[0.531s] !!
[0.531s]   opt = self.warn_dash_deprecation(opt, section)
[0.642s] running develop
[0.642s] /home/jakub/.local/lib/python3.8/site-packages/setuptools/command/develop.py:40: EasyInstallDeprecationWarning: easy_install command is deprecated.
[0.642s] !!
[0.642s] 
[0.642s]         ********************************************************************************
[0.642s]         Please avoid running ``setup.py`` and ``easy_install``.
[0.642s]         Instead, use pypa/build, pypa/installer or other
[0.642s]         standards-based tools.
[0.642s] 
[0.642s]         See https://github.com/pypa/setuptools/issues/917 for details.
[0.642s]         ********************************************************************************
[0.642s] 
[0.642s] !!
[0.642s]   easy_install.initialize_options(self)
[0.660s] /home/jakub/.local/lib/python3.8/site-packages/setuptools/_distutils/cmd.py:66: SetuptoolsDeprecationWarning: setup.py install is deprecated.
[0.660s] !!
[0.660s] 
[0.660s]         ********************************************************************************
[0.660s]         Please avoid running ``setup.py`` directly.
[0.660s]         Instead, use pypa/build, pypa/installer or other
[0.660s]         standards-based tools.
[0.660s] 
[0.660s]         See https://blog.ganssle.io/articles/2021/10/setup-py-deprecated.html for details.
[0.660s]         ********************************************************************************
[0.661s] 
[0.661s] !!
[0.661s]   self.initialize_options()
[0.772s] Invoked command in '/home/jakub/wtf_ws/build/wtf' returned '0': PYTHONPATH=/home/jakub/wtf_ws/build/wtf/prefix_override:/home/jakub/wtf_ws/install/wtf/lib/python3.8/site-packages:${PYTHONPATH} /usr/bin/python3 setup.py develop --uninstall --editable --build-directory /home/jakub/wtf_ws/build/wtf/build
[0.773s] Invoking command in '/home/jakub/wtf_ws/src/wtf': PYTHONPATH=/home/jakub/wtf_ws/build/wtf/prefix_override:/home/jakub/wtf_ws/install/wtf/lib/python3.8/site-packages:${PYTHONPATH} /usr/bin/python3 setup.py egg_info --egg-base ../../build/wtf build --build-base /home/jakub/wtf_ws/build/wtf/build install --record /home/jakub/wtf_ws/build/wtf/install.log --install-scripts $base/lib/wtf --single-version-externally-managed
[0.842s] /home/jakub/.local/lib/python3.8/site-packages/setuptools/dist.py:744: SetuptoolsDeprecationWarning: Invalid dash-separated options
[0.842s] !!
[0.842s] 
[0.842s]         ********************************************************************************
[0.842s]         Usage of dash-separated 'script-dir' will not be supported in future
[0.842s]         versions. Please use the underscore name 'script_dir' instead.
[0.842s] 
[0.842s]         By 2023-Sep-26, you need to update your project and remove deprecated calls
[0.842s]         or your builds will no longer be supported.
[0.842s] 
[0.842s]         See https://setuptools.pypa.io/en/latest/userguide/declarative_config.html for details.
[0.842s]         ********************************************************************************
[0.842s] 
[0.842s] !!
[0.842s]   opt = self.warn_dash_deprecation(opt, section)
[0.897s] running egg_info
[0.906s] writing ../../build/wtf/wtf.egg-info/PKG-INFO
[0.906s] writing dependency_links to ../../build/wtf/wtf.egg-info/dependency_links.txt
[0.906s] writing entry points to ../../build/wtf/wtf.egg-info/entry_points.txt
[0.906s] writing requirements to ../../build/wtf/wtf.egg-info/requires.txt
[0.906s] writing top-level names to ../../build/wtf/wtf.egg-info/top_level.txt
[0.983s] reading manifest file '../../build/wtf/wtf.egg-info/SOURCES.txt'
[0.983s] writing manifest file '../../build/wtf/wtf.egg-info/SOURCES.txt'
[0.983s] running build
[0.983s] running build_py
[0.983s] running install
[0.983s] /home/jakub/.local/lib/python3.8/site-packages/setuptools/_distutils/cmd.py:66: SetuptoolsDeprecationWarning: setup.py install is deprecated.
[0.983s] !!
[0.983s] 
[0.983s]         ********************************************************************************
[0.983s]         Please avoid running ``setup.py`` directly.
[0.983s]         Instead, use pypa/build, pypa/installer or other
[0.984s]         standards-based tools.
[0.984s] 
[0.984s]         See https://blog.ganssle.io/articles/2021/10/setup-py-deprecated.html for details.
[0.984s]         ********************************************************************************
[0.984s] 
[0.984s] !!
[0.984s]   self.initialize_options()
[0.986s] running install_lib
[0.996s] running install_data
[1.005s] running install_egg_info
[1.014s] removing '/home/jakub/wtf_ws/install/wtf/lib/python3.8/site-packages/wtf-0.0.0-py3.8.egg-info' (and everything under it)
[1.014s] Copying ../../build/wtf/wtf.egg-info to /home/jakub/wtf_ws/install/wtf/lib/python3.8/site-packages/wtf-0.0.0-py3.8.egg-info
[1.015s] running install_scripts
[1.042s] Installing scan_publisher script to /home/jakub/wtf_ws/install/wtf/lib/wtf
[1.042s] writing list of installed files to '/home/jakub/wtf_ws/build/wtf/install.log'
[1.059s] Invoked command in '/home/jakub/wtf_ws/src/wtf' returned '0': PYTHONPATH=/home/jakub/wtf_ws/build/wtf/prefix_override:/home/jakub/wtf_ws/install/wtf/lib/python3.8/site-packages:${PYTHONPATH} /usr/bin/python3 setup.py egg_info --egg-base ../../build/wtf build --build-base /home/jakub/wtf_ws/build/wtf/build install --record /home/jakub/wtf_ws/build/wtf/install.log --install-scripts $base/lib/wtf --single-version-externally-managed
