[0.462s] Invoking command in '/home/jakub/wtf_ws/build/wtf': PYTHONPATH=/home/jakub/wtf_ws/build/wtf/prefix_override:/home/jakub/wtf_ws/install/wtf/lib/python3.8/site-packages:${PYTHONPATH} /usr/bin/python3 setup.py develop --uninstall --editable --build-directory /home/jakub/wtf_ws/build/wtf/build
[0.538s] /home/jakub/.local/lib/python3.8/site-packages/setuptools/dist.py:744: SetuptoolsDeprecationWarning: Invalid dash-separated options
[0.538s] !!
[0.538s] 
[0.538s]         ********************************************************************************
[0.538s]         Usage of dash-separated 'script-dir' will not be supported in future
[0.538s]         versions. Please use the underscore name 'script_dir' instead.
[0.538s] 
[0.538s]         By 2023-Sep-26, you need to update your project and remove deprecated calls
[0.539s]         or your builds will no longer be supported.
[0.539s] 
[0.539s]         See https://setuptools.pypa.io/en/latest/userguide/declarative_config.html for details.
[0.539s]         ********************************************************************************
[0.539s] 
[0.539s] !!
[0.539s]   opt = self.warn_dash_deprecation(opt, section)
[0.646s] running develop
[0.646s] /home/jakub/.local/lib/python3.8/site-packages/setuptools/command/develop.py:40: EasyInstallDeprecationWarning: easy_install command is deprecated.
[0.646s] !!
[0.646s] 
[0.646s]         ********************************************************************************
[0.646s]         Please avoid running ``setup.py`` and ``easy_install``.
[0.646s]         Instead, use pypa/build, pypa/installer or other
[0.646s]         standards-based tools.
[0.646s] 
[0.646s]         See https://github.com/pypa/setuptools/issues/917 for details.
[0.646s]         ********************************************************************************
[0.646s] 
[0.646s] !!
[0.646s]   easy_install.initialize_options(self)
[0.664s] /home/jakub/.local/lib/python3.8/site-packages/setuptools/_distutils/cmd.py:66: SetuptoolsDeprecationWarning: setup.py install is deprecated.
[0.664s] !!
[0.664s] 
[0.665s]         ********************************************************************************
[0.665s]         Please avoid running ``setup.py`` directly.
[0.665s]         Instead, use pypa/build, pypa/installer or other
[0.665s]         standards-based tools.
[0.665s] 
[0.665s]         See https://blog.ganssle.io/articles/2021/10/setup-py-deprecated.html for details.
[0.665s]         ********************************************************************************
[0.665s] 
[0.665s] !!
[0.665s]   self.initialize_options()
[0.779s] Invoked command in '/home/jakub/wtf_ws/build/wtf' returned '0': PYTHONPATH=/home/jakub/wtf_ws/build/wtf/prefix_override:/home/jakub/wtf_ws/install/wtf/lib/python3.8/site-packages:${PYTHONPATH} /usr/bin/python3 setup.py develop --uninstall --editable --build-directory /home/jakub/wtf_ws/build/wtf/build
[0.779s] Invoking command in '/home/jakub/wtf_ws/src/wtf': PYTHONPATH=/home/jakub/wtf_ws/build/wtf/prefix_override:/home/jakub/wtf_ws/install/wtf/lib/python3.8/site-packages:${PYTHONPATH} /usr/bin/python3 setup.py egg_info --egg-base ../../build/wtf build --build-base /home/jakub/wtf_ws/build/wtf/build install --record /home/jakub/wtf_ws/build/wtf/install.log --install-scripts $base/lib/wtf --single-version-externally-managed
[0.849s] /home/jakub/.local/lib/python3.8/site-packages/setuptools/dist.py:744: SetuptoolsDeprecationWarning: Invalid dash-separated options
[0.849s] !!
[0.849s] 
[0.849s]         ********************************************************************************
[0.849s]         Usage of dash-separated 'script-dir' will not be supported in future
[0.849s]         versions. Please use the underscore name 'script_dir' instead.
[0.849s] 
[0.849s]         By 2023-Sep-26, you need to update your project and remove deprecated calls
[0.849s]         or your builds will no longer be supported.
[0.849s] 
[0.849s]         See https://setuptools.pypa.io/en/latest/userguide/declarative_config.html for details.
[0.850s]         ********************************************************************************
[0.850s] 
[0.850s] !!
[0.850s]   opt = self.warn_dash_deprecation(opt, section)
[0.904s] running egg_info
[0.913s] writing ../../build/wtf/wtf.egg-info/PKG-INFO
[0.913s] writing dependency_links to ../../build/wtf/wtf.egg-info/dependency_links.txt
[0.914s] writing entry points to ../../build/wtf/wtf.egg-info/entry_points.txt
[0.914s] writing requirements to ../../build/wtf/wtf.egg-info/requires.txt
[0.914s] writing top-level names to ../../build/wtf/wtf.egg-info/top_level.txt
[0.989s] reading manifest file '../../build/wtf/wtf.egg-info/SOURCES.txt'
[0.990s] writing manifest file '../../build/wtf/wtf.egg-info/SOURCES.txt'
[0.990s] running build
[0.990s] running build_py
[0.990s] running install
[0.990s] /home/jakub/.local/lib/python3.8/site-packages/setuptools/_distutils/cmd.py:66: SetuptoolsDeprecationWarning: setup.py install is deprecated.
[0.990s] !!
[0.990s] 
[0.990s]         ********************************************************************************
[0.990s]         Please avoid running ``setup.py`` directly.
[0.991s]         Instead, use pypa/build, pypa/installer or other
[0.991s]         standards-based tools.
[0.991s] 
[0.991s]         See https://blog.ganssle.io/articles/2021/10/setup-py-deprecated.html for details.
[0.991s]         ********************************************************************************
[0.991s] 
[0.991s] !!
[0.991s]   self.initialize_options()
[0.993s] running install_lib
[1.003s] running install_data
[1.011s] copying launch/launch_sim.launch.py -> /home/jakub/wtf_ws/install/wtf/share/wtf/launch
[1.012s] copying launch/rsp.launch.py -> /home/jakub/wtf_ws/install/wtf/share/wtf/launch
[1.012s] running install_egg_info
[1.021s] removing '/home/jakub/wtf_ws/install/wtf/lib/python3.8/site-packages/wtf-0.0.0-py3.8.egg-info' (and everything under it)
[1.021s] Copying ../../build/wtf/wtf.egg-info to /home/jakub/wtf_ws/install/wtf/lib/python3.8/site-packages/wtf-0.0.0-py3.8.egg-info
[1.022s] running install_scripts
[1.049s] Installing scan_publisher script to /home/jakub/wtf_ws/install/wtf/lib/wtf
[1.049s] writing list of installed files to '/home/jakub/wtf_ws/build/wtf/install.log'
[1.064s] Invoked command in '/home/jakub/wtf_ws/src/wtf' returned '0': PYTHONPATH=/home/jakub/wtf_ws/build/wtf/prefix_override:/home/jakub/wtf_ws/install/wtf/lib/python3.8/site-packages:${PYTHONPATH} /usr/bin/python3 setup.py egg_info --egg-base ../../build/wtf build --build-base /home/jakub/wtf_ws/build/wtf/build install --record /home/jakub/wtf_ws/build/wtf/install.log --install-scripts $base/lib/wtf --single-version-externally-managed
