[0.444s] Invoking command in '/home/jakub/wtf_ws/build/wtf': PYTHONPATH=/home/jakub/wtf_ws/build/wtf/prefix_override:/home/jakub/wtf_ws/install/wtf/lib/python3.8/site-packages:${PYTHONPATH} /usr/bin/python3 setup.py develop --uninstall --editable --build-directory /home/jakub/wtf_ws/build/wtf/build
[0.516s] /home/jakub/.local/lib/python3.8/site-packages/setuptools/dist.py:744: SetuptoolsDeprecationWarning: Invalid dash-separated options
[0.516s] !!
[0.516s] 
[0.516s]         ********************************************************************************
[0.516s]         Usage of dash-separated 'script-dir' will not be supported in future
[0.516s]         versions. Please use the underscore name 'script_dir' instead.
[0.516s] 
[0.516s]         By 2023-Sep-26, you need to update your project and remove deprecated calls
[0.516s]         or your builds will no longer be supported.
[0.516s] 
[0.516s]         See https://setuptools.pypa.io/en/latest/userguide/declarative_config.html for details.
[0.516s]         ********************************************************************************
[0.516s] 
[0.516s] !!
[0.517s]   opt = self.warn_dash_deprecation(opt, section)
[0.638s] running develop
[0.638s] /home/jakub/.local/lib/python3.8/site-packages/setuptools/command/develop.py:40: EasyInstallDeprecationWarning: easy_install command is deprecated.
[0.638s] !!
[0.638s] 
[0.638s]         ********************************************************************************
[0.638s]         Please avoid running ``setup.py`` and ``easy_install``.
[0.639s]         Instead, use pypa/build, pypa/installer or other
[0.639s]         standards-based tools.
[0.639s] 
[0.639s]         See https://github.com/pypa/setuptools/issues/917 for details.
[0.639s]         ********************************************************************************
[0.639s] 
[0.639s] !!
[0.639s]   easy_install.initialize_options(self)
[0.657s] /home/jakub/.local/lib/python3.8/site-packages/setuptools/_distutils/cmd.py:66: SetuptoolsDeprecationWarning: setup.py install is deprecated.
[0.657s] !!
[0.657s] 
[0.657s]         ********************************************************************************
[0.657s]         Please avoid running ``setup.py`` directly.
[0.658s]         Instead, use pypa/build, pypa/installer or other
[0.658s]         standards-based tools.
[0.658s] 
[0.658s]         See https://blog.ganssle.io/articles/2021/10/setup-py-deprecated.html for details.
[0.658s]         ********************************************************************************
[0.658s] 
[0.658s] !!
[0.658s]   self.initialize_options()
[0.770s] Invoked command in '/home/jakub/wtf_ws/build/wtf' returned '0': PYTHONPATH=/home/jakub/wtf_ws/build/wtf/prefix_override:/home/jakub/wtf_ws/install/wtf/lib/python3.8/site-packages:${PYTHONPATH} /usr/bin/python3 setup.py develop --uninstall --editable --build-directory /home/jakub/wtf_ws/build/wtf/build
[0.771s] Invoking command in '/home/jakub/wtf_ws/src/wtf': PYTHONPATH=/home/jakub/wtf_ws/build/wtf/prefix_override:/home/jakub/wtf_ws/install/wtf/lib/python3.8/site-packages:${PYTHONPATH} /usr/bin/python3 setup.py egg_info --egg-base ../../build/wtf build --build-base /home/jakub/wtf_ws/build/wtf/build install --record /home/jakub/wtf_ws/build/wtf/install.log --install-scripts $base/lib/wtf --single-version-externally-managed
[0.841s] /home/jakub/.local/lib/python3.8/site-packages/setuptools/dist.py:744: SetuptoolsDeprecationWarning: Invalid dash-separated options
[0.841s] !!
[0.841s] 
[0.841s]         ********************************************************************************
[0.841s]         Usage of dash-separated 'script-dir' will not be supported in future
[0.841s]         versions. Please use the underscore name 'script_dir' instead.
[0.841s] 
[0.841s]         By 2023-Sep-26, you need to update your project and remove deprecated calls
[0.841s]         or your builds will no longer be supported.
[0.841s] 
[0.842s]         See https://setuptools.pypa.io/en/latest/userguide/declarative_config.html for details.
[0.842s]         ********************************************************************************
[0.842s] 
[0.842s] !!
[0.842s]   opt = self.warn_dash_deprecation(opt, section)
[0.898s] running egg_info
[0.906s] writing ../../build/wtf/wtf.egg-info/PKG-INFO
[0.907s] writing dependency_links to ../../build/wtf/wtf.egg-info/dependency_links.txt
[0.907s] writing entry points to ../../build/wtf/wtf.egg-info/entry_points.txt
[0.907s] writing requirements to ../../build/wtf/wtf.egg-info/requires.txt
[0.907s] writing top-level names to ../../build/wtf/wtf.egg-info/top_level.txt
[0.982s] reading manifest file '../../build/wtf/wtf.egg-info/SOURCES.txt'
[0.982s] writing manifest file '../../build/wtf/wtf.egg-info/SOURCES.txt'
[0.982s] running build
[0.983s] running build_py
[0.983s] running install
[0.983s] /home/jakub/.local/lib/python3.8/site-packages/setuptools/_distutils/cmd.py:66: SetuptoolsDeprecationWarning: setup.py install is deprecated.
[0.983s] !!
[0.983s] 
[0.983s]         ********************************************************************************
[0.983s]         Please avoid running ``setup.py`` directly.
[0.983s]         Instead, use pypa/build, pypa/installer or other
[0.983s]         standards-based tools.
[0.983s] 
[0.983s]         See https://blog.ganssle.io/articles/2021/10/setup-py-deprecated.html for details.
[0.983s]         ********************************************************************************
[0.983s] 
[0.983s] !!
[0.983s]   self.initialize_options()
[0.986s] running install_lib
[0.995s] running install_data
[1.004s] copying launch/launch_sim.launch.py -> /home/jakub/wtf_ws/install/wtf/share/wtf/launch
[1.004s] running install_egg_info
[1.014s] removing '/home/jakub/wtf_ws/install/wtf/lib/python3.8/site-packages/wtf-0.0.0-py3.8.egg-info' (and everything under it)
[1.014s] Copying ../../build/wtf/wtf.egg-info to /home/jakub/wtf_ws/install/wtf/lib/python3.8/site-packages/wtf-0.0.0-py3.8.egg-info
[1.014s] running install_scripts
[1.042s] Installing scan_publisher script to /home/jakub/wtf_ws/install/wtf/lib/wtf
[1.042s] writing list of installed files to '/home/jakub/wtf_ws/build/wtf/install.log'
[1.059s] Invoked command in '/home/jakub/wtf_ws/src/wtf' returned '0': PYTHONPATH=/home/jakub/wtf_ws/build/wtf/prefix_override:/home/jakub/wtf_ws/install/wtf/lib/python3.8/site-packages:${PYTHONPATH} /usr/bin/python3 setup.py egg_info --egg-base ../../build/wtf build --build-base /home/jakub/wtf_ws/build/wtf/build install --record /home/jakub/wtf_ws/build/wtf/install.log --install-scripts $base/lib/wtf --single-version-externally-managed
