[1.113s] Invoking command in '/home/jakub/wtf_ws/build/wtf': PYTHONPATH=/home/jakub/wtf_ws/build/wtf/prefix_override:/home/jakub/wtf_ws/install/wtf/lib/python3.8/site-packages:${PYTHONPATH} /usr/bin/python3 setup.py develop --uninstall --editable --build-directory /home/jakub/wtf_ws/build/wtf/build
[1.267s] /home/jakub/.local/lib/python3.8/site-packages/setuptools/dist.py:744: SetuptoolsDeprecationWarning: Invalid dash-separated options
[1.267s] !!
[1.267s] 
[1.267s]         ********************************************************************************
[1.267s]         Usage of dash-separated 'script-dir' will not be supported in future
[1.267s]         versions. Please use the underscore name 'script_dir' instead.
[1.267s] 
[1.267s]         By 2023-Sep-26, you need to update your project and remove deprecated calls
[1.267s]         or your builds will no longer be supported.
[1.267s] 
[1.267s]         See https://setuptools.pypa.io/en/latest/userguide/declarative_config.html for details.
[1.267s]         ********************************************************************************
[1.267s] 
[1.267s] !!
[1.267s]   opt = self.warn_dash_deprecation(opt, section)
[1.437s] running develop
[1.438s] /home/jakub/.local/lib/python3.8/site-packages/setuptools/command/develop.py:40: EasyInstallDeprecationWarning: easy_install command is deprecated.
[1.438s] !!
[1.438s] 
[1.439s]         ********************************************************************************
[1.439s]         Please avoid running ``setup.py`` and ``easy_install``.
[1.439s]         Instead, use pypa/build, pypa/installer or other
[1.440s]         standards-based tools.
[1.440s] 
[1.440s]         See https://github.com/pypa/setuptools/issues/917 for details.
[1.440s]         ********************************************************************************
[1.441s] 
[1.441s] !!
[1.441s]   easy_install.initialize_options(self)
[1.475s] /home/jakub/.local/lib/python3.8/site-packages/setuptools/_distutils/cmd.py:66: SetuptoolsDeprecationWarning: setup.py install is deprecated.
[1.475s] !!
[1.476s] 
[1.476s]         ********************************************************************************
[1.476s]         Please avoid running ``setup.py`` directly.
[1.476s]         Instead, use pypa/build, pypa/installer or other
[1.476s]         standards-based tools.
[1.476s] 
[1.476s]         See https://blog.ganssle.io/articles/2021/10/setup-py-deprecated.html for details.
[1.476s]         ********************************************************************************
[1.476s] 
[1.476s] !!
[1.476s]   self.initialize_options()
[1.770s] Invoked command in '/home/jakub/wtf_ws/build/wtf' returned '0': PYTHONPATH=/home/jakub/wtf_ws/build/wtf/prefix_override:/home/jakub/wtf_ws/install/wtf/lib/python3.8/site-packages:${PYTHONPATH} /usr/bin/python3 setup.py develop --uninstall --editable --build-directory /home/jakub/wtf_ws/build/wtf/build
[1.775s] Invoking command in '/home/jakub/wtf_ws/src/wtf': PYTHONPATH=/home/jakub/wtf_ws/build/wtf/prefix_override:/home/jakub/wtf_ws/install/wtf/lib/python3.8/site-packages:${PYTHONPATH} /usr/bin/python3 setup.py egg_info --egg-base ../../build/wtf build --build-base /home/jakub/wtf_ws/build/wtf/build install --record /home/jakub/wtf_ws/build/wtf/install.log --install-scripts $base/lib/wtf --single-version-externally-managed
[1.909s] /home/jakub/.local/lib/python3.8/site-packages/setuptools/dist.py:744: SetuptoolsDeprecationWarning: Invalid dash-separated options
[1.909s] !!
[1.909s] 
[1.909s]         ********************************************************************************
[1.909s]         Usage of dash-separated 'script-dir' will not be supported in future
[1.909s]         versions. Please use the underscore name 'script_dir' instead.
[1.909s] 
[1.909s]         By 2023-Sep-26, you need to update your project and remove deprecated calls
[1.909s]         or your builds will no longer be supported.
[1.910s] 
[1.910s]         See https://setuptools.pypa.io/en/latest/userguide/declarative_config.html for details.
[1.910s]         ********************************************************************************
[1.910s] 
[1.910s] !!
[1.910s]   opt = self.warn_dash_deprecation(opt, section)
[2.027s] running egg_info
[2.048s] writing ../../build/wtf/wtf.egg-info/PKG-INFO
[2.050s] writing dependency_links to ../../build/wtf/wtf.egg-info/dependency_links.txt
[2.050s] writing entry points to ../../build/wtf/wtf.egg-info/entry_points.txt
[2.050s] writing requirements to ../../build/wtf/wtf.egg-info/requires.txt
[2.050s] writing top-level names to ../../build/wtf/wtf.egg-info/top_level.txt
[2.161s] reading manifest file '../../build/wtf/wtf.egg-info/SOURCES.txt'
[2.162s] writing manifest file '../../build/wtf/wtf.egg-info/SOURCES.txt'
[2.162s] running build
[2.162s] running build_py
[2.162s] copying wtf/const_scan.py -> /home/jakub/wtf_ws/build/wtf/build/lib/wtf
[2.163s] running install
[2.163s] /home/jakub/.local/lib/python3.8/site-packages/setuptools/_distutils/cmd.py:66: SetuptoolsDeprecationWarning: setup.py install is deprecated.
[2.163s] !!
[2.163s] 
[2.163s]         ********************************************************************************
[2.163s]         Please avoid running ``setup.py`` directly.
[2.163s]         Instead, use pypa/build, pypa/installer or other
[2.163s]         standards-based tools.
[2.163s] 
[2.164s]         See https://blog.ganssle.io/articles/2021/10/setup-py-deprecated.html for details.
[2.164s]         ********************************************************************************
[2.164s] 
[2.164s] !!
[2.164s]   self.initialize_options()
[2.169s] running install_lib
[2.184s] copying /home/jakub/wtf_ws/build/wtf/build/lib/wtf/const_scan.py -> /home/jakub/wtf_ws/install/wtf/lib/python3.8/site-packages/wtf
[2.186s] byte-compiling /home/jakub/wtf_ws/install/wtf/lib/python3.8/site-packages/wtf/const_scan.py to const_scan.cpython-38.pyc
[2.187s] running install_data
[2.201s] running install_egg_info
[2.215s] removing '/home/jakub/wtf_ws/install/wtf/lib/python3.8/site-packages/wtf-0.0.0-py3.8.egg-info' (and everything under it)
[2.216s] Copying ../../build/wtf/wtf.egg-info to /home/jakub/wtf_ws/install/wtf/lib/python3.8/site-packages/wtf-0.0.0-py3.8.egg-info
[2.216s] running install_scripts
[2.266s] Installing const_scan script to /home/jakub/wtf_ws/install/wtf/lib/wtf
[2.266s] Installing scan_publisher script to /home/jakub/wtf_ws/install/wtf/lib/wtf
[2.266s] writing list of installed files to '/home/jakub/wtf_ws/build/wtf/install.log'
[2.367s] Invoked command in '/home/jakub/wtf_ws/src/wtf' returned '0': PYTHONPATH=/home/jakub/wtf_ws/build/wtf/prefix_override:/home/jakub/wtf_ws/install/wtf/lib/python3.8/site-packages:${PYTHONPATH} /usr/bin/python3 setup.py egg_info --egg-base ../../build/wtf build --build-base /home/jakub/wtf_ws/build/wtf/build install --record /home/jakub/wtf_ws/build/wtf/install.log --install-scripts $base/lib/wtf --single-version-externally-managed
