[0.426s] Invoking command in '/home/jakub/wtf_ws/build/wtf': PYTHONPATH=/home/jakub/wtf_ws/build/wtf/prefix_override:/home/jakub/wtf_ws/install/wtf/lib/python3.8/site-packages:${PYTHONPATH} /usr/bin/python3 setup.py develop --uninstall --editable --build-directory /home/jakub/wtf_ws/build/wtf/build
[0.492s] /home/jakub/.local/lib/python3.8/site-packages/setuptools/dist.py:744: SetuptoolsDeprecationWarning: Invalid dash-separated options
[0.492s] !!
[0.492s] 
[0.492s]         ********************************************************************************
[0.492s]         Usage of dash-separated 'script-dir' will not be supported in future
[0.492s]         versions. Please use the underscore name 'script_dir' instead.
[0.492s] 
[0.492s]         By 2023-Sep-26, you need to update your project and remove deprecated calls
[0.492s]         or your builds will no longer be supported.
[0.492s] 
[0.492s]         See https://setuptools.pypa.io/en/latest/userguide/declarative_config.html for details.
[0.492s]         ********************************************************************************
[0.493s] 
[0.493s] !!
[0.493s]   opt = self.warn_dash_deprecation(opt, section)
[0.604s] running develop
[0.604s] /home/jakub/.local/lib/python3.8/site-packages/setuptools/command/develop.py:40: EasyInstallDeprecationWarning: easy_install command is deprecated.
[0.604s] !!
[0.604s] 
[0.604s]         ********************************************************************************
[0.604s]         Please avoid running ``setup.py`` and ``easy_install``.
[0.604s]         Instead, use pypa/build, pypa/installer or other
[0.604s]         standards-based tools.
[0.604s] 
[0.605s]         See https://github.com/pypa/setuptools/issues/917 for details.
[0.605s]         ********************************************************************************
[0.605s] 
[0.605s] !!
[0.605s]   easy_install.initialize_options(self)
[0.623s] /home/jakub/.local/lib/python3.8/site-packages/setuptools/_distutils/cmd.py:66: SetuptoolsDeprecationWarning: setup.py install is deprecated.
[0.623s] !!
[0.623s] 
[0.623s]         ********************************************************************************
[0.623s]         Please avoid running ``setup.py`` directly.
[0.623s]         Instead, use pypa/build, pypa/installer or other
[0.623s]         standards-based tools.
[0.623s] 
[0.623s]         See https://blog.ganssle.io/articles/2021/10/setup-py-deprecated.html for details.
[0.623s]         ********************************************************************************
[0.623s] 
[0.623s] !!
[0.623s]   self.initialize_options()
[0.728s] Invoked command in '/home/jakub/wtf_ws/build/wtf' returned '0': PYTHONPATH=/home/jakub/wtf_ws/build/wtf/prefix_override:/home/jakub/wtf_ws/install/wtf/lib/python3.8/site-packages:${PYTHONPATH} /usr/bin/python3 setup.py develop --uninstall --editable --build-directory /home/jakub/wtf_ws/build/wtf/build
[0.730s] Invoking command in '/home/jakub/wtf_ws/src/wtf': PYTHONPATH=/home/jakub/wtf_ws/build/wtf/prefix_override:/home/jakub/wtf_ws/install/wtf/lib/python3.8/site-packages:${PYTHONPATH} /usr/bin/python3 setup.py egg_info --egg-base ../../build/wtf build --build-base /home/jakub/wtf_ws/build/wtf/build install --record /home/jakub/wtf_ws/build/wtf/install.log --install-scripts $base/lib/wtf --single-version-externally-managed
[0.797s] /home/jakub/.local/lib/python3.8/site-packages/setuptools/dist.py:744: SetuptoolsDeprecationWarning: Invalid dash-separated options
[0.797s] !!
[0.798s] 
[0.798s]         ********************************************************************************
[0.798s]         Usage of dash-separated 'script-dir' will not be supported in future
[0.798s]         versions. Please use the underscore name 'script_dir' instead.
[0.798s] 
[0.798s]         By 2023-Sep-26, you need to update your project and remove deprecated calls
[0.798s]         or your builds will no longer be supported.
[0.798s] 
[0.798s]         See https://setuptools.pypa.io/en/latest/userguide/declarative_config.html for details.
[0.798s]         ********************************************************************************
[0.798s] 
[0.798s] !!
[0.798s]   opt = self.warn_dash_deprecation(opt, section)
[0.851s] running egg_info
[0.859s] writing ../../build/wtf/wtf.egg-info/PKG-INFO
[0.859s] writing dependency_links to ../../build/wtf/wtf.egg-info/dependency_links.txt
[0.859s] writing entry points to ../../build/wtf/wtf.egg-info/entry_points.txt
[0.859s] writing requirements to ../../build/wtf/wtf.egg-info/requires.txt
[0.859s] writing top-level names to ../../build/wtf/wtf.egg-info/top_level.txt
[0.930s] reading manifest file '../../build/wtf/wtf.egg-info/SOURCES.txt'
[0.930s] writing manifest file '../../build/wtf/wtf.egg-info/SOURCES.txt'
[0.930s] running build
[0.931s] running build_py
[0.931s] running install
[0.931s] /home/jakub/.local/lib/python3.8/site-packages/setuptools/_distutils/cmd.py:66: SetuptoolsDeprecationWarning: setup.py install is deprecated.
[0.931s] !!
[0.931s] 
[0.931s]         ********************************************************************************
[0.931s]         Please avoid running ``setup.py`` directly.
[0.931s]         Instead, use pypa/build, pypa/installer or other
[0.931s]         standards-based tools.
[0.931s] 
[0.931s]         See https://blog.ganssle.io/articles/2021/10/setup-py-deprecated.html for details.
[0.931s]         ********************************************************************************
[0.931s] 
[0.931s] !!
[0.931s]   self.initialize_options()
[0.933s] running install_lib
[0.942s] running install_data
[0.951s] copying description/lidar.xacro -> /home/jakub/wtf_ws/install/wtf/share/wtf/description
[0.951s] copying config/nav2_params.yaml -> /home/jakub/wtf_ws/install/wtf/share/wtf/config
[0.951s] running install_egg_info
[0.960s] removing '/home/jakub/wtf_ws/install/wtf/lib/python3.8/site-packages/wtf-0.0.0-py3.8.egg-info' (and everything under it)
[0.960s] Copying ../../build/wtf/wtf.egg-info to /home/jakub/wtf_ws/install/wtf/lib/python3.8/site-packages/wtf-0.0.0-py3.8.egg-info
[0.960s] running install_scripts
[0.986s] Installing scan_publisher script to /home/jakub/wtf_ws/install/wtf/lib/wtf
[0.986s] writing list of installed files to '/home/jakub/wtf_ws/build/wtf/install.log'
[1.002s] Invoked command in '/home/jakub/wtf_ws/src/wtf' returned '0': PYTHONPATH=/home/jakub/wtf_ws/build/wtf/prefix_override:/home/jakub/wtf_ws/install/wtf/lib/python3.8/site-packages:${PYTHONPATH} /usr/bin/python3 setup.py egg_info --egg-base ../../build/wtf build --build-base /home/jakub/wtf_ws/build/wtf/build install --record /home/jakub/wtf_ws/build/wtf/install.log --install-scripts $base/lib/wtf --single-version-externally-managed
