running develop
running egg_info
writing ../../build/wtf/wtf.egg-info/PKG-INFO
writing dependency_links to ../../build/wtf/wtf.egg-info/dependency_links.txt
writing entry points to ../../build/wtf/wtf.egg-info/entry_points.txt
writing requirements to ../../build/wtf/wtf.egg-info/requires.txt
writing top-level names to ../../build/wtf/wtf.egg-info/top_level.txt
reading manifest file '../../build/wtf/wtf.egg-info/SOURCES.txt'
writing manifest file '../../build/wtf/wtf.egg-info/SOURCES.txt'
running build
running build_py
copying wtf/scan_publisher.py -> /home/jakub/wtf_ws/build/wtf/build/lib/wtf
running install
running install_lib
copying /home/jakub/wtf_ws/build/wtf/build/lib/wtf/scan_publisher.py -> /home/jakub/wtf_ws/install/wtf/lib/python3.8/site-packages/wtf
byte-compiling /home/jakub/wtf_ws/install/wtf/lib/python3.8/site-packages/wtf/scan_publisher.py to scan_publisher.cpython-38.pyc
running install_data
copying config/nav2_params.yaml -> /home/jakub/wtf_ws/install/wtf/share/wtf/config
running install_egg_info
removing '/home/jakub/wtf_ws/install/wtf/lib/python3.8/site-packages/wtf-0.0.0-py3.8.egg-info' (and everything under it)
Copying ../../build/wtf/wtf.egg-info to /home/jakub/wtf_ws/install/wtf/lib/python3.8/site-packages/wtf-0.0.0-py3.8.egg-info
running install_scripts
Installing const_scan script to /home/jakub/wtf_ws/install/wtf/lib/wtf
Installing scan_publisher script to /home/jakub/wtf_ws/install/wtf/lib/wtf
writing list of installed files to '/home/jakub/wtf_ws/build/wtf/install.log'
