[0.456s] Invoking command in '/home/jakub/wtf_ws/build/wtf': PYTHONPATH=/home/jakub/wtf_ws/build/wtf/prefix_override:/home/jakub/wtf_ws/install/wtf/lib/python3.8/site-packages:${PYTHONPATH} /usr/bin/python3 setup.py develop --uninstall --editable --build-directory /home/jakub/wtf_ws/build/wtf/build
[0.526s] /home/jakub/.local/lib/python3.8/site-packages/setuptools/dist.py:744: SetuptoolsDeprecationWarning: Invalid dash-separated options
[0.526s] !!
[0.527s] 
[0.527s]         ********************************************************************************
[0.527s]         Usage of dash-separated 'script-dir' will not be supported in future
[0.527s]         versions. Please use the underscore name 'script_dir' instead.
[0.527s] 
[0.527s]         By 2023-Sep-26, you need to update your project and remove deprecated calls
[0.527s]         or your builds will no longer be supported.
[0.527s] 
[0.527s]         See https://setuptools.pypa.io/en/latest/userguide/declarative_config.html for details.
[0.527s]         ********************************************************************************
[0.527s] 
[0.527s] !!
[0.527s]   opt = self.warn_dash_deprecation(opt, section)
[0.635s] running develop
[0.635s] /home/jakub/.local/lib/python3.8/site-packages/setuptools/command/develop.py:40: EasyInstallDeprecationWarning: easy_install command is deprecated.
[0.635s] !!
[0.635s] 
[0.635s]         ********************************************************************************
[0.635s]         Please avoid running ``setup.py`` and ``easy_install``.
[0.635s]         Instead, use pypa/build, pypa/installer or other
[0.635s]         standards-based tools.
[0.635s] 
[0.635s]         See https://github.com/pypa/setuptools/issues/917 for details.
[0.635s]         ********************************************************************************
[0.636s] 
[0.636s] !!
[0.636s]   easy_install.initialize_options(self)
[0.652s] /home/jakub/.local/lib/python3.8/site-packages/setuptools/_distutils/cmd.py:66: SetuptoolsDeprecationWarning: setup.py install is deprecated.
[0.653s] !!
[0.653s] 
[0.653s]         ********************************************************************************
[0.653s]         Please avoid running ``setup.py`` directly.
[0.653s]         Instead, use pypa/build, pypa/installer or other
[0.653s]         standards-based tools.
[0.653s] 
[0.653s]         See https://blog.ganssle.io/articles/2021/10/setup-py-deprecated.html for details.
[0.653s]         ********************************************************************************
[0.653s] 
[0.653s] !!
[0.653s]   self.initialize_options()
[0.756s] Invoked command in '/home/jakub/wtf_ws/build/wtf' returned '0': PYTHONPATH=/home/jakub/wtf_ws/build/wtf/prefix_override:/home/jakub/wtf_ws/install/wtf/lib/python3.8/site-packages:${PYTHONPATH} /usr/bin/python3 setup.py develop --uninstall --editable --build-directory /home/jakub/wtf_ws/build/wtf/build
[0.757s] Invoking command in '/home/jakub/wtf_ws/src/wtf': PYTHONPATH=/home/jakub/wtf_ws/build/wtf/prefix_override:/home/jakub/wtf_ws/install/wtf/lib/python3.8/site-packages:${PYTHONPATH} /usr/bin/python3 setup.py egg_info --egg-base ../../build/wtf build --build-base /home/jakub/wtf_ws/build/wtf/build install --record /home/jakub/wtf_ws/build/wtf/install.log --install-scripts $base/lib/wtf --single-version-externally-managed
[0.821s] /home/jakub/.local/lib/python3.8/site-packages/setuptools/dist.py:744: SetuptoolsDeprecationWarning: Invalid dash-separated options
[0.821s] !!
[0.821s] 
[0.821s]         ********************************************************************************
[0.821s]         Usage of dash-separated 'script-dir' will not be supported in future
[0.821s]         versions. Please use the underscore name 'script_dir' instead.
[0.821s] 
[0.821s]         By 2023-Sep-26, you need to update your project and remove deprecated calls
[0.821s]         or your builds will no longer be supported.
[0.821s] 
[0.821s]         See https://setuptools.pypa.io/en/latest/userguide/declarative_config.html for details.
[0.821s]         ********************************************************************************
[0.821s] 
[0.821s] !!
[0.821s]   opt = self.warn_dash_deprecation(opt, section)
[0.873s] running egg_info
[0.881s] writing ../../build/wtf/wtf.egg-info/PKG-INFO
[0.881s] writing dependency_links to ../../build/wtf/wtf.egg-info/dependency_links.txt
[0.881s] writing entry points to ../../build/wtf/wtf.egg-info/entry_points.txt
[0.881s] writing requirements to ../../build/wtf/wtf.egg-info/requires.txt
[0.881s] writing top-level names to ../../build/wtf/wtf.egg-info/top_level.txt
[0.950s] reading manifest file '../../build/wtf/wtf.egg-info/SOURCES.txt'
[0.950s] writing manifest file '../../build/wtf/wtf.egg-info/SOURCES.txt'
[0.951s] running build
[0.951s] running build_py
[0.951s] copying wtf/scan_publisher.py -> /home/jakub/wtf_ws/build/wtf/build/lib/wtf
[0.951s] /home/jakub/.local/lib/python3.8/site-packages/setuptools/_distutils/cmd.py:66: SetuptoolsDeprecationWarning: setup.py install is deprecated.
[0.951s] !!
[0.951s] 
[0.951s]         ********************************************************************************
[0.951s]         Please avoid running ``setup.py`` directly.
[0.951s]         Instead, use pypa/build, pypa/installer or other
[0.951s]         standards-based tools.
[0.951s] 
[0.951s]         See https://blog.ganssle.io/articles/2021/10/setup-py-deprecated.html for details.
[0.951s]         ********************************************************************************
[0.951s] 
[0.951s] !!
[0.951s]   self.initialize_options()
[0.952s] running install
[0.954s] running install_lib
[0.962s] copying /home/jakub/wtf_ws/build/wtf/build/lib/wtf/scan_publisher.py -> /home/jakub/wtf_ws/install/wtf/lib/python3.8/site-packages/wtf
[0.963s] byte-compiling /home/jakub/wtf_ws/install/wtf/lib/python3.8/site-packages/wtf/scan_publisher.py to scan_publisher.cpython-38.pyc
[0.963s] running install_data
[0.972s] running install_egg_info
[0.981s] removing '/home/jakub/wtf_ws/install/wtf/lib/python3.8/site-packages/wtf-0.0.0-py3.8.egg-info' (and everything under it)
[0.981s] Copying ../../build/wtf/wtf.egg-info to /home/jakub/wtf_ws/install/wtf/lib/python3.8/site-packages/wtf-0.0.0-py3.8.egg-info
[0.981s] running install_scripts
[1.006s] Installing const_scan script to /home/jakub/wtf_ws/install/wtf/lib/wtf
[1.006s] Installing scan_publisher script to /home/jakub/wtf_ws/install/wtf/lib/wtf
[1.007s] writing list of installed files to '/home/jakub/wtf_ws/build/wtf/install.log'
[1.021s] Invoked command in '/home/jakub/wtf_ws/src/wtf' returned '0': PYTHONPATH=/home/jakub/wtf_ws/build/wtf/prefix_override:/home/jakub/wtf_ws/install/wtf/lib/python3.8/site-packages:${PYTHONPATH} /usr/bin/python3 setup.py egg_info --egg-base ../../build/wtf build --build-base /home/jakub/wtf_ws/build/wtf/build install --record /home/jakub/wtf_ws/build/wtf/install.log --install-scripts $base/lib/wtf --single-version-externally-managed
