[0.450s] Invoking command in '/home/jakub/wtf_ws/build/wtf': PYTHONPATH=/home/jakub/wtf_ws/build/wtf/prefix_override:/home/jakub/wtf_ws/install/wtf/lib/python3.8/site-packages:${PYTHONPATH} /usr/bin/python3 setup.py develop --uninstall --editable --build-directory /home/jakub/wtf_ws/build/wtf/build
[0.521s] /home/jakub/.local/lib/python3.8/site-packages/setuptools/dist.py:744: SetuptoolsDeprecationWarning: Invalid dash-separated options
[0.521s] !!
[0.521s] 
[0.521s]         ********************************************************************************
[0.521s]         Usage of dash-separated 'script-dir' will not be supported in future
[0.521s]         versions. Please use the underscore name 'script_dir' instead.
[0.521s] 
[0.521s]         By 2023-Sep-26, you need to update your project and remove deprecated calls
[0.521s]         or your builds will no longer be supported.
[0.521s] 
[0.521s]         See https://setuptools.pypa.io/en/latest/userguide/declarative_config.html for details.
[0.521s]         ********************************************************************************
[0.521s] 
[0.521s] !!
[0.521s]   opt = self.warn_dash_deprecation(opt, section)
[0.626s] running develop
[0.627s] /home/jakub/.local/lib/python3.8/site-packages/setuptools/command/develop.py:40: EasyInstallDeprecationWarning: easy_install command is deprecated.
[0.627s] !!
[0.628s] 
[0.628s]         ********************************************************************************
[0.628s]         Please avoid running ``setup.py`` and ``easy_install``.
[0.628s]         Instead, use pypa/build, pypa/installer or other
[0.628s]         standards-based tools.
[0.628s] 
[0.628s]         See https://github.com/pypa/setuptools/issues/917 for details.
[0.628s]         ********************************************************************************
[0.628s] 
[0.628s] !!
[0.628s]   easy_install.initialize_options(self)
[0.645s] /home/jakub/.local/lib/python3.8/site-packages/setuptools/_distutils/cmd.py:66: SetuptoolsDeprecationWarning: setup.py install is deprecated.
[0.645s] !!
[0.645s] 
[0.645s]         ********************************************************************************
[0.645s]         Please avoid running ``setup.py`` directly.
[0.645s]         Instead, use pypa/build, pypa/installer or other
[0.645s]         standards-based tools.
[0.645s] 
[0.645s]         See https://blog.ganssle.io/articles/2021/10/setup-py-deprecated.html for details.
[0.645s]         ********************************************************************************
[0.645s] 
[0.645s] !!
[0.645s]   self.initialize_options()
[0.754s] Invoked command in '/home/jakub/wtf_ws/build/wtf' returned '0': PYTHONPATH=/home/jakub/wtf_ws/build/wtf/prefix_override:/home/jakub/wtf_ws/install/wtf/lib/python3.8/site-packages:${PYTHONPATH} /usr/bin/python3 setup.py develop --uninstall --editable --build-directory /home/jakub/wtf_ws/build/wtf/build
[0.754s] Invoking command in '/home/jakub/wtf_ws/src/wtf': PYTHONPATH=/home/jakub/wtf_ws/build/wtf/prefix_override:/home/jakub/wtf_ws/install/wtf/lib/python3.8/site-packages:${PYTHONPATH} /usr/bin/python3 setup.py egg_info --egg-base ../../build/wtf build --build-base /home/jakub/wtf_ws/build/wtf/build install --record /home/jakub/wtf_ws/build/wtf/install.log --install-scripts $base/lib/wtf --single-version-externally-managed
[0.824s] /home/jakub/.local/lib/python3.8/site-packages/setuptools/dist.py:744: SetuptoolsDeprecationWarning: Invalid dash-separated options
[0.824s] !!
[0.824s] 
[0.824s]         ********************************************************************************
[0.824s]         Usage of dash-separated 'script-dir' will not be supported in future
[0.824s]         versions. Please use the underscore name 'script_dir' instead.
[0.824s] 
[0.824s]         By 2023-Sep-26, you need to update your project and remove deprecated calls
[0.824s]         or your builds will no longer be supported.
[0.824s] 
[0.824s]         See https://setuptools.pypa.io/en/latest/userguide/declarative_config.html for details.
[0.824s]         ********************************************************************************
[0.824s] 
[0.824s] !!
[0.824s]   opt = self.warn_dash_deprecation(opt, section)
[0.880s] running egg_info
[0.889s] writing ../../build/wtf/wtf.egg-info/PKG-INFO
[0.889s] writing dependency_links to ../../build/wtf/wtf.egg-info/dependency_links.txt
[0.889s] writing entry points to ../../build/wtf/wtf.egg-info/entry_points.txt
[0.889s] writing requirements to ../../build/wtf/wtf.egg-info/requires.txt
[0.889s] writing top-level names to ../../build/wtf/wtf.egg-info/top_level.txt
[0.965s] reading manifest file '../../build/wtf/wtf.egg-info/SOURCES.txt'
[0.965s] writing manifest file '../../build/wtf/wtf.egg-info/SOURCES.txt'
[0.965s] running build
[0.965s] running build_py
[0.965s] running install
[0.966s] /home/jakub/.local/lib/python3.8/site-packages/setuptools/_distutils/cmd.py:66: SetuptoolsDeprecationWarning: setup.py install is deprecated.
[0.966s] !!
[0.966s] 
[0.966s]         ********************************************************************************
[0.966s]         Please avoid running ``setup.py`` directly.
[0.966s]         Instead, use pypa/build, pypa/installer or other
[0.966s]         standards-based tools.
[0.966s] 
[0.966s]         See https://blog.ganssle.io/articles/2021/10/setup-py-deprecated.html for details.
[0.966s]         ********************************************************************************
[0.966s] 
[0.966s] !!
[0.966s]   self.initialize_options()
[0.968s] running install_lib
[0.978s] running install_data
[0.987s] copying description/inertial_macros.xacro -> /home/jakub/wtf_ws/install/wtf/share/wtf/description
[0.987s] copying description/robot_core.xacro -> /home/jakub/wtf_ws/install/wtf/share/wtf/description
[0.987s] running install_egg_info
[0.997s] removing '/home/jakub/wtf_ws/install/wtf/lib/python3.8/site-packages/wtf-0.0.0-py3.8.egg-info' (and everything under it)
[0.997s] Copying ../../build/wtf/wtf.egg-info to /home/jakub/wtf_ws/install/wtf/lib/python3.8/site-packages/wtf-0.0.0-py3.8.egg-info
[0.997s] running install_scripts
[1.025s] Installing scan_publisher script to /home/jakub/wtf_ws/install/wtf/lib/wtf
[1.025s] writing list of installed files to '/home/jakub/wtf_ws/build/wtf/install.log'
[1.041s] Invoked command in '/home/jakub/wtf_ws/src/wtf' returned '0': PYTHONPATH=/home/jakub/wtf_ws/build/wtf/prefix_override:/home/jakub/wtf_ws/install/wtf/lib/python3.8/site-packages:${PYTHONPATH} /usr/bin/python3 setup.py egg_info --egg-base ../../build/wtf build --build-base /home/jakub/wtf_ws/build/wtf/build install --record /home/jakub/wtf_ws/build/wtf/install.log --install-scripts $base/lib/wtf --single-version-externally-managed
